[0.013s] Invoking command in '/home/arjun/SMART-LAB-ITAP-WEBOTS/build/robot_interfaces': CMAKE_PREFIX_PATH=${CMAKE_PREFIX_PATH}:/home/arjun/SMART-LAB-ITAP-WEBOTS/install/webots_ros2_turtlebot:/home/arjun/SMART-LAB-ITAP-WEBOTS/install/webots_ros2_multi_agent:/home/arjun/SMART-LAB-ITAP-WEBOTS/install/webots_ros2_mavic:/home/arjun/SMART-LAB-ITAP-WEBOTS/install/webots_ros2_epuck:/opt/ros/humble /usr/bin/cmake --build /home/arjun/SMART-LAB-ITAP-WEBOTS/build/robot_interfaces -- -j12 -l12
[0.032s] -- Found ament_cmake: 1.3.4 (/opt/ros/humble/share/ament_cmake/cmake)
[0.161s] -- Found ament_lint_auto: 0.12.6 (/opt/ros/humble/share/ament_lint_auto/cmake)
[0.217s] -- Found rosidl_default_generators: 1.2.0 (/opt/ros/humble/share/rosidl_default_generators/cmake)
[0.219s] -- Using all available rosidl_typesupport_c: rosidl_typesupport_fastrtps_c;rosidl_typesupport_introspection_c
[0.222s] -- Found rosidl_adapter: 3.1.4 (/opt/ros/humble/share/rosidl_adapter/cmake)
[0.250s] -- Using all available rosidl_typesupport_cpp: rosidl_typesupport_fastrtps_cpp;rosidl_typesupport_introspection_cpp
[0.430s] -- Found ament_cmake_ros: 0.10.0 (/opt/ros/humble/share/ament_cmake_ros/cmake)
[0.600s] -- Using all available rosidl_typesupport_c: rosidl_typesupport_fastrtps_c;rosidl_typesupport_introspection_c
[0.808s] -- Using all available rosidl_typesupport_cpp: rosidl_typesupport_fastrtps_cpp;rosidl_typesupport_introspection_cpp
[0.828s] -- Found python_cmake_module: 0.10.0 (/opt/ros/humble/share/python_cmake_module/cmake)
[0.848s] -- Using PYTHON_EXECUTABLE: /usr/bin/python3
[0.848s] -- Using PYTHON_INCLUDE_DIRS: /usr/include/python3.10
[0.848s] -- Using PYTHON_LIBRARIES: /usr/lib/x86_64-linux-gnu/libpython3.10.so
[0.860s] -- Added test 'lint_cmake' to check CMake code style
[0.861s] -- Added test 'xmllint' to check XML markup files
[0.864s] -- Configuring done
[0.889s] -- Generating done
[0.893s] -- Build files have been written to: /home/arjun/SMART-LAB-ITAP-WEBOTS/build/robot_interfaces
[0.913s] [  3%] [34m[1mGenerating C code for ROS interfaces[0m
[0.921s] [  6%] [34m[1mGenerating C++ code for ROS interfaces[0m
[0.930s] [  6%] Built target ament_cmake_python_copy_robot_interfaces
[1.139s] [  6%] Built target robot_interfaces__cpp
[1.148s] [35m[1mConsolidate compiler generated dependencies of target robot_interfaces__rosidl_generator_c[0m
[1.148s] [ 12%] [34m[1mGenerating C++ type support for eProsima Fast-RTPS[0m
[1.148s] [ 16%] [34m[1mGenerating C++ introspection for ROS interfaces[0m
[1.148s] [ 16%] [34m[1mGenerating C++ type support dispatch for ROS interfaces[0m
[1.158s] [ 19%] [32mBuilding C object CMakeFiles/robot_interfaces__rosidl_generator_c.dir/rosidl_generator_c/robot_interfaces/msg/detail/diverse_array__functions.c.o[0m
[1.179s] running egg_info
[1.180s] writing robot_interfaces.egg-info/PKG-INFO
[1.180s] writing dependency_links to robot_interfaces.egg-info/dependency_links.txt
[1.181s] writing top-level names to robot_interfaces.egg-info/top_level.txt
[1.184s] reading manifest file 'robot_interfaces.egg-info/SOURCES.txt'
[1.185s] writing manifest file 'robot_interfaces.egg-info/SOURCES.txt'
[1.204s] [ 22%] [32m[1mLinking C shared library librobot_interfaces__rosidl_generator_c.so[0m
[1.215s] [ 22%] Built target ament_cmake_python_build_robot_interfaces_egg
[1.237s] [ 22%] Built target robot_interfaces__rosidl_generator_c
[1.246s] [ 29%] [34m[1mGenerating C introspection for ROS interfaces[0m
[1.246s] [ 29%] [34m[1mGenerating C type support dispatch for ROS interfaces[0m
[1.246s] [ 32%] [34m[1mGenerating C type support for eProsima Fast-RTPS[0m
[1.367s] [35m[1mConsolidate compiler generated dependencies of target robot_interfaces__rosidl_typesupport_cpp[0m
[1.378s] [35m[1mConsolidate compiler generated dependencies of target robot_interfaces__rosidl_typesupport_introspection_cpp[0m
[1.380s] [ 35%] [32mBuilding CXX object CMakeFiles/robot_interfaces__rosidl_typesupport_cpp.dir/rosidl_typesupport_cpp/robot_interfaces/msg/diverse_array__type_support.cpp.o[0m
[1.388s] [35m[1mConsolidate compiler generated dependencies of target robot_interfaces__rosidl_typesupport_fastrtps_cpp[0m
[1.390s] [ 38%] [32mBuilding CXX object CMakeFiles/robot_interfaces__rosidl_typesupport_introspection_cpp.dir/rosidl_typesupport_introspection_cpp/robot_interfaces/msg/detail/diverse_array__type_support.cpp.o[0m
[1.401s] [ 41%] [32mBuilding CXX object CMakeFiles/robot_interfaces__rosidl_typesupport_fastrtps_cpp.dir/rosidl_typesupport_fastrtps_cpp/robot_interfaces/msg/detail/dds_fastrtps/diverse_array__type_support.cpp.o[0m
[1.458s] [35m[1mConsolidate compiler generated dependencies of target robot_interfaces__rosidl_typesupport_c[0m
[1.470s] [ 45%] [32mBuilding CXX object CMakeFiles/robot_interfaces__rosidl_typesupport_c.dir/rosidl_typesupport_c/robot_interfaces/msg/diverse_array__type_support.cpp.o[0m
[1.482s] [35m[1mConsolidate compiler generated dependencies of target robot_interfaces__rosidl_typesupport_introspection_c[0m
[1.491s] [35m[1mConsolidate compiler generated dependencies of target robot_interfaces__rosidl_typesupport_fastrtps_c[0m
[1.492s] [ 48%] [32mBuilding C object CMakeFiles/robot_interfaces__rosidl_typesupport_introspection_c.dir/rosidl_typesupport_introspection_c/robot_interfaces/msg/detail/diverse_array__type_support.c.o[0m
[1.499s] [ 51%] [32m[1mLinking CXX shared library librobot_interfaces__rosidl_typesupport_c.so[0m
[1.504s] [ 54%] [32mBuilding CXX object CMakeFiles/robot_interfaces__rosidl_typesupport_fastrtps_c.dir/rosidl_typesupport_fastrtps_c/robot_interfaces/msg/detail/diverse_array__type_support_c.cpp.o[0m
[1.524s] [ 58%] [32m[1mLinking C shared library librobot_interfaces__rosidl_typesupport_introspection_c.so[0m
[1.540s] [ 58%] Built target robot_interfaces__rosidl_typesupport_c
[1.554s] [ 58%] Built target robot_interfaces__rosidl_typesupport_introspection_c
[1.641s] [ 61%] [32m[1mLinking CXX shared library librobot_interfaces__rosidl_typesupport_cpp.so[0m
[1.681s] [ 61%] Built target robot_interfaces__rosidl_typesupport_cpp
[1.743s] [ 64%] [32m[1mLinking CXX shared library librobot_interfaces__rosidl_typesupport_introspection_cpp.so[0m
[1.779s] [ 67%] [32m[1mLinking CXX shared library librobot_interfaces__rosidl_typesupport_fastrtps_cpp.so[0m
[1.806s] [ 67%] Built target robot_interfaces__rosidl_typesupport_introspection_cpp
[1.822s] [ 70%] [32m[1mLinking CXX shared library librobot_interfaces__rosidl_typesupport_fastrtps_c.so[0m
[1.849s] [ 70%] Built target robot_interfaces__rosidl_typesupport_fastrtps_cpp
[1.886s] [ 70%] Built target robot_interfaces__rosidl_typesupport_fastrtps_c
[1.902s] [ 70%] Built target robot_interfaces
[1.919s] [ 74%] [34m[1mGenerating Python code for ROS interfaces[0m
[2.168s] [ 74%] Built target robot_interfaces__py
[2.176s] [35m[1mConsolidate compiler generated dependencies of target robot_interfaces__rosidl_generator_py[0m
[2.187s] [ 77%] [32mBuilding C object CMakeFiles/robot_interfaces__rosidl_generator_py.dir/rosidl_generator_py/robot_interfaces/msg/_diverse_array_s.c.o[0m
[2.273s] [ 80%] [32m[1mLinking C shared library rosidl_generator_py/robot_interfaces/librobot_interfaces__rosidl_generator_py.so[0m
[2.305s] [ 80%] Built target robot_interfaces__rosidl_generator_py
[2.314s] [35m[1mConsolidate compiler generated dependencies of target robot_interfaces__rosidl_typesupport_c__pyext[0m
[2.314s] [35m[1mConsolidate compiler generated dependencies of target robot_interfaces__rosidl_typesupport_fastrtps_c__pyext[0m
[2.314s] [35m[1mConsolidate compiler generated dependencies of target robot_interfaces__rosidl_typesupport_introspection_c__pyext[0m
[2.326s] [ 90%] [32mBuilding C object CMakeFiles/robot_interfaces__rosidl_typesupport_c__pyext.dir/rosidl_generator_py/robot_interfaces/_robot_interfaces_s.ep.rosidl_typesupport_c.c.o[0m
[2.326s] [ 90%] [32mBuilding C object CMakeFiles/robot_interfaces__rosidl_typesupport_fastrtps_c__pyext.dir/rosidl_generator_py/robot_interfaces/_robot_interfaces_s.ep.rosidl_typesupport_fastrtps_c.c.o[0m
[2.326s] [ 90%] [32mBuilding C object CMakeFiles/robot_interfaces__rosidl_typesupport_introspection_c__pyext.dir/rosidl_generator_py/robot_interfaces/_robot_interfaces_s.ep.rosidl_typesupport_introspection_c.c.o[0m
[2.406s] [ 96%] [32m[1mLinking C shared library rosidl_generator_py/robot_interfaces/robot_interfaces_s__rosidl_typesupport_c.cpython-310-x86_64-linux-gnu.so[0m
[2.406s] [ 96%] [32m[1mLinking C shared library rosidl_generator_py/robot_interfaces/robot_interfaces_s__rosidl_typesupport_introspection_c.cpython-310-x86_64-linux-gnu.so[0m
[2.408s] [100%] [32m[1mLinking C shared library rosidl_generator_py/robot_interfaces/robot_interfaces_s__rosidl_typesupport_fastrtps_c.cpython-310-x86_64-linux-gnu.so[0m
[2.435s] [100%] Built target robot_interfaces__rosidl_typesupport_introspection_c__pyext
[2.435s] [100%] Built target robot_interfaces__rosidl_typesupport_c__pyext
[2.437s] [100%] Built target robot_interfaces__rosidl_typesupport_fastrtps_c__pyext
[2.447s] Invoked command in '/home/arjun/SMART-LAB-ITAP-WEBOTS/build/robot_interfaces' returned '0': CMAKE_PREFIX_PATH=${CMAKE_PREFIX_PATH}:/home/arjun/SMART-LAB-ITAP-WEBOTS/install/webots_ros2_turtlebot:/home/arjun/SMART-LAB-ITAP-WEBOTS/install/webots_ros2_multi_agent:/home/arjun/SMART-LAB-ITAP-WEBOTS/install/webots_ros2_mavic:/home/arjun/SMART-LAB-ITAP-WEBOTS/install/webots_ros2_epuck:/opt/ros/humble /usr/bin/cmake --build /home/arjun/SMART-LAB-ITAP-WEBOTS/build/robot_interfaces -- -j12 -l12
[2.507s] Invoking command in '/home/arjun/SMART-LAB-ITAP-WEBOTS/build/robot_interfaces': CMAKE_PREFIX_PATH=${CMAKE_PREFIX_PATH}:/home/arjun/SMART-LAB-ITAP-WEBOTS/install/webots_ros2_turtlebot:/home/arjun/SMART-LAB-ITAP-WEBOTS/install/webots_ros2_multi_agent:/home/arjun/SMART-LAB-ITAP-WEBOTS/install/webots_ros2_mavic:/home/arjun/SMART-LAB-ITAP-WEBOTS/install/webots_ros2_epuck:/opt/ros/humble /usr/bin/cmake --install /home/arjun/SMART-LAB-ITAP-WEBOTS/build/robot_interfaces
[2.513s] -- Install configuration: ""
[2.514s] -- Up-to-date: /home/arjun/SMART-LAB-ITAP-WEBOTS/install/robot_interfaces/share/ament_index/resource_index/rosidl_interfaces/robot_interfaces
[2.514s] -- Up-to-date: /home/arjun/SMART-LAB-ITAP-WEBOTS/install/robot_interfaces/include/robot_interfaces/robot_interfaces
[2.514s] -- Up-to-date: /home/arjun/SMART-LAB-ITAP-WEBOTS/install/robot_interfaces/include/robot_interfaces/robot_interfaces/msg
[2.514s] -- Installing: /home/arjun/SMART-LAB-ITAP-WEBOTS/install/robot_interfaces/include/robot_interfaces/robot_interfaces/msg/diverse_array.h
[2.514s] -- Up-to-date: /home/arjun/SMART-LAB-ITAP-WEBOTS/install/robot_interfaces/include/robot_interfaces/robot_interfaces/msg/rosidl_generator_c__visibility_control.h
[2.514s] -- Up-to-date: /home/arjun/SMART-LAB-ITAP-WEBOTS/install/robot_interfaces/include/robot_interfaces/robot_interfaces/msg/detail
[2.514s] -- Installing: /home/arjun/SMART-LAB-ITAP-WEBOTS/install/robot_interfaces/include/robot_interfaces/robot_interfaces/msg/detail/diverse_array__struct.h
[2.514s] -- Installing: /home/arjun/SMART-LAB-ITAP-WEBOTS/install/robot_interfaces/include/robot_interfaces/robot_interfaces/msg/detail/diverse_array__type_support.h
[2.514s] -- Installing: /home/arjun/SMART-LAB-ITAP-WEBOTS/install/robot_interfaces/include/robot_interfaces/robot_interfaces/msg/detail/diverse_array__functions.h
[2.514s] -- Installing: /home/arjun/SMART-LAB-ITAP-WEBOTS/install/robot_interfaces/include/robot_interfaces/robot_interfaces/msg/detail/diverse_array__functions.c
[2.514s] -- Up-to-date: /home/arjun/SMART-LAB-ITAP-WEBOTS/install/robot_interfaces/share/robot_interfaces/environment/library_path.sh
[2.514s] -- Installing: /home/arjun/SMART-LAB-ITAP-WEBOTS/install/robot_interfaces/share/robot_interfaces/environment/library_path.dsv
[2.514s] -- Installing: /home/arjun/SMART-LAB-ITAP-WEBOTS/install/robot_interfaces/lib/librobot_interfaces__rosidl_generator_c.so
[2.515s] -- Set runtime path of "/home/arjun/SMART-LAB-ITAP-WEBOTS/install/robot_interfaces/lib/librobot_interfaces__rosidl_generator_c.so" to ""
[2.515s] -- Up-to-date: /home/arjun/SMART-LAB-ITAP-WEBOTS/install/robot_interfaces/include/robot_interfaces/robot_interfaces
[2.515s] -- Up-to-date: /home/arjun/SMART-LAB-ITAP-WEBOTS/install/robot_interfaces/include/robot_interfaces/robot_interfaces/msg
[2.515s] -- Up-to-date: /home/arjun/SMART-LAB-ITAP-WEBOTS/install/robot_interfaces/include/robot_interfaces/robot_interfaces/msg/detail
[2.515s] -- Installing: /home/arjun/SMART-LAB-ITAP-WEBOTS/install/robot_interfaces/include/robot_interfaces/robot_interfaces/msg/detail/diverse_array__rosidl_typesupport_fastrtps_c.h
[2.515s] -- Up-to-date: /home/arjun/SMART-LAB-ITAP-WEBOTS/install/robot_interfaces/include/robot_interfaces/robot_interfaces/msg/rosidl_typesupport_fastrtps_c__visibility_control.h
[2.515s] -- Installing: /home/arjun/SMART-LAB-ITAP-WEBOTS/install/robot_interfaces/lib/librobot_interfaces__rosidl_typesupport_fastrtps_c.so
[2.516s] -- Set runtime path of "/home/arjun/SMART-LAB-ITAP-WEBOTS/install/robot_interfaces/lib/librobot_interfaces__rosidl_typesupport_fastrtps_c.so" to ""
[2.516s] -- Up-to-date: /home/arjun/SMART-LAB-ITAP-WEBOTS/install/robot_interfaces/include/robot_interfaces/robot_interfaces
[2.516s] -- Up-to-date: /home/arjun/SMART-LAB-ITAP-WEBOTS/install/robot_interfaces/include/robot_interfaces/robot_interfaces/msg
[2.516s] -- Up-to-date: /home/arjun/SMART-LAB-ITAP-WEBOTS/install/robot_interfaces/include/robot_interfaces/robot_interfaces/msg/rosidl_typesupport_introspection_c__visibility_control.h
[2.516s] -- Up-to-date: /home/arjun/SMART-LAB-ITAP-WEBOTS/install/robot_interfaces/include/robot_interfaces/robot_interfaces/msg/detail
[2.516s] -- Installing: /home/arjun/SMART-LAB-ITAP-WEBOTS/install/robot_interfaces/include/robot_interfaces/robot_interfaces/msg/detail/diverse_array__type_support.c
[2.516s] -- Installing: /home/arjun/SMART-LAB-ITAP-WEBOTS/install/robot_interfaces/include/robot_interfaces/robot_interfaces/msg/detail/diverse_array__rosidl_typesupport_introspection_c.h
[2.517s] -- Installing: /home/arjun/SMART-LAB-ITAP-WEBOTS/install/robot_interfaces/lib/librobot_interfaces__rosidl_typesupport_introspection_c.so
[2.517s] -- Set runtime path of "/home/arjun/SMART-LAB-ITAP-WEBOTS/install/robot_interfaces/lib/librobot_interfaces__rosidl_typesupport_introspection_c.so" to ""
[2.517s] -- Installing: /home/arjun/SMART-LAB-ITAP-WEBOTS/install/robot_interfaces/lib/librobot_interfaces__rosidl_typesupport_c.so
[2.517s] -- Set runtime path of "/home/arjun/SMART-LAB-ITAP-WEBOTS/install/robot_interfaces/lib/librobot_interfaces__rosidl_typesupport_c.so" to ""
[2.517s] -- Up-to-date: /home/arjun/SMART-LAB-ITAP-WEBOTS/install/robot_interfaces/include/robot_interfaces/robot_interfaces
[2.517s] -- Up-to-date: /home/arjun/SMART-LAB-ITAP-WEBOTS/install/robot_interfaces/include/robot_interfaces/robot_interfaces/msg
[2.518s] -- Installing: /home/arjun/SMART-LAB-ITAP-WEBOTS/install/robot_interfaces/include/robot_interfaces/robot_interfaces/msg/diverse_array.hpp
[2.518s] -- Up-to-date: /home/arjun/SMART-LAB-ITAP-WEBOTS/install/robot_interfaces/include/robot_interfaces/robot_interfaces/msg/detail
[2.518s] -- Installing: /home/arjun/SMART-LAB-ITAP-WEBOTS/install/robot_interfaces/include/robot_interfaces/robot_interfaces/msg/detail/diverse_array__traits.hpp
[2.518s] -- Installing: /home/arjun/SMART-LAB-ITAP-WEBOTS/install/robot_interfaces/include/robot_interfaces/robot_interfaces/msg/detail/diverse_array__struct.hpp
[2.518s] -- Installing: /home/arjun/SMART-LAB-ITAP-WEBOTS/install/robot_interfaces/include/robot_interfaces/robot_interfaces/msg/detail/diverse_array__builder.hpp
[2.518s] -- Up-to-date: /home/arjun/SMART-LAB-ITAP-WEBOTS/install/robot_interfaces/include/robot_interfaces/robot_interfaces
[2.518s] -- Up-to-date: /home/arjun/SMART-LAB-ITAP-WEBOTS/install/robot_interfaces/include/robot_interfaces/robot_interfaces/msg
[2.518s] -- Up-to-date: /home/arjun/SMART-LAB-ITAP-WEBOTS/install/robot_interfaces/include/robot_interfaces/robot_interfaces/msg/rosidl_typesupport_fastrtps_cpp__visibility_control.h
[2.518s] -- Up-to-date: /home/arjun/SMART-LAB-ITAP-WEBOTS/install/robot_interfaces/include/robot_interfaces/robot_interfaces/msg/detail
[2.518s] -- Installing: /home/arjun/SMART-LAB-ITAP-WEBOTS/install/robot_interfaces/include/robot_interfaces/robot_interfaces/msg/detail/diverse_array__rosidl_typesupport_fastrtps_cpp.hpp
[2.518s] -- Up-to-date: /home/arjun/SMART-LAB-ITAP-WEBOTS/install/robot_interfaces/include/robot_interfaces/robot_interfaces/msg/detail/dds_fastrtps
[2.518s] -- Installing: /home/arjun/SMART-LAB-ITAP-WEBOTS/install/robot_interfaces/lib/librobot_interfaces__rosidl_typesupport_fastrtps_cpp.so
[2.519s] -- Set runtime path of "/home/arjun/SMART-LAB-ITAP-WEBOTS/install/robot_interfaces/lib/librobot_interfaces__rosidl_typesupport_fastrtps_cpp.so" to ""
[2.519s] -- Up-to-date: /home/arjun/SMART-LAB-ITAP-WEBOTS/install/robot_interfaces/include/robot_interfaces/robot_interfaces
[2.519s] -- Up-to-date: /home/arjun/SMART-LAB-ITAP-WEBOTS/install/robot_interfaces/include/robot_interfaces/robot_interfaces/msg
[2.519s] -- Up-to-date: /home/arjun/SMART-LAB-ITAP-WEBOTS/install/robot_interfaces/include/robot_interfaces/robot_interfaces/msg/detail
[2.519s] -- Installing: /home/arjun/SMART-LAB-ITAP-WEBOTS/install/robot_interfaces/include/robot_interfaces/robot_interfaces/msg/detail/diverse_array__type_support.cpp
[2.519s] -- Installing: /home/arjun/SMART-LAB-ITAP-WEBOTS/install/robot_interfaces/include/robot_interfaces/robot_interfaces/msg/detail/diverse_array__rosidl_typesupport_introspection_cpp.hpp
[2.519s] -- Installing: /home/arjun/SMART-LAB-ITAP-WEBOTS/install/robot_interfaces/lib/librobot_interfaces__rosidl_typesupport_introspection_cpp.so
[2.520s] -- Set runtime path of "/home/arjun/SMART-LAB-ITAP-WEBOTS/install/robot_interfaces/lib/librobot_interfaces__rosidl_typesupport_introspection_cpp.so" to ""
[2.520s] -- Installing: /home/arjun/SMART-LAB-ITAP-WEBOTS/install/robot_interfaces/lib/librobot_interfaces__rosidl_typesupport_cpp.so
[2.520s] -- Set runtime path of "/home/arjun/SMART-LAB-ITAP-WEBOTS/install/robot_interfaces/lib/librobot_interfaces__rosidl_typesupport_cpp.so" to ""
[2.520s] -- Up-to-date: /home/arjun/SMART-LAB-ITAP-WEBOTS/install/robot_interfaces/share/robot_interfaces/environment/pythonpath.sh
[2.520s] -- Installing: /home/arjun/SMART-LAB-ITAP-WEBOTS/install/robot_interfaces/share/robot_interfaces/environment/pythonpath.dsv
[2.520s] -- Up-to-date: /home/arjun/SMART-LAB-ITAP-WEBOTS/install/robot_interfaces/local/lib/python3.10/dist-packages/robot_interfaces-0.0.0-py3.10.egg-info
[2.520s] -- Installing: /home/arjun/SMART-LAB-ITAP-WEBOTS/install/robot_interfaces/local/lib/python3.10/dist-packages/robot_interfaces-0.0.0-py3.10.egg-info/PKG-INFO
[2.520s] -- Installing: /home/arjun/SMART-LAB-ITAP-WEBOTS/install/robot_interfaces/local/lib/python3.10/dist-packages/robot_interfaces-0.0.0-py3.10.egg-info/dependency_links.txt
[2.521s] -- Installing: /home/arjun/SMART-LAB-ITAP-WEBOTS/install/robot_interfaces/local/lib/python3.10/dist-packages/robot_interfaces-0.0.0-py3.10.egg-info/SOURCES.txt
[2.521s] -- Installing: /home/arjun/SMART-LAB-ITAP-WEBOTS/install/robot_interfaces/local/lib/python3.10/dist-packages/robot_interfaces-0.0.0-py3.10.egg-info/top_level.txt
[2.521s] -- Up-to-date: /home/arjun/SMART-LAB-ITAP-WEBOTS/install/robot_interfaces/local/lib/python3.10/dist-packages/robot_interfaces
[2.521s] -- Up-to-date: /home/arjun/SMART-LAB-ITAP-WEBOTS/install/robot_interfaces/local/lib/python3.10/dist-packages/robot_interfaces/msg
[2.521s] -- Installing: /home/arjun/SMART-LAB-ITAP-WEBOTS/install/robot_interfaces/local/lib/python3.10/dist-packages/robot_interfaces/msg/_diverse_array_s.c
[2.521s] -- Installing: /home/arjun/SMART-LAB-ITAP-WEBOTS/install/robot_interfaces/local/lib/python3.10/dist-packages/robot_interfaces/msg/_diverse_array.py
[2.521s] -- Installing: /home/arjun/SMART-LAB-ITAP-WEBOTS/install/robot_interfaces/local/lib/python3.10/dist-packages/robot_interfaces/msg/__init__.py
[2.521s] -- Installing: /home/arjun/SMART-LAB-ITAP-WEBOTS/install/robot_interfaces/local/lib/python3.10/dist-packages/robot_interfaces/_robot_interfaces_s.ep.rosidl_typesupport_c.c
[2.521s] -- Installing: /home/arjun/SMART-LAB-ITAP-WEBOTS/install/robot_interfaces/local/lib/python3.10/dist-packages/robot_interfaces/robot_interfaces_s__rosidl_typesupport_c.cpython-310-x86_64-linux-gnu.so
[2.521s] -- Installing: /home/arjun/SMART-LAB-ITAP-WEBOTS/install/robot_interfaces/local/lib/python3.10/dist-packages/robot_interfaces/_robot_interfaces_s.ep.rosidl_typesupport_introspection_c.c
[2.521s] -- Installing: /home/arjun/SMART-LAB-ITAP-WEBOTS/install/robot_interfaces/local/lib/python3.10/dist-packages/robot_interfaces/_robot_interfaces_s.ep.rosidl_typesupport_fastrtps_c.c
[2.522s] -- Installing: /home/arjun/SMART-LAB-ITAP-WEBOTS/install/robot_interfaces/local/lib/python3.10/dist-packages/robot_interfaces/librobot_interfaces__rosidl_generator_py.so
[2.522s] -- Installing: /home/arjun/SMART-LAB-ITAP-WEBOTS/install/robot_interfaces/local/lib/python3.10/dist-packages/robot_interfaces/__init__.py
[2.522s] -- Installing: /home/arjun/SMART-LAB-ITAP-WEBOTS/install/robot_interfaces/local/lib/python3.10/dist-packages/robot_interfaces/robot_interfaces_s__rosidl_typesupport_fastrtps_c.cpython-310-x86_64-linux-gnu.so
[2.522s] -- Installing: /home/arjun/SMART-LAB-ITAP-WEBOTS/install/robot_interfaces/local/lib/python3.10/dist-packages/robot_interfaces/robot_interfaces_s__rosidl_typesupport_introspection_c.cpython-310-x86_64-linux-gnu.so
[2.552s] Listing '/home/arjun/SMART-LAB-ITAP-WEBOTS/install/robot_interfaces/local/lib/python3.10/dist-packages/robot_interfaces'...
[2.552s] Compiling '/home/arjun/SMART-LAB-ITAP-WEBOTS/install/robot_interfaces/local/lib/python3.10/dist-packages/robot_interfaces/__init__.py'...
[2.553s] Listing '/home/arjun/SMART-LAB-ITAP-WEBOTS/install/robot_interfaces/local/lib/python3.10/dist-packages/robot_interfaces/msg'...
[2.553s] Compiling '/home/arjun/SMART-LAB-ITAP-WEBOTS/install/robot_interfaces/local/lib/python3.10/dist-packages/robot_interfaces/msg/__init__.py'...
[2.553s] Compiling '/home/arjun/SMART-LAB-ITAP-WEBOTS/install/robot_interfaces/local/lib/python3.10/dist-packages/robot_interfaces/msg/_diverse_array.py'...
[2.556s] -- Installing: /home/arjun/SMART-LAB-ITAP-WEBOTS/install/robot_interfaces/local/lib/python3.10/dist-packages/robot_interfaces/robot_interfaces_s__rosidl_typesupport_fastrtps_c.cpython-310-x86_64-linux-gnu.so
[2.557s] -- Set runtime path of "/home/arjun/SMART-LAB-ITAP-WEBOTS/install/robot_interfaces/local/lib/python3.10/dist-packages/robot_interfaces/robot_interfaces_s__rosidl_typesupport_fastrtps_c.cpython-310-x86_64-linux-gnu.so" to ""
[2.557s] -- Installing: /home/arjun/SMART-LAB-ITAP-WEBOTS/install/robot_interfaces/local/lib/python3.10/dist-packages/robot_interfaces/robot_interfaces_s__rosidl_typesupport_introspection_c.cpython-310-x86_64-linux-gnu.so
[2.557s] -- Set runtime path of "/home/arjun/SMART-LAB-ITAP-WEBOTS/install/robot_interfaces/local/lib/python3.10/dist-packages/robot_interfaces/robot_interfaces_s__rosidl_typesupport_introspection_c.cpython-310-x86_64-linux-gnu.so" to ""
[2.557s] -- Installing: /home/arjun/SMART-LAB-ITAP-WEBOTS/install/robot_interfaces/local/lib/python3.10/dist-packages/robot_interfaces/robot_interfaces_s__rosidl_typesupport_c.cpython-310-x86_64-linux-gnu.so
[2.558s] -- Set runtime path of "/home/arjun/SMART-LAB-ITAP-WEBOTS/install/robot_interfaces/local/lib/python3.10/dist-packages/robot_interfaces/robot_interfaces_s__rosidl_typesupport_c.cpython-310-x86_64-linux-gnu.so" to ""
[2.558s] -- Installing: /home/arjun/SMART-LAB-ITAP-WEBOTS/install/robot_interfaces/lib/librobot_interfaces__rosidl_generator_py.so
[2.558s] -- Set runtime path of "/home/arjun/SMART-LAB-ITAP-WEBOTS/install/robot_interfaces/lib/librobot_interfaces__rosidl_generator_py.so" to ""
[2.558s] -- Installing: /home/arjun/SMART-LAB-ITAP-WEBOTS/install/robot_interfaces/share/robot_interfaces/msg/DiverseArray.idl
[2.559s] -- Installing: /home/arjun/SMART-LAB-ITAP-WEBOTS/install/robot_interfaces/share/robot_interfaces/msg/DiverseArray.msg
[2.559s] -- Up-to-date: /home/arjun/SMART-LAB-ITAP-WEBOTS/install/robot_interfaces/share/ament_index/resource_index/package_run_dependencies/robot_interfaces
[2.559s] -- Up-to-date: /home/arjun/SMART-LAB-ITAP-WEBOTS/install/robot_interfaces/share/ament_index/resource_index/parent_prefix_path/robot_interfaces
[2.559s] -- Up-to-date: /home/arjun/SMART-LAB-ITAP-WEBOTS/install/robot_interfaces/share/robot_interfaces/environment/ament_prefix_path.sh
[2.559s] -- Installing: /home/arjun/SMART-LAB-ITAP-WEBOTS/install/robot_interfaces/share/robot_interfaces/environment/ament_prefix_path.dsv
[2.559s] -- Up-to-date: /home/arjun/SMART-LAB-ITAP-WEBOTS/install/robot_interfaces/share/robot_interfaces/environment/path.sh
[2.559s] -- Installing: /home/arjun/SMART-LAB-ITAP-WEBOTS/install/robot_interfaces/share/robot_interfaces/environment/path.dsv
[2.559s] -- Up-to-date: /home/arjun/SMART-LAB-ITAP-WEBOTS/install/robot_interfaces/share/robot_interfaces/local_setup.bash
[2.559s] -- Up-to-date: /home/arjun/SMART-LAB-ITAP-WEBOTS/install/robot_interfaces/share/robot_interfaces/local_setup.sh
[2.559s] -- Up-to-date: /home/arjun/SMART-LAB-ITAP-WEBOTS/install/robot_interfaces/share/robot_interfaces/local_setup.zsh
[2.559s] -- Installing: /home/arjun/SMART-LAB-ITAP-WEBOTS/install/robot_interfaces/share/robot_interfaces/local_setup.dsv
[2.559s] -- Installing: /home/arjun/SMART-LAB-ITAP-WEBOTS/install/robot_interfaces/share/robot_interfaces/package.dsv
[2.560s] -- Up-to-date: /home/arjun/SMART-LAB-ITAP-WEBOTS/install/robot_interfaces/share/ament_index/resource_index/packages/robot_interfaces
[2.560s] -- Up-to-date: /home/arjun/SMART-LAB-ITAP-WEBOTS/install/robot_interfaces/share/robot_interfaces/cmake/export_robot_interfaces__rosidl_generator_cExport.cmake
[2.560s] -- Up-to-date: /home/arjun/SMART-LAB-ITAP-WEBOTS/install/robot_interfaces/share/robot_interfaces/cmake/export_robot_interfaces__rosidl_generator_cExport-noconfig.cmake
[2.560s] -- Up-to-date: /home/arjun/SMART-LAB-ITAP-WEBOTS/install/robot_interfaces/share/robot_interfaces/cmake/export_robot_interfaces__rosidl_typesupport_fastrtps_cExport.cmake
[2.560s] -- Up-to-date: /home/arjun/SMART-LAB-ITAP-WEBOTS/install/robot_interfaces/share/robot_interfaces/cmake/export_robot_interfaces__rosidl_typesupport_fastrtps_cExport-noconfig.cmake
[2.560s] -- Up-to-date: /home/arjun/SMART-LAB-ITAP-WEBOTS/install/robot_interfaces/share/robot_interfaces/cmake/robot_interfaces__rosidl_typesupport_introspection_cExport.cmake
[2.560s] -- Up-to-date: /home/arjun/SMART-LAB-ITAP-WEBOTS/install/robot_interfaces/share/robot_interfaces/cmake/robot_interfaces__rosidl_typesupport_introspection_cExport-noconfig.cmake
[2.560s] -- Up-to-date: /home/arjun/SMART-LAB-ITAP-WEBOTS/install/robot_interfaces/share/robot_interfaces/cmake/robot_interfaces__rosidl_typesupport_cExport.cmake
[2.560s] -- Up-to-date: /home/arjun/SMART-LAB-ITAP-WEBOTS/install/robot_interfaces/share/robot_interfaces/cmake/robot_interfaces__rosidl_typesupport_cExport-noconfig.cmake
[2.560s] -- Up-to-date: /home/arjun/SMART-LAB-ITAP-WEBOTS/install/robot_interfaces/share/robot_interfaces/cmake/export_robot_interfaces__rosidl_generator_cppExport.cmake
[2.560s] -- Up-to-date: /home/arjun/SMART-LAB-ITAP-WEBOTS/install/robot_interfaces/share/robot_interfaces/cmake/export_robot_interfaces__rosidl_typesupport_fastrtps_cppExport.cmake
[2.560s] -- Up-to-date: /home/arjun/SMART-LAB-ITAP-WEBOTS/install/robot_interfaces/share/robot_interfaces/cmake/export_robot_interfaces__rosidl_typesupport_fastrtps_cppExport-noconfig.cmake
[2.560s] -- Up-to-date: /home/arjun/SMART-LAB-ITAP-WEBOTS/install/robot_interfaces/share/robot_interfaces/cmake/robot_interfaces__rosidl_typesupport_introspection_cppExport.cmake
[2.561s] -- Up-to-date: /home/arjun/SMART-LAB-ITAP-WEBOTS/install/robot_interfaces/share/robot_interfaces/cmake/robot_interfaces__rosidl_typesupport_introspection_cppExport-noconfig.cmake
[2.561s] -- Up-to-date: /home/arjun/SMART-LAB-ITAP-WEBOTS/install/robot_interfaces/share/robot_interfaces/cmake/robot_interfaces__rosidl_typesupport_cppExport.cmake
[2.561s] -- Up-to-date: /home/arjun/SMART-LAB-ITAP-WEBOTS/install/robot_interfaces/share/robot_interfaces/cmake/robot_interfaces__rosidl_typesupport_cppExport-noconfig.cmake
[2.561s] -- Up-to-date: /home/arjun/SMART-LAB-ITAP-WEBOTS/install/robot_interfaces/share/robot_interfaces/cmake/export_robot_interfaces__rosidl_generator_pyExport.cmake
[2.561s] -- Up-to-date: /home/arjun/SMART-LAB-ITAP-WEBOTS/install/robot_interfaces/share/robot_interfaces/cmake/export_robot_interfaces__rosidl_generator_pyExport-noconfig.cmake
[2.561s] -- Up-to-date: /home/arjun/SMART-LAB-ITAP-WEBOTS/install/robot_interfaces/share/robot_interfaces/cmake/rosidl_cmake-extras.cmake
[2.561s] -- Up-to-date: /home/arjun/SMART-LAB-ITAP-WEBOTS/install/robot_interfaces/share/robot_interfaces/cmake/ament_cmake_export_include_directories-extras.cmake
[2.561s] -- Up-to-date: /home/arjun/SMART-LAB-ITAP-WEBOTS/install/robot_interfaces/share/robot_interfaces/cmake/ament_cmake_export_libraries-extras.cmake
[2.561s] -- Up-to-date: /home/arjun/SMART-LAB-ITAP-WEBOTS/install/robot_interfaces/share/robot_interfaces/cmake/ament_cmake_export_targets-extras.cmake
[2.561s] -- Up-to-date: /home/arjun/SMART-LAB-ITAP-WEBOTS/install/robot_interfaces/share/robot_interfaces/cmake/rosidl_cmake_export_typesupport_targets-extras.cmake
[2.561s] -- Up-to-date: /home/arjun/SMART-LAB-ITAP-WEBOTS/install/robot_interfaces/share/robot_interfaces/cmake/ament_cmake_export_dependencies-extras.cmake
[2.561s] -- Up-to-date: /home/arjun/SMART-LAB-ITAP-WEBOTS/install/robot_interfaces/share/robot_interfaces/cmake/rosidl_cmake_export_typesupport_libraries-extras.cmake
[2.561s] -- Up-to-date: /home/arjun/SMART-LAB-ITAP-WEBOTS/install/robot_interfaces/share/robot_interfaces/cmake/robot_interfacesConfig.cmake
[2.561s] -- Up-to-date: /home/arjun/SMART-LAB-ITAP-WEBOTS/install/robot_interfaces/share/robot_interfaces/cmake/robot_interfacesConfig-version.cmake
[2.561s] -- Up-to-date: /home/arjun/SMART-LAB-ITAP-WEBOTS/install/robot_interfaces/share/robot_interfaces/package.xml
[2.563s] Invoked command in '/home/arjun/SMART-LAB-ITAP-WEBOTS/build/robot_interfaces' returned '0': CMAKE_PREFIX_PATH=${CMAKE_PREFIX_PATH}:/home/arjun/SMART-LAB-ITAP-WEBOTS/install/webots_ros2_turtlebot:/home/arjun/SMART-LAB-ITAP-WEBOTS/install/webots_ros2_multi_agent:/home/arjun/SMART-LAB-ITAP-WEBOTS/install/webots_ros2_mavic:/home/arjun/SMART-LAB-ITAP-WEBOTS/install/webots_ros2_epuck:/opt/ros/humble /usr/bin/cmake --install /home/arjun/SMART-LAB-ITAP-WEBOTS/build/robot_interfaces
