[0.581s] Invoking command in '/home/arjun/SMART-LAB-ITAP-WEBOTS/robot_interfaces': PYTHONPATH=/home/arjun/SMART-LAB-ITAP-WEBOTS/build/robot_interfaces/prefix_override:/home/arjun/SMART-LAB-ITAP-WEBOTS/install/robot_interfaces/lib/python3.10/site-packages:${PYTHONPATH} /usr/bin/python3 setup.py egg_info --egg-base ../build/robot_interfaces build --build-base /home/arjun/SMART-LAB-ITAP-WEBOTS/build/robot_interfaces/build install --record /home/arjun/SMART-LAB-ITAP-WEBOTS/build/robot_interfaces/install.log --single-version-externally-managed
[0.800s] running egg_info
[0.801s] writing ../build/robot_interfaces/robot_interfaces.egg-info/PKG-INFO
[0.801s] writing dependency_links to ../build/robot_interfaces/robot_interfaces.egg-info/dependency_links.txt
[0.801s] writing entry points to ../build/robot_interfaces/robot_interfaces.egg-info/entry_points.txt
[0.801s] writing requirements to ../build/robot_interfaces/robot_interfaces.egg-info/requires.txt
[0.802s] writing top-level names to ../build/robot_interfaces/robot_interfaces.egg-info/top_level.txt
[0.803s] reading manifest file '../build/robot_interfaces/robot_interfaces.egg-info/SOURCES.txt'
[0.804s] writing manifest file '../build/robot_interfaces/robot_interfaces.egg-info/SOURCES.txt'
[0.804s] running build
[0.804s] running build_py
[0.804s] running install
[0.804s] running install_lib
[0.805s] running install_data
[0.805s] running install_egg_info
[0.807s] removing '/home/arjun/SMART-LAB-ITAP-WEBOTS/install/robot_interfaces/lib/python3.10/site-packages/robot_interfaces-0.0.0-py3.10.egg-info' (and everything under it)
[0.807s] Copying ../build/robot_interfaces/robot_interfaces.egg-info to /home/arjun/SMART-LAB-ITAP-WEBOTS/install/robot_interfaces/lib/python3.10/site-packages/robot_interfaces-0.0.0-py3.10.egg-info
[0.808s] running install_scripts
[0.824s] writing list of installed files to '/home/arjun/SMART-LAB-ITAP-WEBOTS/build/robot_interfaces/install.log'
[0.848s] Invoked command in '/home/arjun/SMART-LAB-ITAP-WEBOTS/robot_interfaces' returned '0': PYTHONPATH=/home/arjun/SMART-LAB-ITAP-WEBOTS/build/robot_interfaces/prefix_override:/home/arjun/SMART-LAB-ITAP-WEBOTS/install/robot_interfaces/lib/python3.10/site-packages:${PYTHONPATH} /usr/bin/python3 setup.py egg_info --egg-base ../build/robot_interfaces build --build-base /home/arjun/SMART-LAB-ITAP-WEBOTS/build/robot_interfaces/build install --record /home/arjun/SMART-LAB-ITAP-WEBOTS/build/robot_interfaces/install.log --single-version-externally-managed
