[1.410s] Invoking command in '/home/arjun/SMART-LAB-ITAP-WEBOTS/robot_interfaces': PYTHONPATH=/home/arjun/SMART-LAB-ITAP-WEBOTS/build/robot_interfaces/prefix_override:/home/arjun/SMART-LAB-ITAP-WEBOTS/install/robot_interfaces/lib/python3.10/site-packages:${PYTHONPATH} /usr/bin/python3 setup.py egg_info --egg-base ../build/robot_interfaces build --build-base /home/arjun/SMART-LAB-ITAP-WEBOTS/build/robot_interfaces/build install --record /home/arjun/SMART-LAB-ITAP-WEBOTS/build/robot_interfaces/install.log --single-version-externally-managed
[1.652s] running egg_info
[1.652s] writing ../build/robot_interfaces/robot_interfaces.egg-info/PKG-INFO
[1.652s] writing dependency_links to ../build/robot_interfaces/robot_interfaces.egg-info/dependency_links.txt
[1.653s] writing entry points to ../build/robot_interfaces/robot_interfaces.egg-info/entry_points.txt
[1.653s] writing requirements to ../build/robot_interfaces/robot_interfaces.egg-info/requires.txt
[1.653s] writing top-level names to ../build/robot_interfaces/robot_interfaces.egg-info/top_level.txt
[1.654s] reading manifest file '../build/robot_interfaces/robot_interfaces.egg-info/SOURCES.txt'
[1.655s] writing manifest file '../build/robot_interfaces/robot_interfaces.egg-info/SOURCES.txt'
[1.655s] running build
[1.655s] running build_py
[1.656s] running install
[1.656s] running install_lib
[1.657s] running install_data
[1.657s] running install_egg_info
[1.659s] removing '/home/arjun/SMART-LAB-ITAP-WEBOTS/install/robot_interfaces/lib/python3.10/site-packages/robot_interfaces-0.0.0-py3.10.egg-info' (and everything under it)
[1.659s] Copying ../build/robot_interfaces/robot_interfaces.egg-info to /home/arjun/SMART-LAB-ITAP-WEBOTS/install/robot_interfaces/lib/python3.10/site-packages/robot_interfaces-0.0.0-py3.10.egg-info
[1.660s] running install_scripts
[1.677s] writing list of installed files to '/home/arjun/SMART-LAB-ITAP-WEBOTS/build/robot_interfaces/install.log'
[1.700s] Invoked command in '/home/arjun/SMART-LAB-ITAP-WEBOTS/robot_interfaces' returned '0': PYTHONPATH=/home/arjun/SMART-LAB-ITAP-WEBOTS/build/robot_interfaces/prefix_override:/home/arjun/SMART-LAB-ITAP-WEBOTS/install/robot_interfaces/lib/python3.10/site-packages:${PYTHONPATH} /usr/bin/python3 setup.py egg_info --egg-base ../build/robot_interfaces build --build-base /home/arjun/SMART-LAB-ITAP-WEBOTS/build/robot_interfaces/build install --record /home/arjun/SMART-LAB-ITAP-WEBOTS/build/robot_interfaces/install.log --single-version-externally-managed
