[0.293s] DEBUG:colcon:Command line arguments: ['/usr/bin/colcon', 'build', '--packages-select', 'webots_ros2_mavic']
[0.293s] DEBUG:colcon:Parsed command line arguments: Namespace(log_base=None, log_level=None, verb_name='build', build_base='build', install_base='install', merge_install=False, symlink_install=False, test_result_base=None, continue_on_error=False, executor='parallel', parallel_workers=12, event_handlers=None, ignore_user_meta=False, metas=['./colcon.meta'], base_paths=['.'], packages_ignore=None, packages_ignore_regex=None, paths=None, packages_up_to=None, packages_up_to_regex=None, packages_above=None, packages_above_and_dependencies=None, packages_above_depth=None, packages_select_by_dep=None, packages_skip_by_dep=None, packages_skip_up_to=None, packages_select_build_failed=False, packages_skip_build_finished=False, packages_select_test_failures=False, packages_skip_test_passed=False, packages_select=['webots_ros2_mavic'], packages_skip=None, packages_select_regex=None, packages_skip_regex=None, packages_start=None, packages_end=None, allow_overriding=[], cmake_args=None, cmake_target=None, cmake_target_skip_unavailable=False, cmake_clean_cache=False, cmake_clean_first=False, cmake_force_configure=False, ament_cmake_args=None, catkin_cmake_args=None, catkin_skip_building_tests=False, verb_parser=<colcon_defaults.argument_parser.defaults.DefaultArgumentsDecorator object at 0x7f257b6a7520>, verb_extension=<colcon_core.verb.build.BuildVerb object at 0x7f257b6a6fb0>, main=<bound method BuildVerb.main of <colcon_core.verb.build.BuildVerb object at 0x7f257b6a6fb0>>)
[0.313s] Level 1:colcon.colcon_core.package_discovery:discover_packages(colcon_meta) check parameters
[0.313s] Level 1:colcon.colcon_core.package_discovery:discover_packages(recursive) check parameters
[0.313s] Level 1:colcon.colcon_core.package_discovery:discover_packages(ignore) check parameters
[0.313s] Level 1:colcon.colcon_core.package_discovery:discover_packages(path) check parameters
[0.313s] Level 1:colcon.colcon_core.package_discovery:discover_packages(colcon_meta) discover
[0.313s] Level 1:colcon.colcon_core.package_discovery:discover_packages(recursive) discover
[0.313s] INFO:colcon.colcon_core.package_discovery:Crawling recursively for packages in '/home/arjun/SMART-LAB-ITAP-WEBOTS'
[0.313s] Level 1:colcon.colcon_core.package_identification:_identify(.) by extensions ['ignore', 'ignore_ament_install']
[0.314s] Level 1:colcon.colcon_core.package_identification:_identify(.) by extension 'ignore'
[0.314s] Level 1:colcon.colcon_core.package_identification:_identify(.) by extension 'ignore_ament_install'
[0.314s] Level 1:colcon.colcon_core.package_identification:_identify(.) by extensions ['colcon_pkg']
[0.314s] Level 1:colcon.colcon_core.package_identification:_identify(.) by extension 'colcon_pkg'
[0.314s] Level 1:colcon.colcon_core.package_identification:_identify(.) by extensions ['colcon_meta']
[0.314s] Level 1:colcon.colcon_core.package_identification:_identify(.) by extension 'colcon_meta'
[0.314s] Level 1:colcon.colcon_core.package_identification:_identify(.) by extensions ['ros']
[0.314s] Level 1:colcon.colcon_core.package_identification:_identify(.) by extension 'ros'
[0.323s] Level 1:colcon.colcon_core.package_identification:_identify(.) by extensions ['cmake', 'python']
[0.323s] Level 1:colcon.colcon_core.package_identification:_identify(.) by extension 'cmake'
[0.323s] Level 1:colcon.colcon_core.package_identification:_identify(.) by extension 'python'
[0.323s] Level 1:colcon.colcon_core.package_identification:_identify(.) by extensions ['python_setup_py']
[0.323s] Level 1:colcon.colcon_core.package_identification:_identify(.) by extension 'python_setup_py'
[0.323s] Level 1:colcon.colcon_core.package_identification:_identify(build) by extensions ['ignore', 'ignore_ament_install']
[0.324s] Level 1:colcon.colcon_core.package_identification:_identify(build) by extension 'ignore'
[0.324s] Level 1:colcon.colcon_core.package_identification:_identify(build) ignored
[0.324s] Level 1:colcon.colcon_core.package_identification:_identify(install) by extensions ['ignore', 'ignore_ament_install']
[0.324s] Level 1:colcon.colcon_core.package_identification:_identify(install) by extension 'ignore'
[0.324s] Level 1:colcon.colcon_core.package_identification:_identify(install) ignored
[0.324s] Level 1:colcon.colcon_core.package_identification:_identify(log) by extensions ['ignore', 'ignore_ament_install']
[0.324s] Level 1:colcon.colcon_core.package_identification:_identify(log) by extension 'ignore'
[0.324s] Level 1:colcon.colcon_core.package_identification:_identify(log) ignored
[0.324s] Level 1:colcon.colcon_core.package_identification:_identify(sim_configurator) by extensions ['ignore', 'ignore_ament_install']
[0.324s] Level 1:colcon.colcon_core.package_identification:_identify(sim_configurator) by extension 'ignore'
[0.325s] Level 1:colcon.colcon_core.package_identification:_identify(sim_configurator) by extension 'ignore_ament_install'
[0.325s] Level 1:colcon.colcon_core.package_identification:_identify(sim_configurator) by extensions ['colcon_pkg']
[0.325s] Level 1:colcon.colcon_core.package_identification:_identify(sim_configurator) by extension 'colcon_pkg'
[0.325s] Level 1:colcon.colcon_core.package_identification:_identify(sim_configurator) by extensions ['colcon_meta']
[0.325s] Level 1:colcon.colcon_core.package_identification:_identify(sim_configurator) by extension 'colcon_meta'
[0.325s] Level 1:colcon.colcon_core.package_identification:_identify(sim_configurator) by extensions ['ros']
[0.325s] Level 1:colcon.colcon_core.package_identification:_identify(sim_configurator) by extension 'ros'
[0.325s] Level 1:colcon.colcon_core.package_identification:_identify(sim_configurator) by extensions ['cmake', 'python']
[0.325s] Level 1:colcon.colcon_core.package_identification:_identify(sim_configurator) by extension 'cmake'
[0.325s] Level 1:colcon.colcon_core.package_identification:_identify(sim_configurator) by extension 'python'
[0.325s] Level 1:colcon.colcon_core.package_identification:_identify(sim_configurator) by extensions ['python_setup_py']
[0.325s] Level 1:colcon.colcon_core.package_identification:_identify(sim_configurator) by extension 'python_setup_py'
[0.325s] Level 1:colcon.colcon_core.package_identification:_identify(sim_configurator/build) by extensions ['ignore', 'ignore_ament_install']
[0.325s] Level 1:colcon.colcon_core.package_identification:_identify(sim_configurator/build) by extension 'ignore'
[0.325s] Level 1:colcon.colcon_core.package_identification:_identify(sim_configurator/build) ignored
[0.325s] Level 1:colcon.colcon_core.package_identification:_identify(sim_configurator/install) by extensions ['ignore', 'ignore_ament_install']
[0.326s] Level 1:colcon.colcon_core.package_identification:_identify(sim_configurator/install) by extension 'ignore'
[0.326s] Level 1:colcon.colcon_core.package_identification:_identify(sim_configurator/install) ignored
[0.326s] Level 1:colcon.colcon_core.package_identification:_identify(sim_configurator/log) by extensions ['ignore', 'ignore_ament_install']
[0.326s] Level 1:colcon.colcon_core.package_identification:_identify(sim_configurator/log) by extension 'ignore'
[0.326s] Level 1:colcon.colcon_core.package_identification:_identify(sim_configurator/log) ignored
[0.326s] Level 1:colcon.colcon_core.package_identification:_identify(webots_ros2_epuck) by extensions ['ignore', 'ignore_ament_install']
[0.326s] Level 1:colcon.colcon_core.package_identification:_identify(webots_ros2_epuck) by extension 'ignore'
[0.326s] Level 1:colcon.colcon_core.package_identification:_identify(webots_ros2_epuck) by extension 'ignore_ament_install'
[0.326s] Level 1:colcon.colcon_core.package_identification:_identify(webots_ros2_epuck) by extensions ['colcon_pkg']
[0.326s] Level 1:colcon.colcon_core.package_identification:_identify(webots_ros2_epuck) by extension 'colcon_pkg'
[0.326s] Level 1:colcon.colcon_core.package_identification:_identify(webots_ros2_epuck) by extensions ['colcon_meta']
[0.326s] Level 1:colcon.colcon_core.package_identification:_identify(webots_ros2_epuck) by extension 'colcon_meta'
[0.326s] Level 1:colcon.colcon_core.package_identification:_identify(webots_ros2_epuck) by extensions ['ros']
[0.326s] Level 1:colcon.colcon_core.package_identification:_identify(webots_ros2_epuck) by extension 'ros'
[0.329s] DEBUG:colcon.colcon_core.package_identification:Package 'webots_ros2_epuck' with type 'ros.ament_python' and name 'webots_ros2_epuck'
[0.329s] Level 1:colcon.colcon_core.package_identification:_identify(webots_ros2_mavic) by extensions ['ignore', 'ignore_ament_install']
[0.329s] Level 1:colcon.colcon_core.package_identification:_identify(webots_ros2_mavic) by extension 'ignore'
[0.329s] Level 1:colcon.colcon_core.package_identification:_identify(webots_ros2_mavic) by extension 'ignore_ament_install'
[0.329s] Level 1:colcon.colcon_core.package_identification:_identify(webots_ros2_mavic) by extensions ['colcon_pkg']
[0.329s] Level 1:colcon.colcon_core.package_identification:_identify(webots_ros2_mavic) by extension 'colcon_pkg'
[0.329s] Level 1:colcon.colcon_core.package_identification:_identify(webots_ros2_mavic) by extensions ['colcon_meta']
[0.329s] Level 1:colcon.colcon_core.package_identification:_identify(webots_ros2_mavic) by extension 'colcon_meta'
[0.329s] Level 1:colcon.colcon_core.package_identification:_identify(webots_ros2_mavic) by extensions ['ros']
[0.329s] Level 1:colcon.colcon_core.package_identification:_identify(webots_ros2_mavic) by extension 'ros'
[0.330s] DEBUG:colcon.colcon_core.package_identification:Package 'webots_ros2_mavic' with type 'ros.ament_python' and name 'webots_ros2_mavic'
[0.330s] Level 1:colcon.colcon_core.package_identification:_identify(webots_ros2_turtlebot) by extensions ['ignore', 'ignore_ament_install']
[0.330s] Level 1:colcon.colcon_core.package_identification:_identify(webots_ros2_turtlebot) by extension 'ignore'
[0.330s] Level 1:colcon.colcon_core.package_identification:_identify(webots_ros2_turtlebot) by extension 'ignore_ament_install'
[0.330s] Level 1:colcon.colcon_core.package_identification:_identify(webots_ros2_turtlebot) by extensions ['colcon_pkg']
[0.330s] Level 1:colcon.colcon_core.package_identification:_identify(webots_ros2_turtlebot) by extension 'colcon_pkg'
[0.330s] Level 1:colcon.colcon_core.package_identification:_identify(webots_ros2_turtlebot) by extensions ['colcon_meta']
[0.330s] Level 1:colcon.colcon_core.package_identification:_identify(webots_ros2_turtlebot) by extension 'colcon_meta'
[0.330s] Level 1:colcon.colcon_core.package_identification:_identify(webots_ros2_turtlebot) by extensions ['ros']
[0.330s] Level 1:colcon.colcon_core.package_identification:_identify(webots_ros2_turtlebot) by extension 'ros'
[0.331s] DEBUG:colcon.colcon_core.package_identification:Package 'webots_ros2_turtlebot' with type 'ros.ament_python' and name 'webots_ros2_turtlebot'
[0.331s] Level 1:colcon.colcon_core.package_discovery:discover_packages(recursive) using defaults
[0.331s] Level 1:colcon.colcon_core.package_discovery:discover_packages(ignore) discover
[0.331s] Level 1:colcon.colcon_core.package_discovery:discover_packages(ignore) using defaults
[0.331s] Level 1:colcon.colcon_core.package_discovery:discover_packages(path) discover
[0.331s] Level 1:colcon.colcon_core.package_discovery:discover_packages(path) using defaults
[0.350s] INFO:colcon.colcon_core.package_selection:Skipping not selected package 'webots_ros2_epuck' in 'webots_ros2_epuck'
[0.350s] INFO:colcon.colcon_core.package_selection:Skipping not selected package 'webots_ros2_turtlebot' in 'webots_ros2_turtlebot'
[0.350s] Level 1:colcon.colcon_core.package_discovery:discover_packages(prefix_path) check parameters
[0.350s] Level 1:colcon.colcon_core.package_discovery:discover_packages(prefix_path) discover
[0.353s] DEBUG:colcon.colcon_installed_package_information.package_discovery:Found 3 installed packages in /home/arjun/SMART-LAB-ITAP-WEBOTS/install
[0.354s] DEBUG:colcon.colcon_installed_package_information.package_discovery:Found 320 installed packages in /opt/ros/humble
[0.356s] Level 1:colcon.colcon_core.package_discovery:discover_packages(prefix_path) using defaults
[0.416s] Level 5:colcon.colcon_core.verb:set package 'webots_ros2_mavic' build argument 'cmake_args' from command line to 'None'
[0.416s] Level 5:colcon.colcon_core.verb:set package 'webots_ros2_mavic' build argument 'cmake_target' from command line to 'None'
[0.416s] Level 5:colcon.colcon_core.verb:set package 'webots_ros2_mavic' build argument 'cmake_target_skip_unavailable' from command line to 'False'
[0.416s] Level 5:colcon.colcon_core.verb:set package 'webots_ros2_mavic' build argument 'cmake_clean_cache' from command line to 'False'
[0.416s] Level 5:colcon.colcon_core.verb:set package 'webots_ros2_mavic' build argument 'cmake_clean_first' from command line to 'False'
[0.416s] Level 5:colcon.colcon_core.verb:set package 'webots_ros2_mavic' build argument 'cmake_force_configure' from command line to 'False'
[0.416s] Level 5:colcon.colcon_core.verb:set package 'webots_ros2_mavic' build argument 'ament_cmake_args' from command line to 'None'
[0.416s] Level 5:colcon.colcon_core.verb:set package 'webots_ros2_mavic' build argument 'catkin_cmake_args' from command line to 'None'
[0.416s] Level 5:colcon.colcon_core.verb:set package 'webots_ros2_mavic' build argument 'catkin_skip_building_tests' from command line to 'False'
[0.416s] DEBUG:colcon.colcon_core.verb:Building package 'webots_ros2_mavic' with the following arguments: {'ament_cmake_args': None, 'build_base': '/home/arjun/SMART-LAB-ITAP-WEBOTS/build/webots_ros2_mavic', 'catkin_cmake_args': None, 'catkin_skip_building_tests': False, 'cmake_args': None, 'cmake_clean_cache': False, 'cmake_clean_first': False, 'cmake_force_configure': False, 'cmake_target': None, 'cmake_target_skip_unavailable': False, 'install_base': '/home/arjun/SMART-LAB-ITAP-WEBOTS/install/webots_ros2_mavic', 'merge_install': False, 'path': '/home/arjun/SMART-LAB-ITAP-WEBOTS/webots_ros2_mavic', 'symlink_install': False, 'test_result_base': None}
[0.416s] INFO:colcon.colcon_core.executor:Executing jobs using 'parallel' executor
[0.419s] DEBUG:colcon.colcon_parallel_executor.executor.parallel:run_until_complete
[0.420s] INFO:colcon.colcon_ros.task.ament_python.build:Building ROS package in '/home/arjun/SMART-LAB-ITAP-WEBOTS/webots_ros2_mavic' with build type 'ament_python'
[0.420s] Level 1:colcon.colcon_core.shell:create_environment_hook('webots_ros2_mavic', 'ament_prefix_path')
[0.423s] INFO:colcon.colcon_core.plugin_system:Skipping extension 'colcon_core.shell.bat': Not used on non-Windows systems
[0.423s] INFO:colcon.colcon_core.shell:Creating environment hook '/home/arjun/SMART-LAB-ITAP-WEBOTS/install/webots_ros2_mavic/share/webots_ros2_mavic/hook/ament_prefix_path.ps1'
[0.424s] INFO:colcon.colcon_core.shell:Creating environment descriptor '/home/arjun/SMART-LAB-ITAP-WEBOTS/install/webots_ros2_mavic/share/webots_ros2_mavic/hook/ament_prefix_path.dsv'
[0.424s] INFO:colcon.colcon_core.shell:Creating environment hook '/home/arjun/SMART-LAB-ITAP-WEBOTS/install/webots_ros2_mavic/share/webots_ros2_mavic/hook/ament_prefix_path.sh'
[0.425s] INFO:colcon.colcon_core.shell:Skip shell extension 'powershell' for command environment: Not usable outside of PowerShell
[0.426s] DEBUG:colcon.colcon_core.shell:Skip shell extension 'dsv' for command environment
[0.673s] INFO:colcon.colcon_core.task.python.build:Building Python package in '/home/arjun/SMART-LAB-ITAP-WEBOTS/webots_ros2_mavic'
[0.674s] INFO:colcon.colcon_core.shell:Skip shell extension 'powershell' for command environment: Not usable outside of PowerShell
[0.674s] DEBUG:colcon.colcon_core.shell:Skip shell extension 'dsv' for command environment
[1.012s] DEBUG:colcon.colcon_core.event_handler.log_command:Invoking command in '/home/arjun/SMART-LAB-ITAP-WEBOTS/webots_ros2_mavic': PYTHONPATH=/home/arjun/SMART-LAB-ITAP-WEBOTS/build/webots_ros2_mavic/prefix_override:/home/arjun/SMART-LAB-ITAP-WEBOTS/install/webots_ros2_mavic/lib/python3.10/site-packages:${PYTHONPATH} /usr/bin/python3 setup.py egg_info --egg-base ../build/webots_ros2_mavic build --build-base /home/arjun/SMART-LAB-ITAP-WEBOTS/build/webots_ros2_mavic/build install --record /home/arjun/SMART-LAB-ITAP-WEBOTS/build/webots_ros2_mavic/install.log --single-version-externally-managed
[1.279s] DEBUG:colcon.colcon_core.event_handler.log_command:Invoked command in '/home/arjun/SMART-LAB-ITAP-WEBOTS/webots_ros2_mavic' returned '0': PYTHONPATH=/home/arjun/SMART-LAB-ITAP-WEBOTS/build/webots_ros2_mavic/prefix_override:/home/arjun/SMART-LAB-ITAP-WEBOTS/install/webots_ros2_mavic/lib/python3.10/site-packages:${PYTHONPATH} /usr/bin/python3 setup.py egg_info --egg-base ../build/webots_ros2_mavic build --build-base /home/arjun/SMART-LAB-ITAP-WEBOTS/build/webots_ros2_mavic/build install --record /home/arjun/SMART-LAB-ITAP-WEBOTS/build/webots_ros2_mavic/install.log --single-version-externally-managed
[1.283s] Level 1:colcon.colcon_core.environment:checking '/home/arjun/SMART-LAB-ITAP-WEBOTS/install/webots_ros2_mavic' for CMake module files
[1.284s] Level 1:colcon.colcon_core.environment:checking '/home/arjun/SMART-LAB-ITAP-WEBOTS/install/webots_ros2_mavic' for CMake config files
[1.284s] Level 1:colcon.colcon_core.environment:checking '/home/arjun/SMART-LAB-ITAP-WEBOTS/install/webots_ros2_mavic/lib'
[1.284s] Level 1:colcon.colcon_core.environment:checking '/home/arjun/SMART-LAB-ITAP-WEBOTS/install/webots_ros2_mavic/bin'
[1.285s] Level 1:colcon.colcon_core.environment:checking '/home/arjun/SMART-LAB-ITAP-WEBOTS/install/webots_ros2_mavic/lib/pkgconfig/webots_ros2_mavic.pc'
[1.285s] Level 1:colcon.colcon_core.environment:checking '/home/arjun/SMART-LAB-ITAP-WEBOTS/install/webots_ros2_mavic/lib/python3.10/site-packages'
[1.285s] Level 1:colcon.colcon_core.shell:create_environment_hook('webots_ros2_mavic', 'pythonpath')
[1.286s] INFO:colcon.colcon_core.shell:Creating environment hook '/home/arjun/SMART-LAB-ITAP-WEBOTS/install/webots_ros2_mavic/share/webots_ros2_mavic/hook/pythonpath.ps1'
[1.286s] INFO:colcon.colcon_core.shell:Creating environment descriptor '/home/arjun/SMART-LAB-ITAP-WEBOTS/install/webots_ros2_mavic/share/webots_ros2_mavic/hook/pythonpath.dsv'
[1.286s] INFO:colcon.colcon_core.shell:Creating environment hook '/home/arjun/SMART-LAB-ITAP-WEBOTS/install/webots_ros2_mavic/share/webots_ros2_mavic/hook/pythonpath.sh'
[1.287s] Level 1:colcon.colcon_core.environment:checking '/home/arjun/SMART-LAB-ITAP-WEBOTS/install/webots_ros2_mavic/bin'
[1.287s] Level 1:colcon.colcon_core.environment:create_environment_scripts_only(webots_ros2_mavic)
[1.288s] INFO:colcon.colcon_core.shell:Creating package script '/home/arjun/SMART-LAB-ITAP-WEBOTS/install/webots_ros2_mavic/share/webots_ros2_mavic/package.ps1'
[1.289s] INFO:colcon.colcon_core.shell:Creating package descriptor '/home/arjun/SMART-LAB-ITAP-WEBOTS/install/webots_ros2_mavic/share/webots_ros2_mavic/package.dsv'
[1.289s] INFO:colcon.colcon_core.shell:Creating package script '/home/arjun/SMART-LAB-ITAP-WEBOTS/install/webots_ros2_mavic/share/webots_ros2_mavic/package.sh'
[1.290s] INFO:colcon.colcon_core.shell:Creating package script '/home/arjun/SMART-LAB-ITAP-WEBOTS/install/webots_ros2_mavic/share/webots_ros2_mavic/package.bash'
[1.291s] INFO:colcon.colcon_core.shell:Creating package script '/home/arjun/SMART-LAB-ITAP-WEBOTS/install/webots_ros2_mavic/share/webots_ros2_mavic/package.zsh'
[1.291s] Level 1:colcon.colcon_core.environment:create_file_with_runtime_dependencies(/home/arjun/SMART-LAB-ITAP-WEBOTS/install/webots_ros2_mavic/share/colcon-core/packages/webots_ros2_mavic)
[1.291s] DEBUG:colcon.colcon_parallel_executor.executor.parallel:closing loop
[1.292s] DEBUG:colcon.colcon_parallel_executor.executor.parallel:loop closed
[1.292s] DEBUG:colcon.colcon_parallel_executor.executor.parallel:run_until_complete finished with '0'
[1.292s] DEBUG:colcon.colcon_core.event_reactor:joining thread
[1.296s] INFO:colcon.colcon_core.plugin_system:Skipping extension 'colcon_notification.desktop_notification.terminal_notifier': Not used on non-Darwin systems
[1.296s] INFO:colcon.colcon_core.plugin_system:Skipping extension 'colcon_notification.desktop_notification.win32': Not used on non-Windows systems
[1.296s] INFO:colcon.colcon_notification.desktop_notification:Sending desktop notification using 'notify2'
[1.305s] DEBUG:colcon.colcon_core.event_reactor:joined thread
[1.306s] INFO:colcon.colcon_core.shell:Creating prefix script '/home/arjun/SMART-LAB-ITAP-WEBOTS/install/local_setup.ps1'
[1.307s] INFO:colcon.colcon_core.shell:Creating prefix util module '/home/arjun/SMART-LAB-ITAP-WEBOTS/install/_local_setup_util_ps1.py'
[1.308s] INFO:colcon.colcon_core.shell:Creating prefix chain script '/home/arjun/SMART-LAB-ITAP-WEBOTS/install/setup.ps1'
[1.309s] INFO:colcon.colcon_core.shell:Creating prefix script '/home/arjun/SMART-LAB-ITAP-WEBOTS/install/local_setup.sh'
[1.310s] INFO:colcon.colcon_core.shell:Creating prefix util module '/home/arjun/SMART-LAB-ITAP-WEBOTS/install/_local_setup_util_sh.py'
[1.310s] INFO:colcon.colcon_core.shell:Creating prefix chain script '/home/arjun/SMART-LAB-ITAP-WEBOTS/install/setup.sh'
[1.312s] INFO:colcon.colcon_core.shell:Creating prefix script '/home/arjun/SMART-LAB-ITAP-WEBOTS/install/local_setup.bash'
[1.313s] INFO:colcon.colcon_core.shell:Creating prefix chain script '/home/arjun/SMART-LAB-ITAP-WEBOTS/install/setup.bash'
[1.314s] INFO:colcon.colcon_core.shell:Creating prefix script '/home/arjun/SMART-LAB-ITAP-WEBOTS/install/local_setup.zsh'
[1.314s] INFO:colcon.colcon_core.shell:Creating prefix chain script '/home/arjun/SMART-LAB-ITAP-WEBOTS/install/setup.zsh'
