[0.294s] DEBUG:colcon:Command line arguments: ['/usr/bin/colcon', 'build']
[0.294s] DEBUG:colcon:Parsed command line arguments: Namespace(log_base=None, log_level=None, verb_name='build', build_base='build', install_base='install', merge_install=False, symlink_install=False, test_result_base=None, continue_on_error=False, executor='parallel', parallel_workers=12, event_handlers=None, ignore_user_meta=False, metas=['./colcon.meta'], base_paths=['.'], packages_ignore=None, packages_ignore_regex=None, paths=None, packages_up_to=None, packages_up_to_regex=None, packages_above=None, packages_above_and_dependencies=None, packages_above_depth=None, packages_select_by_dep=None, packages_skip_by_dep=None, packages_skip_up_to=None, packages_select_build_failed=False, packages_skip_build_finished=False, packages_select_test_failures=False, packages_skip_test_passed=False, packages_select=None, packages_skip=None, packages_select_regex=None, packages_skip_regex=None, packages_start=None, packages_end=None, allow_overriding=[], cmake_args=None, cmake_target=None, cmake_target_skip_unavailable=False, cmake_clean_cache=False, cmake_clean_first=False, cmake_force_configure=False, ament_cmake_args=None, catkin_cmake_args=None, catkin_skip_building_tests=False, verb_parser=<colcon_defaults.argument_parser.defaults.DefaultArgumentsDecorator object at 0x7f84e3cafe20>, verb_extension=<colcon_core.verb.build.BuildVerb object at 0x7f84e3caf8b0>, main=<bound method BuildVerb.main of <colcon_core.verb.build.BuildVerb object at 0x7f84e3caf8b0>>)
[0.314s] Level 1:colcon.colcon_core.package_discovery:discover_packages(colcon_meta) check parameters
[0.314s] Level 1:colcon.colcon_core.package_discovery:discover_packages(recursive) check parameters
[0.314s] Level 1:colcon.colcon_core.package_discovery:discover_packages(ignore) check parameters
[0.314s] Level 1:colcon.colcon_core.package_discovery:discover_packages(path) check parameters
[0.314s] Level 1:colcon.colcon_core.package_discovery:discover_packages(colcon_meta) discover
[0.314s] Level 1:colcon.colcon_core.package_discovery:discover_packages(recursive) discover
[0.314s] INFO:colcon.colcon_core.package_discovery:Crawling recursively for packages in '/home/arjun/SMART-LAB-ITAP-WEBOTS'
[0.314s] Level 1:colcon.colcon_core.package_identification:_identify(.) by extensions ['ignore', 'ignore_ament_install']
[0.314s] Level 1:colcon.colcon_core.package_identification:_identify(.) by extension 'ignore'
[0.314s] Level 1:colcon.colcon_core.package_identification:_identify(.) by extension 'ignore_ament_install'
[0.314s] Level 1:colcon.colcon_core.package_identification:_identify(.) by extensions ['colcon_pkg']
[0.314s] Level 1:colcon.colcon_core.package_identification:_identify(.) by extension 'colcon_pkg'
[0.314s] Level 1:colcon.colcon_core.package_identification:_identify(.) by extensions ['colcon_meta']
[0.314s] Level 1:colcon.colcon_core.package_identification:_identify(.) by extension 'colcon_meta'
[0.314s] Level 1:colcon.colcon_core.package_identification:_identify(.) by extensions ['ros']
[0.314s] Level 1:colcon.colcon_core.package_identification:_identify(.) by extension 'ros'
[0.324s] Level 1:colcon.colcon_core.package_identification:_identify(.) by extensions ['cmake', 'python']
[0.324s] Level 1:colcon.colcon_core.package_identification:_identify(.) by extension 'cmake'
[0.324s] Level 1:colcon.colcon_core.package_identification:_identify(.) by extension 'python'
[0.324s] Level 1:colcon.colcon_core.package_identification:_identify(.) by extensions ['python_setup_py']
[0.324s] Level 1:colcon.colcon_core.package_identification:_identify(.) by extension 'python_setup_py'
[0.324s] Level 1:colcon.colcon_core.package_identification:_identify(build) by extensions ['ignore', 'ignore_ament_install']
[0.324s] Level 1:colcon.colcon_core.package_identification:_identify(build) by extension 'ignore'
[0.324s] Level 1:colcon.colcon_core.package_identification:_identify(build) ignored
[0.324s] Level 1:colcon.colcon_core.package_identification:_identify(install) by extensions ['ignore', 'ignore_ament_install']
[0.324s] Level 1:colcon.colcon_core.package_identification:_identify(install) by extension 'ignore'
[0.324s] Level 1:colcon.colcon_core.package_identification:_identify(install) ignored
[0.324s] Level 1:colcon.colcon_core.package_identification:_identify(log) by extensions ['ignore', 'ignore_ament_install']
[0.324s] Level 1:colcon.colcon_core.package_identification:_identify(log) by extension 'ignore'
[0.325s] Level 1:colcon.colcon_core.package_identification:_identify(log) ignored
[0.325s] Level 1:colcon.colcon_core.package_identification:_identify(webots_ros2_epuck) by extensions ['ignore', 'ignore_ament_install']
[0.325s] Level 1:colcon.colcon_core.package_identification:_identify(webots_ros2_epuck) by extension 'ignore'
[0.325s] Level 1:colcon.colcon_core.package_identification:_identify(webots_ros2_epuck) by extension 'ignore_ament_install'
[0.325s] Level 1:colcon.colcon_core.package_identification:_identify(webots_ros2_epuck) by extensions ['colcon_pkg']
[0.325s] Level 1:colcon.colcon_core.package_identification:_identify(webots_ros2_epuck) by extension 'colcon_pkg'
[0.325s] Level 1:colcon.colcon_core.package_identification:_identify(webots_ros2_epuck) by extensions ['colcon_meta']
[0.325s] Level 1:colcon.colcon_core.package_identification:_identify(webots_ros2_epuck) by extension 'colcon_meta'
[0.325s] Level 1:colcon.colcon_core.package_identification:_identify(webots_ros2_epuck) by extensions ['ros']
[0.325s] Level 1:colcon.colcon_core.package_identification:_identify(webots_ros2_epuck) by extension 'ros'
[0.328s] DEBUG:colcon.colcon_core.package_identification:Package 'webots_ros2_epuck' with type 'ros.ament_python' and name 'webots_ros2_epuck'
[0.328s] Level 1:colcon.colcon_core.package_identification:_identify(webots_ros2_mavic) by extensions ['ignore', 'ignore_ament_install']
[0.328s] Level 1:colcon.colcon_core.package_identification:_identify(webots_ros2_mavic) by extension 'ignore'
[0.328s] Level 1:colcon.colcon_core.package_identification:_identify(webots_ros2_mavic) by extension 'ignore_ament_install'
[0.328s] Level 1:colcon.colcon_core.package_identification:_identify(webots_ros2_mavic) by extensions ['colcon_pkg']
[0.328s] Level 1:colcon.colcon_core.package_identification:_identify(webots_ros2_mavic) by extension 'colcon_pkg'
[0.328s] Level 1:colcon.colcon_core.package_identification:_identify(webots_ros2_mavic) by extensions ['colcon_meta']
[0.328s] Level 1:colcon.colcon_core.package_identification:_identify(webots_ros2_mavic) by extension 'colcon_meta'
[0.328s] Level 1:colcon.colcon_core.package_identification:_identify(webots_ros2_mavic) by extensions ['ros']
[0.328s] Level 1:colcon.colcon_core.package_identification:_identify(webots_ros2_mavic) by extension 'ros'
[0.328s] DEBUG:colcon.colcon_core.package_identification:Package 'webots_ros2_mavic' with type 'ros.ament_python' and name 'webots_ros2_mavic'
[0.329s] Level 1:colcon.colcon_core.package_identification:_identify(webots_ros2_turtlebot) by extensions ['ignore', 'ignore_ament_install']
[0.329s] Level 1:colcon.colcon_core.package_identification:_identify(webots_ros2_turtlebot) by extension 'ignore'
[0.329s] Level 1:colcon.colcon_core.package_identification:_identify(webots_ros2_turtlebot) by extension 'ignore_ament_install'
[0.329s] Level 1:colcon.colcon_core.package_identification:_identify(webots_ros2_turtlebot) by extensions ['colcon_pkg']
[0.329s] Level 1:colcon.colcon_core.package_identification:_identify(webots_ros2_turtlebot) by extension 'colcon_pkg'
[0.329s] Level 1:colcon.colcon_core.package_identification:_identify(webots_ros2_turtlebot) by extensions ['colcon_meta']
[0.329s] Level 1:colcon.colcon_core.package_identification:_identify(webots_ros2_turtlebot) by extension 'colcon_meta'
[0.329s] Level 1:colcon.colcon_core.package_identification:_identify(webots_ros2_turtlebot) by extensions ['ros']
[0.329s] Level 1:colcon.colcon_core.package_identification:_identify(webots_ros2_turtlebot) by extension 'ros'
[0.329s] DEBUG:colcon.colcon_core.package_identification:Package 'webots_ros2_turtlebot' with type 'ros.ament_python' and name 'webots_ros2_turtlebot'
[0.329s] Level 1:colcon.colcon_core.package_discovery:discover_packages(recursive) using defaults
[0.329s] Level 1:colcon.colcon_core.package_discovery:discover_packages(ignore) discover
[0.329s] Level 1:colcon.colcon_core.package_discovery:discover_packages(ignore) using defaults
[0.330s] Level 1:colcon.colcon_core.package_discovery:discover_packages(path) discover
[0.330s] Level 1:colcon.colcon_core.package_discovery:discover_packages(path) using defaults
[0.349s] Level 1:colcon.colcon_core.package_discovery:discover_packages(prefix_path) check parameters
[0.349s] Level 1:colcon.colcon_core.package_discovery:discover_packages(prefix_path) discover
[0.351s] DEBUG:colcon.colcon_installed_package_information.package_discovery:Found 2 installed packages in /home/arjun/SMART-LAB-ITAP-WEBOTS/install
[0.352s] DEBUG:colcon.colcon_installed_package_information.package_discovery:Found 0 installed packages in /home/arjun/SMART-LAB-ITAP-WEBOTS/install/webots_ros2_mavic/lib/webots_ros2_mavic/install
[0.353s] DEBUG:colcon.colcon_installed_package_information.package_discovery:Found 320 installed packages in /opt/ros/humble
[0.355s] Level 1:colcon.colcon_core.package_discovery:discover_packages(prefix_path) using defaults
[0.415s] Level 5:colcon.colcon_core.verb:set package 'webots_ros2_epuck' build argument 'cmake_args' from command line to 'None'
[0.415s] Level 5:colcon.colcon_core.verb:set package 'webots_ros2_epuck' build argument 'cmake_target' from command line to 'None'
[0.415s] Level 5:colcon.colcon_core.verb:set package 'webots_ros2_epuck' build argument 'cmake_target_skip_unavailable' from command line to 'False'
[0.415s] Level 5:colcon.colcon_core.verb:set package 'webots_ros2_epuck' build argument 'cmake_clean_cache' from command line to 'False'
[0.415s] Level 5:colcon.colcon_core.verb:set package 'webots_ros2_epuck' build argument 'cmake_clean_first' from command line to 'False'
[0.415s] Level 5:colcon.colcon_core.verb:set package 'webots_ros2_epuck' build argument 'cmake_force_configure' from command line to 'False'
[0.415s] Level 5:colcon.colcon_core.verb:set package 'webots_ros2_epuck' build argument 'ament_cmake_args' from command line to 'None'
[0.415s] Level 5:colcon.colcon_core.verb:set package 'webots_ros2_epuck' build argument 'catkin_cmake_args' from command line to 'None'
[0.415s] Level 5:colcon.colcon_core.verb:set package 'webots_ros2_epuck' build argument 'catkin_skip_building_tests' from command line to 'False'
[0.415s] DEBUG:colcon.colcon_core.verb:Building package 'webots_ros2_epuck' with the following arguments: {'ament_cmake_args': None, 'build_base': '/home/arjun/SMART-LAB-ITAP-WEBOTS/build/webots_ros2_epuck', 'catkin_cmake_args': None, 'catkin_skip_building_tests': False, 'cmake_args': None, 'cmake_clean_cache': False, 'cmake_clean_first': False, 'cmake_force_configure': False, 'cmake_target': None, 'cmake_target_skip_unavailable': False, 'install_base': '/home/arjun/SMART-LAB-ITAP-WEBOTS/install/webots_ros2_epuck', 'merge_install': False, 'path': '/home/arjun/SMART-LAB-ITAP-WEBOTS/webots_ros2_epuck', 'symlink_install': False, 'test_result_base': None}
[0.416s] Level 5:colcon.colcon_core.verb:set package 'webots_ros2_mavic' build argument 'cmake_args' from command line to 'None'
[0.416s] Level 5:colcon.colcon_core.verb:set package 'webots_ros2_mavic' build argument 'cmake_target' from command line to 'None'
[0.416s] Level 5:colcon.colcon_core.verb:set package 'webots_ros2_mavic' build argument 'cmake_target_skip_unavailable' from command line to 'False'
[0.416s] Level 5:colcon.colcon_core.verb:set package 'webots_ros2_mavic' build argument 'cmake_clean_cache' from command line to 'False'
[0.416s] Level 5:colcon.colcon_core.verb:set package 'webots_ros2_mavic' build argument 'cmake_clean_first' from command line to 'False'
[0.416s] Level 5:colcon.colcon_core.verb:set package 'webots_ros2_mavic' build argument 'cmake_force_configure' from command line to 'False'
[0.416s] Level 5:colcon.colcon_core.verb:set package 'webots_ros2_mavic' build argument 'ament_cmake_args' from command line to 'None'
[0.416s] Level 5:colcon.colcon_core.verb:set package 'webots_ros2_mavic' build argument 'catkin_cmake_args' from command line to 'None'
[0.416s] Level 5:colcon.colcon_core.verb:set package 'webots_ros2_mavic' build argument 'catkin_skip_building_tests' from command line to 'False'
[0.416s] DEBUG:colcon.colcon_core.verb:Building package 'webots_ros2_mavic' with the following arguments: {'ament_cmake_args': None, 'build_base': '/home/arjun/SMART-LAB-ITAP-WEBOTS/build/webots_ros2_mavic', 'catkin_cmake_args': None, 'catkin_skip_building_tests': False, 'cmake_args': None, 'cmake_clean_cache': False, 'cmake_clean_first': False, 'cmake_force_configure': False, 'cmake_target': None, 'cmake_target_skip_unavailable': False, 'install_base': '/home/arjun/SMART-LAB-ITAP-WEBOTS/install/webots_ros2_mavic', 'merge_install': False, 'path': '/home/arjun/SMART-LAB-ITAP-WEBOTS/webots_ros2_mavic', 'symlink_install': False, 'test_result_base': None}
[0.417s] Level 5:colcon.colcon_core.verb:set package 'webots_ros2_turtlebot' build argument 'cmake_args' from command line to 'None'
[0.417s] Level 5:colcon.colcon_core.verb:set package 'webots_ros2_turtlebot' build argument 'cmake_target' from command line to 'None'
[0.417s] Level 5:colcon.colcon_core.verb:set package 'webots_ros2_turtlebot' build argument 'cmake_target_skip_unavailable' from command line to 'False'
[0.417s] Level 5:colcon.colcon_core.verb:set package 'webots_ros2_turtlebot' build argument 'cmake_clean_cache' from command line to 'False'
[0.417s] Level 5:colcon.colcon_core.verb:set package 'webots_ros2_turtlebot' build argument 'cmake_clean_first' from command line to 'False'
[0.417s] Level 5:colcon.colcon_core.verb:set package 'webots_ros2_turtlebot' build argument 'cmake_force_configure' from command line to 'False'
[0.417s] Level 5:colcon.colcon_core.verb:set package 'webots_ros2_turtlebot' build argument 'ament_cmake_args' from command line to 'None'
[0.417s] Level 5:colcon.colcon_core.verb:set package 'webots_ros2_turtlebot' build argument 'catkin_cmake_args' from command line to 'None'
[0.417s] Level 5:colcon.colcon_core.verb:set package 'webots_ros2_turtlebot' build argument 'catkin_skip_building_tests' from command line to 'False'
[0.417s] DEBUG:colcon.colcon_core.verb:Building package 'webots_ros2_turtlebot' with the following arguments: {'ament_cmake_args': None, 'build_base': '/home/arjun/SMART-LAB-ITAP-WEBOTS/build/webots_ros2_turtlebot', 'catkin_cmake_args': None, 'catkin_skip_building_tests': False, 'cmake_args': None, 'cmake_clean_cache': False, 'cmake_clean_first': False, 'cmake_force_configure': False, 'cmake_target': None, 'cmake_target_skip_unavailable': False, 'install_base': '/home/arjun/SMART-LAB-ITAP-WEBOTS/install/webots_ros2_turtlebot', 'merge_install': False, 'path': '/home/arjun/SMART-LAB-ITAP-WEBOTS/webots_ros2_turtlebot', 'symlink_install': False, 'test_result_base': None}
[0.418s] INFO:colcon.colcon_core.executor:Executing jobs using 'parallel' executor
[0.420s] DEBUG:colcon.colcon_parallel_executor.executor.parallel:run_until_complete
[0.421s] INFO:colcon.colcon_ros.task.ament_python.build:Building ROS package in '/home/arjun/SMART-LAB-ITAP-WEBOTS/webots_ros2_epuck' with build type 'ament_python'
[0.421s] Level 1:colcon.colcon_core.shell:create_environment_hook('webots_ros2_epuck', 'ament_prefix_path')
[0.424s] INFO:colcon.colcon_core.plugin_system:Skipping extension 'colcon_core.shell.bat': Not used on non-Windows systems
[0.425s] INFO:colcon.colcon_core.shell:Creating environment hook '/home/arjun/SMART-LAB-ITAP-WEBOTS/install/webots_ros2_epuck/share/webots_ros2_epuck/hook/ament_prefix_path.ps1'
[0.425s] INFO:colcon.colcon_core.shell:Creating environment descriptor '/home/arjun/SMART-LAB-ITAP-WEBOTS/install/webots_ros2_epuck/share/webots_ros2_epuck/hook/ament_prefix_path.dsv'
[0.426s] INFO:colcon.colcon_core.shell:Creating environment hook '/home/arjun/SMART-LAB-ITAP-WEBOTS/install/webots_ros2_epuck/share/webots_ros2_epuck/hook/ament_prefix_path.sh'
[0.427s] INFO:colcon.colcon_core.shell:Skip shell extension 'powershell' for command environment: Not usable outside of PowerShell
[0.427s] DEBUG:colcon.colcon_core.shell:Skip shell extension 'dsv' for command environment
[0.431s] INFO:colcon.colcon_ros.task.ament_python.build:Building ROS package in '/home/arjun/SMART-LAB-ITAP-WEBOTS/webots_ros2_mavic' with build type 'ament_python'
[0.432s] Level 1:colcon.colcon_core.shell:create_environment_hook('webots_ros2_mavic', 'ament_prefix_path')
[0.433s] INFO:colcon.colcon_core.shell:Creating environment hook '/home/arjun/SMART-LAB-ITAP-WEBOTS/install/webots_ros2_mavic/share/webots_ros2_mavic/hook/ament_prefix_path.ps1'
[0.433s] INFO:colcon.colcon_core.shell:Creating environment descriptor '/home/arjun/SMART-LAB-ITAP-WEBOTS/install/webots_ros2_mavic/share/webots_ros2_mavic/hook/ament_prefix_path.dsv'
[0.434s] INFO:colcon.colcon_core.shell:Creating environment hook '/home/arjun/SMART-LAB-ITAP-WEBOTS/install/webots_ros2_mavic/share/webots_ros2_mavic/hook/ament_prefix_path.sh'
[0.435s] INFO:colcon.colcon_core.shell:Skip shell extension 'powershell' for command environment: Not usable outside of PowerShell
[0.435s] DEBUG:colcon.colcon_core.shell:Skip shell extension 'dsv' for command environment
[0.440s] INFO:colcon.colcon_ros.task.ament_python.build:Building ROS package in '/home/arjun/SMART-LAB-ITAP-WEBOTS/webots_ros2_turtlebot' with build type 'ament_python'
[0.440s] Level 1:colcon.colcon_core.shell:create_environment_hook('webots_ros2_turtlebot', 'ament_prefix_path')
[0.441s] INFO:colcon.colcon_core.shell:Creating environment hook '/home/arjun/SMART-LAB-ITAP-WEBOTS/install/webots_ros2_turtlebot/share/webots_ros2_turtlebot/hook/ament_prefix_path.ps1'
[0.441s] INFO:colcon.colcon_core.shell:Creating environment descriptor '/home/arjun/SMART-LAB-ITAP-WEBOTS/install/webots_ros2_turtlebot/share/webots_ros2_turtlebot/hook/ament_prefix_path.dsv'
[0.442s] INFO:colcon.colcon_core.shell:Creating environment hook '/home/arjun/SMART-LAB-ITAP-WEBOTS/install/webots_ros2_turtlebot/share/webots_ros2_turtlebot/hook/ament_prefix_path.sh'
[0.443s] INFO:colcon.colcon_core.shell:Skip shell extension 'powershell' for command environment: Not usable outside of PowerShell
[0.443s] DEBUG:colcon.colcon_core.shell:Skip shell extension 'dsv' for command environment
[0.683s] INFO:colcon.colcon_core.task.python.build:Building Python package in '/home/arjun/SMART-LAB-ITAP-WEBOTS/webots_ros2_epuck'
[0.685s] INFO:colcon.colcon_core.shell:Skip shell extension 'powershell' for command environment: Not usable outside of PowerShell
[0.685s] DEBUG:colcon.colcon_core.shell:Skip shell extension 'dsv' for command environment
[0.927s] INFO:colcon.colcon_core.task.python.build:Building Python package in '/home/arjun/SMART-LAB-ITAP-WEBOTS/webots_ros2_mavic'
[0.928s] INFO:colcon.colcon_core.shell:Skip shell extension 'powershell' for command environment: Not usable outside of PowerShell
[0.928s] DEBUG:colcon.colcon_core.shell:Skip shell extension 'dsv' for command environment
[1.165s] INFO:colcon.colcon_core.task.python.build:Building Python package in '/home/arjun/SMART-LAB-ITAP-WEBOTS/webots_ros2_turtlebot'
[1.167s] INFO:colcon.colcon_core.shell:Skip shell extension 'powershell' for command environment: Not usable outside of PowerShell
[1.167s] DEBUG:colcon.colcon_core.shell:Skip shell extension 'dsv' for command environment
[1.513s] DEBUG:colcon.colcon_core.event_handler.log_command:Invoking command in '/home/arjun/SMART-LAB-ITAP-WEBOTS/webots_ros2_epuck': PYTHONPATH=/home/arjun/SMART-LAB-ITAP-WEBOTS/build/webots_ros2_epuck/prefix_override:/home/arjun/SMART-LAB-ITAP-WEBOTS/install/webots_ros2_epuck/lib/python3.10/site-packages:${PYTHONPATH} /usr/bin/python3 setup.py egg_info --egg-base ../build/webots_ros2_epuck build --build-base /home/arjun/SMART-LAB-ITAP-WEBOTS/build/webots_ros2_epuck/build install --record /home/arjun/SMART-LAB-ITAP-WEBOTS/build/webots_ros2_epuck/install.log --single-version-externally-managed
[1.516s] DEBUG:colcon.colcon_core.event_handler.log_command:Invoking command in '/home/arjun/SMART-LAB-ITAP-WEBOTS/webots_ros2_mavic': PYTHONPATH=/home/arjun/SMART-LAB-ITAP-WEBOTS/build/webots_ros2_mavic/prefix_override:/home/arjun/SMART-LAB-ITAP-WEBOTS/install/webots_ros2_mavic/lib/python3.10/site-packages:${PYTHONPATH} /usr/bin/python3 setup.py egg_info --egg-base ../build/webots_ros2_mavic build --build-base /home/arjun/SMART-LAB-ITAP-WEBOTS/build/webots_ros2_mavic/build install --record /home/arjun/SMART-LAB-ITAP-WEBOTS/build/webots_ros2_mavic/install.log --single-version-externally-managed
[1.519s] DEBUG:colcon.colcon_core.event_handler.log_command:Invoking command in '/home/arjun/SMART-LAB-ITAP-WEBOTS/webots_ros2_turtlebot': PYTHONPATH=/home/arjun/SMART-LAB-ITAP-WEBOTS/build/webots_ros2_turtlebot/prefix_override:/home/arjun/SMART-LAB-ITAP-WEBOTS/install/webots_ros2_turtlebot/lib/python3.10/site-packages:${PYTHONPATH} /usr/bin/python3 setup.py egg_info --egg-base ../build/webots_ros2_turtlebot build --build-base /home/arjun/SMART-LAB-ITAP-WEBOTS/build/webots_ros2_turtlebot/build install --record /home/arjun/SMART-LAB-ITAP-WEBOTS/build/webots_ros2_turtlebot/install.log --single-version-externally-managed
[1.799s] DEBUG:colcon.colcon_core.event_handler.log_command:Invoked command in '/home/arjun/SMART-LAB-ITAP-WEBOTS/webots_ros2_mavic' returned '0': PYTHONPATH=/home/arjun/SMART-LAB-ITAP-WEBOTS/build/webots_ros2_mavic/prefix_override:/home/arjun/SMART-LAB-ITAP-WEBOTS/install/webots_ros2_mavic/lib/python3.10/site-packages:${PYTHONPATH} /usr/bin/python3 setup.py egg_info --egg-base ../build/webots_ros2_mavic build --build-base /home/arjun/SMART-LAB-ITAP-WEBOTS/build/webots_ros2_mavic/build install --record /home/arjun/SMART-LAB-ITAP-WEBOTS/build/webots_ros2_mavic/install.log --single-version-externally-managed
[1.803s] Level 1:colcon.colcon_core.environment:checking '/home/arjun/SMART-LAB-ITAP-WEBOTS/install/webots_ros2_mavic' for CMake module files
[1.803s] Level 1:colcon.colcon_core.environment:checking '/home/arjun/SMART-LAB-ITAP-WEBOTS/install/webots_ros2_mavic' for CMake config files
[1.804s] Level 1:colcon.colcon_core.environment:checking '/home/arjun/SMART-LAB-ITAP-WEBOTS/install/webots_ros2_mavic/lib'
[1.804s] Level 1:colcon.colcon_core.environment:checking '/home/arjun/SMART-LAB-ITAP-WEBOTS/install/webots_ros2_mavic/bin'
[1.804s] Level 1:colcon.colcon_core.environment:checking '/home/arjun/SMART-LAB-ITAP-WEBOTS/install/webots_ros2_mavic/lib/pkgconfig/webots_ros2_mavic.pc'
[1.805s] Level 1:colcon.colcon_core.environment:checking '/home/arjun/SMART-LAB-ITAP-WEBOTS/install/webots_ros2_mavic/lib/python3.10/site-packages'
[1.805s] Level 1:colcon.colcon_core.shell:create_environment_hook('webots_ros2_mavic', 'pythonpath')
[1.806s] INFO:colcon.colcon_core.shell:Creating environment hook '/home/arjun/SMART-LAB-ITAP-WEBOTS/install/webots_ros2_mavic/share/webots_ros2_mavic/hook/pythonpath.ps1'
[1.806s] INFO:colcon.colcon_core.shell:Creating environment descriptor '/home/arjun/SMART-LAB-ITAP-WEBOTS/install/webots_ros2_mavic/share/webots_ros2_mavic/hook/pythonpath.dsv'
[1.807s] INFO:colcon.colcon_core.shell:Creating environment hook '/home/arjun/SMART-LAB-ITAP-WEBOTS/install/webots_ros2_mavic/share/webots_ros2_mavic/hook/pythonpath.sh'
[1.807s] Level 1:colcon.colcon_core.environment:checking '/home/arjun/SMART-LAB-ITAP-WEBOTS/install/webots_ros2_mavic/bin'
[1.807s] Level 1:colcon.colcon_core.environment:create_environment_scripts_only(webots_ros2_mavic)
[1.809s] INFO:colcon.colcon_core.shell:Creating package script '/home/arjun/SMART-LAB-ITAP-WEBOTS/install/webots_ros2_mavic/share/webots_ros2_mavic/package.ps1'
[1.809s] INFO:colcon.colcon_core.shell:Creating package descriptor '/home/arjun/SMART-LAB-ITAP-WEBOTS/install/webots_ros2_mavic/share/webots_ros2_mavic/package.dsv'
[1.810s] INFO:colcon.colcon_core.shell:Creating package script '/home/arjun/SMART-LAB-ITAP-WEBOTS/install/webots_ros2_mavic/share/webots_ros2_mavic/package.sh'
[1.811s] INFO:colcon.colcon_core.shell:Creating package script '/home/arjun/SMART-LAB-ITAP-WEBOTS/install/webots_ros2_mavic/share/webots_ros2_mavic/package.bash'
[1.811s] INFO:colcon.colcon_core.shell:Creating package script '/home/arjun/SMART-LAB-ITAP-WEBOTS/install/webots_ros2_mavic/share/webots_ros2_mavic/package.zsh'
[1.812s] Level 1:colcon.colcon_core.environment:create_file_with_runtime_dependencies(/home/arjun/SMART-LAB-ITAP-WEBOTS/install/webots_ros2_mavic/share/colcon-core/packages/webots_ros2_mavic)
[1.815s] Level 1:colcon.colcon_core.environment:checking '/home/arjun/SMART-LAB-ITAP-WEBOTS/install/webots_ros2_epuck' for CMake module files
[1.815s] DEBUG:colcon.colcon_core.event_handler.log_command:Invoked command in '/home/arjun/SMART-LAB-ITAP-WEBOTS/webots_ros2_epuck' returned '0': PYTHONPATH=/home/arjun/SMART-LAB-ITAP-WEBOTS/build/webots_ros2_epuck/prefix_override:/home/arjun/SMART-LAB-ITAP-WEBOTS/install/webots_ros2_epuck/lib/python3.10/site-packages:${PYTHONPATH} /usr/bin/python3 setup.py egg_info --egg-base ../build/webots_ros2_epuck build --build-base /home/arjun/SMART-LAB-ITAP-WEBOTS/build/webots_ros2_epuck/build install --record /home/arjun/SMART-LAB-ITAP-WEBOTS/build/webots_ros2_epuck/install.log --single-version-externally-managed
[1.816s] Level 1:colcon.colcon_core.environment:checking '/home/arjun/SMART-LAB-ITAP-WEBOTS/install/webots_ros2_epuck' for CMake config files
[1.816s] Level 1:colcon.colcon_core.environment:checking '/home/arjun/SMART-LAB-ITAP-WEBOTS/install/webots_ros2_epuck/lib'
[1.816s] Level 1:colcon.colcon_core.environment:checking '/home/arjun/SMART-LAB-ITAP-WEBOTS/install/webots_ros2_epuck/bin'
[1.816s] Level 1:colcon.colcon_core.environment:checking '/home/arjun/SMART-LAB-ITAP-WEBOTS/install/webots_ros2_epuck/lib/pkgconfig/webots_ros2_epuck.pc'
[1.817s] Level 1:colcon.colcon_core.environment:checking '/home/arjun/SMART-LAB-ITAP-WEBOTS/install/webots_ros2_epuck/lib/python3.10/site-packages'
[1.817s] Level 1:colcon.colcon_core.shell:create_environment_hook('webots_ros2_epuck', 'pythonpath')
[1.818s] INFO:colcon.colcon_core.shell:Creating environment hook '/home/arjun/SMART-LAB-ITAP-WEBOTS/install/webots_ros2_epuck/share/webots_ros2_epuck/hook/pythonpath.ps1'
[1.818s] INFO:colcon.colcon_core.shell:Creating environment descriptor '/home/arjun/SMART-LAB-ITAP-WEBOTS/install/webots_ros2_epuck/share/webots_ros2_epuck/hook/pythonpath.dsv'
[1.818s] INFO:colcon.colcon_core.shell:Creating environment hook '/home/arjun/SMART-LAB-ITAP-WEBOTS/install/webots_ros2_epuck/share/webots_ros2_epuck/hook/pythonpath.sh'
[1.819s] Level 1:colcon.colcon_core.environment:checking '/home/arjun/SMART-LAB-ITAP-WEBOTS/install/webots_ros2_epuck/bin'
[1.819s] Level 1:colcon.colcon_core.environment:create_environment_scripts_only(webots_ros2_epuck)
[1.820s] INFO:colcon.colcon_core.shell:Creating package script '/home/arjun/SMART-LAB-ITAP-WEBOTS/install/webots_ros2_epuck/share/webots_ros2_epuck/package.ps1'
[1.821s] INFO:colcon.colcon_core.shell:Creating package descriptor '/home/arjun/SMART-LAB-ITAP-WEBOTS/install/webots_ros2_epuck/share/webots_ros2_epuck/package.dsv'
[1.821s] INFO:colcon.colcon_core.shell:Creating package script '/home/arjun/SMART-LAB-ITAP-WEBOTS/install/webots_ros2_epuck/share/webots_ros2_epuck/package.sh'
[1.821s] INFO:colcon.colcon_core.shell:Creating package script '/home/arjun/SMART-LAB-ITAP-WEBOTS/install/webots_ros2_epuck/share/webots_ros2_epuck/package.bash'
[1.822s] INFO:colcon.colcon_core.shell:Creating package script '/home/arjun/SMART-LAB-ITAP-WEBOTS/install/webots_ros2_epuck/share/webots_ros2_epuck/package.zsh'
[1.822s] Level 1:colcon.colcon_core.environment:create_file_with_runtime_dependencies(/home/arjun/SMART-LAB-ITAP-WEBOTS/install/webots_ros2_epuck/share/colcon-core/packages/webots_ros2_epuck)
[1.823s] Level 1:colcon.colcon_core.environment:checking '/home/arjun/SMART-LAB-ITAP-WEBOTS/install/webots_ros2_turtlebot' for CMake module files
[1.825s] DEBUG:colcon.colcon_core.event_handler.log_command:Invoked command in '/home/arjun/SMART-LAB-ITAP-WEBOTS/webots_ros2_turtlebot' returned '0': PYTHONPATH=/home/arjun/SMART-LAB-ITAP-WEBOTS/build/webots_ros2_turtlebot/prefix_override:/home/arjun/SMART-LAB-ITAP-WEBOTS/install/webots_ros2_turtlebot/lib/python3.10/site-packages:${PYTHONPATH} /usr/bin/python3 setup.py egg_info --egg-base ../build/webots_ros2_turtlebot build --build-base /home/arjun/SMART-LAB-ITAP-WEBOTS/build/webots_ros2_turtlebot/build install --record /home/arjun/SMART-LAB-ITAP-WEBOTS/build/webots_ros2_turtlebot/install.log --single-version-externally-managed
[1.825s] Level 1:colcon.colcon_core.environment:checking '/home/arjun/SMART-LAB-ITAP-WEBOTS/install/webots_ros2_turtlebot' for CMake config files
[1.825s] Level 1:colcon.colcon_core.environment:checking '/home/arjun/SMART-LAB-ITAP-WEBOTS/install/webots_ros2_turtlebot/lib'
[1.826s] Level 1:colcon.colcon_core.environment:checking '/home/arjun/SMART-LAB-ITAP-WEBOTS/install/webots_ros2_turtlebot/bin'
[1.826s] Level 1:colcon.colcon_core.environment:checking '/home/arjun/SMART-LAB-ITAP-WEBOTS/install/webots_ros2_turtlebot/lib/pkgconfig/webots_ros2_turtlebot.pc'
[1.826s] Level 1:colcon.colcon_core.environment:checking '/home/arjun/SMART-LAB-ITAP-WEBOTS/install/webots_ros2_turtlebot/lib/python3.10/site-packages'
[1.826s] Level 1:colcon.colcon_core.shell:create_environment_hook('webots_ros2_turtlebot', 'pythonpath')
[1.827s] INFO:colcon.colcon_core.shell:Creating environment hook '/home/arjun/SMART-LAB-ITAP-WEBOTS/install/webots_ros2_turtlebot/share/webots_ros2_turtlebot/hook/pythonpath.ps1'
[1.827s] INFO:colcon.colcon_core.shell:Creating environment descriptor '/home/arjun/SMART-LAB-ITAP-WEBOTS/install/webots_ros2_turtlebot/share/webots_ros2_turtlebot/hook/pythonpath.dsv'
[1.828s] INFO:colcon.colcon_core.shell:Creating environment hook '/home/arjun/SMART-LAB-ITAP-WEBOTS/install/webots_ros2_turtlebot/share/webots_ros2_turtlebot/hook/pythonpath.sh'
[1.828s] Level 1:colcon.colcon_core.environment:checking '/home/arjun/SMART-LAB-ITAP-WEBOTS/install/webots_ros2_turtlebot/bin'
[1.828s] Level 1:colcon.colcon_core.environment:create_environment_scripts_only(webots_ros2_turtlebot)
[1.830s] INFO:colcon.colcon_core.shell:Creating package script '/home/arjun/SMART-LAB-ITAP-WEBOTS/install/webots_ros2_turtlebot/share/webots_ros2_turtlebot/package.ps1'
[1.830s] INFO:colcon.colcon_core.shell:Creating package descriptor '/home/arjun/SMART-LAB-ITAP-WEBOTS/install/webots_ros2_turtlebot/share/webots_ros2_turtlebot/package.dsv'
[1.831s] INFO:colcon.colcon_core.shell:Creating package script '/home/arjun/SMART-LAB-ITAP-WEBOTS/install/webots_ros2_turtlebot/share/webots_ros2_turtlebot/package.sh'
[1.831s] INFO:colcon.colcon_core.shell:Creating package script '/home/arjun/SMART-LAB-ITAP-WEBOTS/install/webots_ros2_turtlebot/share/webots_ros2_turtlebot/package.bash'
[1.831s] INFO:colcon.colcon_core.shell:Creating package script '/home/arjun/SMART-LAB-ITAP-WEBOTS/install/webots_ros2_turtlebot/share/webots_ros2_turtlebot/package.zsh'
[1.832s] Level 1:colcon.colcon_core.environment:create_file_with_runtime_dependencies(/home/arjun/SMART-LAB-ITAP-WEBOTS/install/webots_ros2_turtlebot/share/colcon-core/packages/webots_ros2_turtlebot)
[1.832s] DEBUG:colcon.colcon_parallel_executor.executor.parallel:closing loop
[1.832s] DEBUG:colcon.colcon_parallel_executor.executor.parallel:loop closed
[1.832s] DEBUG:colcon.colcon_parallel_executor.executor.parallel:run_until_complete finished with '0'
[1.833s] DEBUG:colcon.colcon_core.event_reactor:joining thread
[1.837s] INFO:colcon.colcon_core.plugin_system:Skipping extension 'colcon_notification.desktop_notification.terminal_notifier': Not used on non-Darwin systems
[1.838s] INFO:colcon.colcon_core.plugin_system:Skipping extension 'colcon_notification.desktop_notification.win32': Not used on non-Windows systems
[1.838s] INFO:colcon.colcon_notification.desktop_notification:Sending desktop notification using 'notify2'
[1.847s] DEBUG:colcon.colcon_core.event_reactor:joined thread
[1.848s] INFO:colcon.colcon_core.shell:Creating prefix script '/home/arjun/SMART-LAB-ITAP-WEBOTS/install/local_setup.ps1'
[1.849s] INFO:colcon.colcon_core.shell:Creating prefix util module '/home/arjun/SMART-LAB-ITAP-WEBOTS/install/_local_setup_util_ps1.py'
[1.850s] INFO:colcon.colcon_core.shell:Creating prefix chain script '/home/arjun/SMART-LAB-ITAP-WEBOTS/install/setup.ps1'
[1.851s] INFO:colcon.colcon_core.shell:Creating prefix script '/home/arjun/SMART-LAB-ITAP-WEBOTS/install/local_setup.sh'
[1.852s] INFO:colcon.colcon_core.shell:Creating prefix util module '/home/arjun/SMART-LAB-ITAP-WEBOTS/install/_local_setup_util_sh.py'
[1.852s] INFO:colcon.colcon_core.shell:Creating prefix chain script '/home/arjun/SMART-LAB-ITAP-WEBOTS/install/setup.sh'
[1.854s] INFO:colcon.colcon_core.shell:Creating prefix script '/home/arjun/SMART-LAB-ITAP-WEBOTS/install/local_setup.bash'
[1.854s] INFO:colcon.colcon_core.shell:Creating prefix chain script '/home/arjun/SMART-LAB-ITAP-WEBOTS/install/setup.bash'
[1.855s] INFO:colcon.colcon_core.shell:Creating prefix script '/home/arjun/SMART-LAB-ITAP-WEBOTS/install/local_setup.zsh'
[1.856s] INFO:colcon.colcon_core.shell:Creating prefix chain script '/home/arjun/SMART-LAB-ITAP-WEBOTS/install/setup.zsh'
