[35m[1mConsolidate compiler generated dependencies of target robot_interfaces__rosidl_generator_c[0m
[  3%] Built target robot_interfaces__cpp
[ 12%] Built target robot_interfaces__rosidl_generator_c
[ 12%] Built target ament_cmake_python_copy_robot_interfaces
[35m[1mConsolidate compiler generated dependencies of target robot_interfaces__rosidl_typesupport_introspection_cpp[0m
[35m[1mConsolidate compiler generated dependencies of target robot_interfaces__rosidl_typesupport_cpp[0m
[35m[1mConsolidate compiler generated dependencies of target robot_interfaces__rosidl_typesupport_fastrtps_c[0m
[35m[1mConsolidate compiler generated dependencies of target robot_interfaces__rosidl_typesupport_fastrtps_cpp[0m
[35m[1mConsolidate compiler generated dependencies of target robot_interfaces__rosidl_typesupport_c[0m
[35m[1mConsolidate compiler generated dependencies of target robot_interfaces__rosidl_typesupport_introspection_c[0m
[ 22%] Built target robot_interfaces__rosidl_typesupport_introspection_cpp
[ 32%] Built target robot_interfaces__rosidl_typesupport_c
[ 41%] Built target robot_interfaces__rosidl_typesupport_cpp
[ 58%] Built target robot_interfaces__rosidl_typesupport_fastrtps_cpp
[ 61%] Built target robot_interfaces__rosidl_typesupport_fastrtps_c
[ 70%] Built target robot_interfaces__rosidl_typesupport_introspection_c
[ 70%] Built target robot_interfaces
[ 74%] Built target robot_interfaces__py
[35m[1mConsolidate compiler generated dependencies of target robot_interfaces__rosidl_generator_py[0m
[ 80%] Built target robot_interfaces__rosidl_generator_py
[35m[1mConsolidate compiler generated dependencies of target robot_interfaces__rosidl_typesupport_c__pyext[0m
[35m[1mConsolidate compiler generated dependencies of target robot_interfaces__rosidl_typesupport_fastrtps_c__pyext[0m
[35m[1mConsolidate compiler generated dependencies of target robot_interfaces__rosidl_typesupport_introspection_c__pyext[0m
[100%] Built target robot_interfaces__rosidl_typesupport_introspection_c__pyext
[100%] Built target robot_interfaces__rosidl_typesupport_c__pyext
[100%] Built target robot_interfaces__rosidl_typesupport_fastrtps_c__pyext
running egg_info
writing robot_interfaces.egg-info/PKG-INFO
writing dependency_links to robot_interfaces.egg-info/dependency_links.txt
writing top-level names to robot_interfaces.egg-info/top_level.txt
reading manifest file 'robot_interfaces.egg-info/SOURCES.txt'
writing manifest file 'robot_interfaces.egg-info/SOURCES.txt'
[100%] Built target ament_cmake_python_build_robot_interfaces_egg
-- Install configuration: ""
-- Installing: /home/arjun/SMART-LAB-ITAP-WEBOTS/install/robot_interfaces/share/ament_index/resource_index/rosidl_interfaces/robot_interfaces
-- Installing: /home/arjun/SMART-LAB-ITAP-WEBOTS/install/robot_interfaces/include/robot_interfaces/robot_interfaces
-- Installing: /home/arjun/SMART-LAB-ITAP-WEBOTS/install/robot_interfaces/include/robot_interfaces/robot_interfaces/msg
-- Installing: /home/arjun/SMART-LAB-ITAP-WEBOTS/install/robot_interfaces/include/robot_interfaces/robot_interfaces/msg/diverse_array.h
-- Installing: /home/arjun/SMART-LAB-ITAP-WEBOTS/install/robot_interfaces/include/robot_interfaces/robot_interfaces/msg/rosidl_generator_c__visibility_control.h
-- Installing: /home/arjun/SMART-LAB-ITAP-WEBOTS/install/robot_interfaces/include/robot_interfaces/robot_interfaces/msg/detail
-- Installing: /home/arjun/SMART-LAB-ITAP-WEBOTS/install/robot_interfaces/include/robot_interfaces/robot_interfaces/msg/detail/diverse_array__struct.h
-- Installing: /home/arjun/SMART-LAB-ITAP-WEBOTS/install/robot_interfaces/include/robot_interfaces/robot_interfaces/msg/detail/diverse_array__type_support.h
-- Installing: /home/arjun/SMART-LAB-ITAP-WEBOTS/install/robot_interfaces/include/robot_interfaces/robot_interfaces/msg/detail/diverse_array__functions.h
-- Installing: /home/arjun/SMART-LAB-ITAP-WEBOTS/install/robot_interfaces/include/robot_interfaces/robot_interfaces/msg/detail/diverse_array__functions.c
-- Installing: /home/arjun/SMART-LAB-ITAP-WEBOTS/install/robot_interfaces/share/robot_interfaces/environment/library_path.sh
-- Installing: /home/arjun/SMART-LAB-ITAP-WEBOTS/install/robot_interfaces/share/robot_interfaces/environment/library_path.dsv
-- Installing: /home/arjun/SMART-LAB-ITAP-WEBOTS/install/robot_interfaces/lib/librobot_interfaces__rosidl_generator_c.so
-- Set runtime path of "/home/arjun/SMART-LAB-ITAP-WEBOTS/install/robot_interfaces/lib/librobot_interfaces__rosidl_generator_c.so" to ""
-- Up-to-date: /home/arjun/SMART-LAB-ITAP-WEBOTS/install/robot_interfaces/include/robot_interfaces/robot_interfaces
-- Up-to-date: /home/arjun/SMART-LAB-ITAP-WEBOTS/install/robot_interfaces/include/robot_interfaces/robot_interfaces/msg
-- Up-to-date: /home/arjun/SMART-LAB-ITAP-WEBOTS/install/robot_interfaces/include/robot_interfaces/robot_interfaces/msg/detail
-- Installing: /home/arjun/SMART-LAB-ITAP-WEBOTS/install/robot_interfaces/include/robot_interfaces/robot_interfaces/msg/detail/diverse_array__rosidl_typesupport_fastrtps_c.h
-- Installing: /home/arjun/SMART-LAB-ITAP-WEBOTS/install/robot_interfaces/include/robot_interfaces/robot_interfaces/msg/rosidl_typesupport_fastrtps_c__visibility_control.h
-- Installing: /home/arjun/SMART-LAB-ITAP-WEBOTS/install/robot_interfaces/lib/librobot_interfaces__rosidl_typesupport_fastrtps_c.so
-- Set runtime path of "/home/arjun/SMART-LAB-ITAP-WEBOTS/install/robot_interfaces/lib/librobot_interfaces__rosidl_typesupport_fastrtps_c.so" to ""
-- Up-to-date: /home/arjun/SMART-LAB-ITAP-WEBOTS/install/robot_interfaces/include/robot_interfaces/robot_interfaces
-- Up-to-date: /home/arjun/SMART-LAB-ITAP-WEBOTS/install/robot_interfaces/include/robot_interfaces/robot_interfaces/msg
-- Installing: /home/arjun/SMART-LAB-ITAP-WEBOTS/install/robot_interfaces/include/robot_interfaces/robot_interfaces/msg/rosidl_typesupport_introspection_c__visibility_control.h
-- Up-to-date: /home/arjun/SMART-LAB-ITAP-WEBOTS/install/robot_interfaces/include/robot_interfaces/robot_interfaces/msg/detail
-- Installing: /home/arjun/SMART-LAB-ITAP-WEBOTS/install/robot_interfaces/include/robot_interfaces/robot_interfaces/msg/detail/diverse_array__type_support.c
-- Installing: /home/arjun/SMART-LAB-ITAP-WEBOTS/install/robot_interfaces/include/robot_interfaces/robot_interfaces/msg/detail/diverse_array__rosidl_typesupport_introspection_c.h
-- Installing: /home/arjun/SMART-LAB-ITAP-WEBOTS/install/robot_interfaces/lib/librobot_interfaces__rosidl_typesupport_introspection_c.so
-- Set runtime path of "/home/arjun/SMART-LAB-ITAP-WEBOTS/install/robot_interfaces/lib/librobot_interfaces__rosidl_typesupport_introspection_c.so" to ""
-- Installing: /home/arjun/SMART-LAB-ITAP-WEBOTS/install/robot_interfaces/lib/librobot_interfaces__rosidl_typesupport_c.so
-- Set runtime path of "/home/arjun/SMART-LAB-ITAP-WEBOTS/install/robot_interfaces/lib/librobot_interfaces__rosidl_typesupport_c.so" to ""
-- Up-to-date: /home/arjun/SMART-LAB-ITAP-WEBOTS/install/robot_interfaces/include/robot_interfaces/robot_interfaces
-- Up-to-date: /home/arjun/SMART-LAB-ITAP-WEBOTS/install/robot_interfaces/include/robot_interfaces/robot_interfaces/msg
-- Installing: /home/arjun/SMART-LAB-ITAP-WEBOTS/install/robot_interfaces/include/robot_interfaces/robot_interfaces/msg/diverse_array.hpp
-- Up-to-date: /home/arjun/SMART-LAB-ITAP-WEBOTS/install/robot_interfaces/include/robot_interfaces/robot_interfaces/msg/detail
-- Installing: /home/arjun/SMART-LAB-ITAP-WEBOTS/install/robot_interfaces/include/robot_interfaces/robot_interfaces/msg/detail/diverse_array__traits.hpp
-- Installing: /home/arjun/SMART-LAB-ITAP-WEBOTS/install/robot_interfaces/include/robot_interfaces/robot_interfaces/msg/detail/diverse_array__struct.hpp
-- Installing: /home/arjun/SMART-LAB-ITAP-WEBOTS/install/robot_interfaces/include/robot_interfaces/robot_interfaces/msg/detail/diverse_array__builder.hpp
-- Up-to-date: /home/arjun/SMART-LAB-ITAP-WEBOTS/install/robot_interfaces/include/robot_interfaces/robot_interfaces
-- Up-to-date: /home/arjun/SMART-LAB-ITAP-WEBOTS/install/robot_interfaces/include/robot_interfaces/robot_interfaces/msg
-- Installing: /home/arjun/SMART-LAB-ITAP-WEBOTS/install/robot_interfaces/include/robot_interfaces/robot_interfaces/msg/rosidl_typesupport_fastrtps_cpp__visibility_control.h
-- Up-to-date: /home/arjun/SMART-LAB-ITAP-WEBOTS/install/robot_interfaces/include/robot_interfaces/robot_interfaces/msg/detail
-- Installing: /home/arjun/SMART-LAB-ITAP-WEBOTS/install/robot_interfaces/include/robot_interfaces/robot_interfaces/msg/detail/diverse_array__rosidl_typesupport_fastrtps_cpp.hpp
-- Installing: /home/arjun/SMART-LAB-ITAP-WEBOTS/install/robot_interfaces/include/robot_interfaces/robot_interfaces/msg/detail/dds_fastrtps
-- Installing: /home/arjun/SMART-LAB-ITAP-WEBOTS/install/robot_interfaces/lib/librobot_interfaces__rosidl_typesupport_fastrtps_cpp.so
-- Set runtime path of "/home/arjun/SMART-LAB-ITAP-WEBOTS/install/robot_interfaces/lib/librobot_interfaces__rosidl_typesupport_fastrtps_cpp.so" to ""
-- Up-to-date: /home/arjun/SMART-LAB-ITAP-WEBOTS/install/robot_interfaces/include/robot_interfaces/robot_interfaces
-- Up-to-date: /home/arjun/SMART-LAB-ITAP-WEBOTS/install/robot_interfaces/include/robot_interfaces/robot_interfaces/msg
-- Up-to-date: /home/arjun/SMART-LAB-ITAP-WEBOTS/install/robot_interfaces/include/robot_interfaces/robot_interfaces/msg/detail
-- Installing: /home/arjun/SMART-LAB-ITAP-WEBOTS/install/robot_interfaces/include/robot_interfaces/robot_interfaces/msg/detail/diverse_array__type_support.cpp
-- Installing: /home/arjun/SMART-LAB-ITAP-WEBOTS/install/robot_interfaces/include/robot_interfaces/robot_interfaces/msg/detail/diverse_array__rosidl_typesupport_introspection_cpp.hpp
-- Installing: /home/arjun/SMART-LAB-ITAP-WEBOTS/install/robot_interfaces/lib/librobot_interfaces__rosidl_typesupport_introspection_cpp.so
-- Set runtime path of "/home/arjun/SMART-LAB-ITAP-WEBOTS/install/robot_interfaces/lib/librobot_interfaces__rosidl_typesupport_introspection_cpp.so" to ""
-- Installing: /home/arjun/SMART-LAB-ITAP-WEBOTS/install/robot_interfaces/lib/librobot_interfaces__rosidl_typesupport_cpp.so
-- Set runtime path of "/home/arjun/SMART-LAB-ITAP-WEBOTS/install/robot_interfaces/lib/librobot_interfaces__rosidl_typesupport_cpp.so" to ""
-- Installing: /home/arjun/SMART-LAB-ITAP-WEBOTS/install/robot_interfaces/share/robot_interfaces/environment/pythonpath.sh
-- Installing: /home/arjun/SMART-LAB-ITAP-WEBOTS/install/robot_interfaces/share/robot_interfaces/environment/pythonpath.dsv
-- Installing: /home/arjun/SMART-LAB-ITAP-WEBOTS/install/robot_interfaces/local/lib/python3.10/dist-packages/robot_interfaces-0.0.0-py3.10.egg-info
-- Installing: /home/arjun/SMART-LAB-ITAP-WEBOTS/install/robot_interfaces/local/lib/python3.10/dist-packages/robot_interfaces-0.0.0-py3.10.egg-info/PKG-INFO
-- Installing: /home/arjun/SMART-LAB-ITAP-WEBOTS/install/robot_interfaces/local/lib/python3.10/dist-packages/robot_interfaces-0.0.0-py3.10.egg-info/dependency_links.txt
-- Installing: /home/arjun/SMART-LAB-ITAP-WEBOTS/install/robot_interfaces/local/lib/python3.10/dist-packages/robot_interfaces-0.0.0-py3.10.egg-info/SOURCES.txt
-- Installing: /home/arjun/SMART-LAB-ITAP-WEBOTS/install/robot_interfaces/local/lib/python3.10/dist-packages/robot_interfaces-0.0.0-py3.10.egg-info/top_level.txt
-- Installing: /home/arjun/SMART-LAB-ITAP-WEBOTS/install/robot_interfaces/local/lib/python3.10/dist-packages/robot_interfaces
-- Installing: /home/arjun/SMART-LAB-ITAP-WEBOTS/install/robot_interfaces/local/lib/python3.10/dist-packages/robot_interfaces/msg
-- Installing: /home/arjun/SMART-LAB-ITAP-WEBOTS/install/robot_interfaces/local/lib/python3.10/dist-packages/robot_interfaces/msg/_diverse_array_s.c
-- Installing: /home/arjun/SMART-LAB-ITAP-WEBOTS/install/robot_interfaces/local/lib/python3.10/dist-packages/robot_interfaces/msg/_diverse_array.py
-- Installing: /home/arjun/SMART-LAB-ITAP-WEBOTS/install/robot_interfaces/local/lib/python3.10/dist-packages/robot_interfaces/msg/__init__.py
-- Installing: /home/arjun/SMART-LAB-ITAP-WEBOTS/install/robot_interfaces/local/lib/python3.10/dist-packages/robot_interfaces/_robot_interfaces_s.ep.rosidl_typesupport_c.c
-- Installing: /home/arjun/SMART-LAB-ITAP-WEBOTS/install/robot_interfaces/local/lib/python3.10/dist-packages/robot_interfaces/robot_interfaces_s__rosidl_typesupport_c.cpython-310-x86_64-linux-gnu.so
-- Installing: /home/arjun/SMART-LAB-ITAP-WEBOTS/install/robot_interfaces/local/lib/python3.10/dist-packages/robot_interfaces/_robot_interfaces_s.ep.rosidl_typesupport_introspection_c.c
-- Installing: /home/arjun/SMART-LAB-ITAP-WEBOTS/install/robot_interfaces/local/lib/python3.10/dist-packages/robot_interfaces/_robot_interfaces_s.ep.rosidl_typesupport_fastrtps_c.c
-- Installing: /home/arjun/SMART-LAB-ITAP-WEBOTS/install/robot_interfaces/local/lib/python3.10/dist-packages/robot_interfaces/librobot_interfaces__rosidl_generator_py.so
-- Installing: /home/arjun/SMART-LAB-ITAP-WEBOTS/install/robot_interfaces/local/lib/python3.10/dist-packages/robot_interfaces/__init__.py
-- Installing: /home/arjun/SMART-LAB-ITAP-WEBOTS/install/robot_interfaces/local/lib/python3.10/dist-packages/robot_interfaces/robot_interfaces_s__rosidl_typesupport_fastrtps_c.cpython-310-x86_64-linux-gnu.so
-- Installing: /home/arjun/SMART-LAB-ITAP-WEBOTS/install/robot_interfaces/local/lib/python3.10/dist-packages/robot_interfaces/robot_interfaces_s__rosidl_typesupport_introspection_c.cpython-310-x86_64-linux-gnu.so
Listing '/home/arjun/SMART-LAB-ITAP-WEBOTS/install/robot_interfaces/local/lib/python3.10/dist-packages/robot_interfaces'...
Compiling '/home/arjun/SMART-LAB-ITAP-WEBOTS/install/robot_interfaces/local/lib/python3.10/dist-packages/robot_interfaces/__init__.py'...
Listing '/home/arjun/SMART-LAB-ITAP-WEBOTS/install/robot_interfaces/local/lib/python3.10/dist-packages/robot_interfaces/msg'...
Compiling '/home/arjun/SMART-LAB-ITAP-WEBOTS/install/robot_interfaces/local/lib/python3.10/dist-packages/robot_interfaces/msg/__init__.py'...
Compiling '/home/arjun/SMART-LAB-ITAP-WEBOTS/install/robot_interfaces/local/lib/python3.10/dist-packages/robot_interfaces/msg/_diverse_array.py'...
-- Installing: /home/arjun/SMART-LAB-ITAP-WEBOTS/install/robot_interfaces/local/lib/python3.10/dist-packages/robot_interfaces/robot_interfaces_s__rosidl_typesupport_fastrtps_c.cpython-310-x86_64-linux-gnu.so
-- Set runtime path of "/home/arjun/SMART-LAB-ITAP-WEBOTS/install/robot_interfaces/local/lib/python3.10/dist-packages/robot_interfaces/robot_interfaces_s__rosidl_typesupport_fastrtps_c.cpython-310-x86_64-linux-gnu.so" to ""
-- Installing: /home/arjun/SMART-LAB-ITAP-WEBOTS/install/robot_interfaces/local/lib/python3.10/dist-packages/robot_interfaces/robot_interfaces_s__rosidl_typesupport_introspection_c.cpython-310-x86_64-linux-gnu.so
-- Set runtime path of "/home/arjun/SMART-LAB-ITAP-WEBOTS/install/robot_interfaces/local/lib/python3.10/dist-packages/robot_interfaces/robot_interfaces_s__rosidl_typesupport_introspection_c.cpython-310-x86_64-linux-gnu.so" to ""
-- Installing: /home/arjun/SMART-LAB-ITAP-WEBOTS/install/robot_interfaces/local/lib/python3.10/dist-packages/robot_interfaces/robot_interfaces_s__rosidl_typesupport_c.cpython-310-x86_64-linux-gnu.so
-- Set runtime path of "/home/arjun/SMART-LAB-ITAP-WEBOTS/install/robot_interfaces/local/lib/python3.10/dist-packages/robot_interfaces/robot_interfaces_s__rosidl_typesupport_c.cpython-310-x86_64-linux-gnu.so" to ""
-- Installing: /home/arjun/SMART-LAB-ITAP-WEBOTS/install/robot_interfaces/lib/librobot_interfaces__rosidl_generator_py.so
-- Set runtime path of "/home/arjun/SMART-LAB-ITAP-WEBOTS/install/robot_interfaces/lib/librobot_interfaces__rosidl_generator_py.so" to ""
-- Installing: /home/arjun/SMART-LAB-ITAP-WEBOTS/install/robot_interfaces/share/robot_interfaces/msg/DiverseArray.idl
-- Installing: /home/arjun/SMART-LAB-ITAP-WEBOTS/install/robot_interfaces/share/robot_interfaces/msg/DiverseArray.msg
-- Installing: /home/arjun/SMART-LAB-ITAP-WEBOTS/install/robot_interfaces/share/ament_index/resource_index/package_run_dependencies/robot_interfaces
-- Installing: /home/arjun/SMART-LAB-ITAP-WEBOTS/install/robot_interfaces/share/ament_index/resource_index/parent_prefix_path/robot_interfaces
-- Installing: /home/arjun/SMART-LAB-ITAP-WEBOTS/install/robot_interfaces/share/robot_interfaces/environment/ament_prefix_path.sh
-- Installing: /home/arjun/SMART-LAB-ITAP-WEBOTS/install/robot_interfaces/share/robot_interfaces/environment/ament_prefix_path.dsv
-- Installing: /home/arjun/SMART-LAB-ITAP-WEBOTS/install/robot_interfaces/share/robot_interfaces/environment/path.sh
-- Installing: /home/arjun/SMART-LAB-ITAP-WEBOTS/install/robot_interfaces/share/robot_interfaces/environment/path.dsv
-- Installing: /home/arjun/SMART-LAB-ITAP-WEBOTS/install/robot_interfaces/share/robot_interfaces/local_setup.bash
-- Installing: /home/arjun/SMART-LAB-ITAP-WEBOTS/install/robot_interfaces/share/robot_interfaces/local_setup.sh
-- Installing: /home/arjun/SMART-LAB-ITAP-WEBOTS/install/robot_interfaces/share/robot_interfaces/local_setup.zsh
-- Installing: /home/arjun/SMART-LAB-ITAP-WEBOTS/install/robot_interfaces/share/robot_interfaces/local_setup.dsv
-- Installing: /home/arjun/SMART-LAB-ITAP-WEBOTS/install/robot_interfaces/share/robot_interfaces/package.dsv
-- Installing: /home/arjun/SMART-LAB-ITAP-WEBOTS/install/robot_interfaces/share/ament_index/resource_index/packages/robot_interfaces
-- Installing: /home/arjun/SMART-LAB-ITAP-WEBOTS/install/robot_interfaces/share/robot_interfaces/cmake/export_robot_interfaces__rosidl_generator_cExport.cmake
-- Installing: /home/arjun/SMART-LAB-ITAP-WEBOTS/install/robot_interfaces/share/robot_interfaces/cmake/export_robot_interfaces__rosidl_generator_cExport-noconfig.cmake
-- Installing: /home/arjun/SMART-LAB-ITAP-WEBOTS/install/robot_interfaces/share/robot_interfaces/cmake/export_robot_interfaces__rosidl_typesupport_fastrtps_cExport.cmake
-- Installing: /home/arjun/SMART-LAB-ITAP-WEBOTS/install/robot_interfaces/share/robot_interfaces/cmake/export_robot_interfaces__rosidl_typesupport_fastrtps_cExport-noconfig.cmake
-- Installing: /home/arjun/SMART-LAB-ITAP-WEBOTS/install/robot_interfaces/share/robot_interfaces/cmake/robot_interfaces__rosidl_typesupport_introspection_cExport.cmake
-- Installing: /home/arjun/SMART-LAB-ITAP-WEBOTS/install/robot_interfaces/share/robot_interfaces/cmake/robot_interfaces__rosidl_typesupport_introspection_cExport-noconfig.cmake
-- Installing: /home/arjun/SMART-LAB-ITAP-WEBOTS/install/robot_interfaces/share/robot_interfaces/cmake/robot_interfaces__rosidl_typesupport_cExport.cmake
-- Installing: /home/arjun/SMART-LAB-ITAP-WEBOTS/install/robot_interfaces/share/robot_interfaces/cmake/robot_interfaces__rosidl_typesupport_cExport-noconfig.cmake
-- Installing: /home/arjun/SMART-LAB-ITAP-WEBOTS/install/robot_interfaces/share/robot_interfaces/cmake/export_robot_interfaces__rosidl_generator_cppExport.cmake
-- Installing: /home/arjun/SMART-LAB-ITAP-WEBOTS/install/robot_interfaces/share/robot_interfaces/cmake/export_robot_interfaces__rosidl_typesupport_fastrtps_cppExport.cmake
-- Installing: /home/arjun/SMART-LAB-ITAP-WEBOTS/install/robot_interfaces/share/robot_interfaces/cmake/export_robot_interfaces__rosidl_typesupport_fastrtps_cppExport-noconfig.cmake
-- Installing: /home/arjun/SMART-LAB-ITAP-WEBOTS/install/robot_interfaces/share/robot_interfaces/cmake/robot_interfaces__rosidl_typesupport_introspection_cppExport.cmake
-- Installing: /home/arjun/SMART-LAB-ITAP-WEBOTS/install/robot_interfaces/share/robot_interfaces/cmake/robot_interfaces__rosidl_typesupport_introspection_cppExport-noconfig.cmake
-- Installing: /home/arjun/SMART-LAB-ITAP-WEBOTS/install/robot_interfaces/share/robot_interfaces/cmake/robot_interfaces__rosidl_typesupport_cppExport.cmake
-- Installing: /home/arjun/SMART-LAB-ITAP-WEBOTS/install/robot_interfaces/share/robot_interfaces/cmake/robot_interfaces__rosidl_typesupport_cppExport-noconfig.cmake
-- Installing: /home/arjun/SMART-LAB-ITAP-WEBOTS/install/robot_interfaces/share/robot_interfaces/cmake/export_robot_interfaces__rosidl_generator_pyExport.cmake
-- Installing: /home/arjun/SMART-LAB-ITAP-WEBOTS/install/robot_interfaces/share/robot_interfaces/cmake/export_robot_interfaces__rosidl_generator_pyExport-noconfig.cmake
-- Installing: /home/arjun/SMART-LAB-ITAP-WEBOTS/install/robot_interfaces/share/robot_interfaces/cmake/rosidl_cmake-extras.cmake
-- Installing: /home/arjun/SMART-LAB-ITAP-WEBOTS/install/robot_interfaces/share/robot_interfaces/cmake/ament_cmake_export_include_directories-extras.cmake
-- Installing: /home/arjun/SMART-LAB-ITAP-WEBOTS/install/robot_interfaces/share/robot_interfaces/cmake/ament_cmake_export_libraries-extras.cmake
-- Installing: /home/arjun/SMART-LAB-ITAP-WEBOTS/install/robot_interfaces/share/robot_interfaces/cmake/ament_cmake_export_targets-extras.cmake
-- Installing: /home/arjun/SMART-LAB-ITAP-WEBOTS/install/robot_interfaces/share/robot_interfaces/cmake/rosidl_cmake_export_typesupport_targets-extras.cmake
-- Installing: /home/arjun/SMART-LAB-ITAP-WEBOTS/install/robot_interfaces/share/robot_interfaces/cmake/ament_cmake_export_dependencies-extras.cmake
-- Installing: /home/arjun/SMART-LAB-ITAP-WEBOTS/install/robot_interfaces/share/robot_interfaces/cmake/rosidl_cmake_export_typesupport_libraries-extras.cmake
-- Installing: /home/arjun/SMART-LAB-ITAP-WEBOTS/install/robot_interfaces/share/robot_interfaces/cmake/robot_interfacesConfig.cmake
-- Installing: /home/arjun/SMART-LAB-ITAP-WEBOTS/install/robot_interfaces/share/robot_interfaces/cmake/robot_interfacesConfig-version.cmake
-- Installing: /home/arjun/SMART-LAB-ITAP-WEBOTS/install/robot_interfaces/share/robot_interfaces/package.xml
