[0.014s] Invoking command in '/home/arjun/SMART-LAB-ITAP-WEBOTS/build/robot_interfaces': CMAKE_PREFIX_PATH=/home/arjun/SMART-LAB-ITAP-WEBOTS/install/robot_interfaces:/home/arjun/SMART-LAB-ITAP-WEBOTS/install/webots_ros2_turtlebot:/home/arjun/SMART-LAB-ITAP-WEBOTS/install/webots_ros2_multi_agent:/home/arjun/SMART-LAB-ITAP-WEBOTS/install/webots_ros2_mavic:/home/arjun/SMART-LAB-ITAP-WEBOTS/install/webots_ros2_epuck:/opt/ros/humble /usr/bin/cmake --build /home/arjun/SMART-LAB-ITAP-WEBOTS/build/robot_interfaces -- -j12 -l12
[0.046s] [35m[1mConsolidate compiler generated dependencies of target robot_interfaces__rosidl_generator_c[0m
[0.054s] [  3%] Built target robot_interfaces__cpp
[0.055s] [ 12%] Built target robot_interfaces__rosidl_generator_c
[0.063s] [ 12%] Built target ament_cmake_python_copy_robot_interfaces
[0.063s] [35m[1mConsolidate compiler generated dependencies of target robot_interfaces__rosidl_typesupport_introspection_cpp[0m
[0.063s] [35m[1mConsolidate compiler generated dependencies of target robot_interfaces__rosidl_typesupport_cpp[0m
[0.064s] [35m[1mConsolidate compiler generated dependencies of target robot_interfaces__rosidl_typesupport_fastrtps_c[0m
[0.064s] [35m[1mConsolidate compiler generated dependencies of target robot_interfaces__rosidl_typesupport_fastrtps_cpp[0m
[0.065s] [35m[1mConsolidate compiler generated dependencies of target robot_interfaces__rosidl_typesupport_c[0m
[0.067s] [35m[1mConsolidate compiler generated dependencies of target robot_interfaces__rosidl_typesupport_introspection_c[0m
[0.075s] [ 22%] Built target robot_interfaces__rosidl_typesupport_introspection_cpp
[0.075s] [ 32%] Built target robot_interfaces__rosidl_typesupport_c
[0.076s] [ 41%] Built target robot_interfaces__rosidl_typesupport_cpp
[0.077s] [ 58%] Built target robot_interfaces__rosidl_typesupport_fastrtps_cpp
[0.077s] [ 61%] Built target robot_interfaces__rosidl_typesupport_fastrtps_c
[0.077s] [ 70%] Built target robot_interfaces__rosidl_typesupport_introspection_c
[0.094s] [ 70%] Built target robot_interfaces
[0.110s] [ 74%] Built target robot_interfaces__py
[0.119s] [35m[1mConsolidate compiler generated dependencies of target robot_interfaces__rosidl_generator_py[0m
[0.132s] [ 80%] Built target robot_interfaces__rosidl_generator_py
[0.141s] [35m[1mConsolidate compiler generated dependencies of target robot_interfaces__rosidl_typesupport_c__pyext[0m
[0.141s] [35m[1mConsolidate compiler generated dependencies of target robot_interfaces__rosidl_typesupport_fastrtps_c__pyext[0m
[0.141s] [35m[1mConsolidate compiler generated dependencies of target robot_interfaces__rosidl_typesupport_introspection_c__pyext[0m
[0.152s] [100%] Built target robot_interfaces__rosidl_typesupport_introspection_c__pyext
[0.152s] [100%] Built target robot_interfaces__rosidl_typesupport_c__pyext
[0.152s] [100%] Built target robot_interfaces__rosidl_typesupport_fastrtps_c__pyext
[0.315s] running egg_info
[0.315s] writing robot_interfaces.egg-info/PKG-INFO
[0.315s] writing dependency_links to robot_interfaces.egg-info/dependency_links.txt
[0.315s] writing top-level names to robot_interfaces.egg-info/top_level.txt
[0.317s] reading manifest file 'robot_interfaces.egg-info/SOURCES.txt'
[0.317s] writing manifest file 'robot_interfaces.egg-info/SOURCES.txt'
[0.339s] [100%] Built target ament_cmake_python_build_robot_interfaces_egg
[0.349s] Invoked command in '/home/arjun/SMART-LAB-ITAP-WEBOTS/build/robot_interfaces' returned '0': CMAKE_PREFIX_PATH=/home/arjun/SMART-LAB-ITAP-WEBOTS/install/robot_interfaces:/home/arjun/SMART-LAB-ITAP-WEBOTS/install/webots_ros2_turtlebot:/home/arjun/SMART-LAB-ITAP-WEBOTS/install/webots_ros2_multi_agent:/home/arjun/SMART-LAB-ITAP-WEBOTS/install/webots_ros2_mavic:/home/arjun/SMART-LAB-ITAP-WEBOTS/install/webots_ros2_epuck:/opt/ros/humble /usr/bin/cmake --build /home/arjun/SMART-LAB-ITAP-WEBOTS/build/robot_interfaces -- -j12 -l12
[0.406s] Invoking command in '/home/arjun/SMART-LAB-ITAP-WEBOTS/build/robot_interfaces': CMAKE_PREFIX_PATH=/home/arjun/SMART-LAB-ITAP-WEBOTS/install/robot_interfaces:/home/arjun/SMART-LAB-ITAP-WEBOTS/install/webots_ros2_turtlebot:/home/arjun/SMART-LAB-ITAP-WEBOTS/install/webots_ros2_multi_agent:/home/arjun/SMART-LAB-ITAP-WEBOTS/install/webots_ros2_mavic:/home/arjun/SMART-LAB-ITAP-WEBOTS/install/webots_ros2_epuck:/opt/ros/humble /usr/bin/cmake --install /home/arjun/SMART-LAB-ITAP-WEBOTS/build/robot_interfaces
[0.412s] -- Install configuration: ""
[0.412s] -- Installing: /home/arjun/SMART-LAB-ITAP-WEBOTS/install/robot_interfaces/share/ament_index/resource_index/rosidl_interfaces/robot_interfaces
[0.413s] -- Installing: /home/arjun/SMART-LAB-ITAP-WEBOTS/install/robot_interfaces/include/robot_interfaces/robot_interfaces
[0.413s] -- Installing: /home/arjun/SMART-LAB-ITAP-WEBOTS/install/robot_interfaces/include/robot_interfaces/robot_interfaces/msg
[0.413s] -- Installing: /home/arjun/SMART-LAB-ITAP-WEBOTS/install/robot_interfaces/include/robot_interfaces/robot_interfaces/msg/diverse_array.h
[0.413s] -- Installing: /home/arjun/SMART-LAB-ITAP-WEBOTS/install/robot_interfaces/include/robot_interfaces/robot_interfaces/msg/rosidl_generator_c__visibility_control.h
[0.413s] -- Installing: /home/arjun/SMART-LAB-ITAP-WEBOTS/install/robot_interfaces/include/robot_interfaces/robot_interfaces/msg/detail
[0.413s] -- Installing: /home/arjun/SMART-LAB-ITAP-WEBOTS/install/robot_interfaces/include/robot_interfaces/robot_interfaces/msg/detail/diverse_array__struct.h
[0.413s] -- Installing: /home/arjun/SMART-LAB-ITAP-WEBOTS/install/robot_interfaces/include/robot_interfaces/robot_interfaces/msg/detail/diverse_array__type_support.h
[0.414s] -- Installing: /home/arjun/SMART-LAB-ITAP-WEBOTS/install/robot_interfaces/include/robot_interfaces/robot_interfaces/msg/detail/diverse_array__functions.h
[0.414s] -- Installing: /home/arjun/SMART-LAB-ITAP-WEBOTS/install/robot_interfaces/include/robot_interfaces/robot_interfaces/msg/detail/diverse_array__functions.c
[0.414s] -- Installing: /home/arjun/SMART-LAB-ITAP-WEBOTS/install/robot_interfaces/share/robot_interfaces/environment/library_path.sh
[0.414s] -- Installing: /home/arjun/SMART-LAB-ITAP-WEBOTS/install/robot_interfaces/share/robot_interfaces/environment/library_path.dsv
[0.414s] -- Installing: /home/arjun/SMART-LAB-ITAP-WEBOTS/install/robot_interfaces/lib/librobot_interfaces__rosidl_generator_c.so
[0.414s] -- Set runtime path of "/home/arjun/SMART-LAB-ITAP-WEBOTS/install/robot_interfaces/lib/librobot_interfaces__rosidl_generator_c.so" to ""
[0.415s] -- Up-to-date: /home/arjun/SMART-LAB-ITAP-WEBOTS/install/robot_interfaces/include/robot_interfaces/robot_interfaces
[0.415s] -- Up-to-date: /home/arjun/SMART-LAB-ITAP-WEBOTS/install/robot_interfaces/include/robot_interfaces/robot_interfaces/msg
[0.415s] -- Up-to-date: /home/arjun/SMART-LAB-ITAP-WEBOTS/install/robot_interfaces/include/robot_interfaces/robot_interfaces/msg/detail
[0.415s] -- Installing: /home/arjun/SMART-LAB-ITAP-WEBOTS/install/robot_interfaces/include/robot_interfaces/robot_interfaces/msg/detail/diverse_array__rosidl_typesupport_fastrtps_c.h
[0.415s] -- Installing: /home/arjun/SMART-LAB-ITAP-WEBOTS/install/robot_interfaces/include/robot_interfaces/robot_interfaces/msg/rosidl_typesupport_fastrtps_c__visibility_control.h
[0.415s] -- Installing: /home/arjun/SMART-LAB-ITAP-WEBOTS/install/robot_interfaces/lib/librobot_interfaces__rosidl_typesupport_fastrtps_c.so
[0.415s] -- Set runtime path of "/home/arjun/SMART-LAB-ITAP-WEBOTS/install/robot_interfaces/lib/librobot_interfaces__rosidl_typesupport_fastrtps_c.so" to ""
[0.415s] -- Up-to-date: /home/arjun/SMART-LAB-ITAP-WEBOTS/install/robot_interfaces/include/robot_interfaces/robot_interfaces
[0.416s] -- Up-to-date: /home/arjun/SMART-LAB-ITAP-WEBOTS/install/robot_interfaces/include/robot_interfaces/robot_interfaces/msg
[0.416s] -- Installing: /home/arjun/SMART-LAB-ITAP-WEBOTS/install/robot_interfaces/include/robot_interfaces/robot_interfaces/msg/rosidl_typesupport_introspection_c__visibility_control.h
[0.416s] -- Up-to-date: /home/arjun/SMART-LAB-ITAP-WEBOTS/install/robot_interfaces/include/robot_interfaces/robot_interfaces/msg/detail
[0.416s] -- Installing: /home/arjun/SMART-LAB-ITAP-WEBOTS/install/robot_interfaces/include/robot_interfaces/robot_interfaces/msg/detail/diverse_array__type_support.c
[0.416s] -- Installing: /home/arjun/SMART-LAB-ITAP-WEBOTS/install/robot_interfaces/include/robot_interfaces/robot_interfaces/msg/detail/diverse_array__rosidl_typesupport_introspection_c.h
[0.416s] -- Installing: /home/arjun/SMART-LAB-ITAP-WEBOTS/install/robot_interfaces/lib/librobot_interfaces__rosidl_typesupport_introspection_c.so
[0.416s] -- Set runtime path of "/home/arjun/SMART-LAB-ITAP-WEBOTS/install/robot_interfaces/lib/librobot_interfaces__rosidl_typesupport_introspection_c.so" to ""
[0.416s] -- Installing: /home/arjun/SMART-LAB-ITAP-WEBOTS/install/robot_interfaces/lib/librobot_interfaces__rosidl_typesupport_c.so
[0.417s] -- Set runtime path of "/home/arjun/SMART-LAB-ITAP-WEBOTS/install/robot_interfaces/lib/librobot_interfaces__rosidl_typesupport_c.so" to ""
[0.417s] -- Up-to-date: /home/arjun/SMART-LAB-ITAP-WEBOTS/install/robot_interfaces/include/robot_interfaces/robot_interfaces
[0.417s] -- Up-to-date: /home/arjun/SMART-LAB-ITAP-WEBOTS/install/robot_interfaces/include/robot_interfaces/robot_interfaces/msg
[0.417s] -- Installing: /home/arjun/SMART-LAB-ITAP-WEBOTS/install/robot_interfaces/include/robot_interfaces/robot_interfaces/msg/diverse_array.hpp
[0.417s] -- Up-to-date: /home/arjun/SMART-LAB-ITAP-WEBOTS/install/robot_interfaces/include/robot_interfaces/robot_interfaces/msg/detail
[0.417s] -- Installing: /home/arjun/SMART-LAB-ITAP-WEBOTS/install/robot_interfaces/include/robot_interfaces/robot_interfaces/msg/detail/diverse_array__traits.hpp
[0.417s] -- Installing: /home/arjun/SMART-LAB-ITAP-WEBOTS/install/robot_interfaces/include/robot_interfaces/robot_interfaces/msg/detail/diverse_array__struct.hpp
[0.417s] -- Installing: /home/arjun/SMART-LAB-ITAP-WEBOTS/install/robot_interfaces/include/robot_interfaces/robot_interfaces/msg/detail/diverse_array__builder.hpp
[0.417s] -- Up-to-date: /home/arjun/SMART-LAB-ITAP-WEBOTS/install/robot_interfaces/include/robot_interfaces/robot_interfaces
[0.418s] -- Up-to-date: /home/arjun/SMART-LAB-ITAP-WEBOTS/install/robot_interfaces/include/robot_interfaces/robot_interfaces/msg
[0.418s] -- Installing: /home/arjun/SMART-LAB-ITAP-WEBOTS/install/robot_interfaces/include/robot_interfaces/robot_interfaces/msg/rosidl_typesupport_fastrtps_cpp__visibility_control.h
[0.418s] -- Up-to-date: /home/arjun/SMART-LAB-ITAP-WEBOTS/install/robot_interfaces/include/robot_interfaces/robot_interfaces/msg/detail
[0.418s] -- Installing: /home/arjun/SMART-LAB-ITAP-WEBOTS/install/robot_interfaces/include/robot_interfaces/robot_interfaces/msg/detail/diverse_array__rosidl_typesupport_fastrtps_cpp.hpp
[0.418s] -- Installing: /home/arjun/SMART-LAB-ITAP-WEBOTS/install/robot_interfaces/include/robot_interfaces/robot_interfaces/msg/detail/dds_fastrtps
[0.418s] -- Installing: /home/arjun/SMART-LAB-ITAP-WEBOTS/install/robot_interfaces/lib/librobot_interfaces__rosidl_typesupport_fastrtps_cpp.so
[0.418s] -- Set runtime path of "/home/arjun/SMART-LAB-ITAP-WEBOTS/install/robot_interfaces/lib/librobot_interfaces__rosidl_typesupport_fastrtps_cpp.so" to ""
[0.418s] -- Up-to-date: /home/arjun/SMART-LAB-ITAP-WEBOTS/install/robot_interfaces/include/robot_interfaces/robot_interfaces
[0.418s] -- Up-to-date: /home/arjun/SMART-LAB-ITAP-WEBOTS/install/robot_interfaces/include/robot_interfaces/robot_interfaces/msg
[0.418s] -- Up-to-date: /home/arjun/SMART-LAB-ITAP-WEBOTS/install/robot_interfaces/include/robot_interfaces/robot_interfaces/msg/detail
[0.418s] -- Installing: /home/arjun/SMART-LAB-ITAP-WEBOTS/install/robot_interfaces/include/robot_interfaces/robot_interfaces/msg/detail/diverse_array__type_support.cpp
[0.419s] -- Installing: /home/arjun/SMART-LAB-ITAP-WEBOTS/install/robot_interfaces/include/robot_interfaces/robot_interfaces/msg/detail/diverse_array__rosidl_typesupport_introspection_cpp.hpp
[0.419s] -- Installing: /home/arjun/SMART-LAB-ITAP-WEBOTS/install/robot_interfaces/lib/librobot_interfaces__rosidl_typesupport_introspection_cpp.so
[0.419s] -- Set runtime path of "/home/arjun/SMART-LAB-ITAP-WEBOTS/install/robot_interfaces/lib/librobot_interfaces__rosidl_typesupport_introspection_cpp.so" to ""
[0.419s] -- Installing: /home/arjun/SMART-LAB-ITAP-WEBOTS/install/robot_interfaces/lib/librobot_interfaces__rosidl_typesupport_cpp.so
[0.419s] -- Set runtime path of "/home/arjun/SMART-LAB-ITAP-WEBOTS/install/robot_interfaces/lib/librobot_interfaces__rosidl_typesupport_cpp.so" to ""
[0.419s] -- Installing: /home/arjun/SMART-LAB-ITAP-WEBOTS/install/robot_interfaces/share/robot_interfaces/environment/pythonpath.sh
[0.420s] -- Installing: /home/arjun/SMART-LAB-ITAP-WEBOTS/install/robot_interfaces/share/robot_interfaces/environment/pythonpath.dsv
[0.420s] -- Installing: /home/arjun/SMART-LAB-ITAP-WEBOTS/install/robot_interfaces/local/lib/python3.10/dist-packages/robot_interfaces-0.0.0-py3.10.egg-info
[0.420s] -- Installing: /home/arjun/SMART-LAB-ITAP-WEBOTS/install/robot_interfaces/local/lib/python3.10/dist-packages/robot_interfaces-0.0.0-py3.10.egg-info/PKG-INFO
[0.420s] -- Installing: /home/arjun/SMART-LAB-ITAP-WEBOTS/install/robot_interfaces/local/lib/python3.10/dist-packages/robot_interfaces-0.0.0-py3.10.egg-info/dependency_links.txt
[0.420s] -- Installing: /home/arjun/SMART-LAB-ITAP-WEBOTS/install/robot_interfaces/local/lib/python3.10/dist-packages/robot_interfaces-0.0.0-py3.10.egg-info/SOURCES.txt
[0.420s] -- Installing: /home/arjun/SMART-LAB-ITAP-WEBOTS/install/robot_interfaces/local/lib/python3.10/dist-packages/robot_interfaces-0.0.0-py3.10.egg-info/top_level.txt
[0.420s] -- Installing: /home/arjun/SMART-LAB-ITAP-WEBOTS/install/robot_interfaces/local/lib/python3.10/dist-packages/robot_interfaces
[0.420s] -- Installing: /home/arjun/SMART-LAB-ITAP-WEBOTS/install/robot_interfaces/local/lib/python3.10/dist-packages/robot_interfaces/msg
[0.420s] -- Installing: /home/arjun/SMART-LAB-ITAP-WEBOTS/install/robot_interfaces/local/lib/python3.10/dist-packages/robot_interfaces/msg/_diverse_array_s.c
[0.421s] -- Installing: /home/arjun/SMART-LAB-ITAP-WEBOTS/install/robot_interfaces/local/lib/python3.10/dist-packages/robot_interfaces/msg/_diverse_array.py
[0.421s] -- Installing: /home/arjun/SMART-LAB-ITAP-WEBOTS/install/robot_interfaces/local/lib/python3.10/dist-packages/robot_interfaces/msg/__init__.py
[0.421s] -- Installing: /home/arjun/SMART-LAB-ITAP-WEBOTS/install/robot_interfaces/local/lib/python3.10/dist-packages/robot_interfaces/_robot_interfaces_s.ep.rosidl_typesupport_c.c
[0.421s] -- Installing: /home/arjun/SMART-LAB-ITAP-WEBOTS/install/robot_interfaces/local/lib/python3.10/dist-packages/robot_interfaces/robot_interfaces_s__rosidl_typesupport_c.cpython-310-x86_64-linux-gnu.so
[0.421s] -- Installing: /home/arjun/SMART-LAB-ITAP-WEBOTS/install/robot_interfaces/local/lib/python3.10/dist-packages/robot_interfaces/_robot_interfaces_s.ep.rosidl_typesupport_introspection_c.c
[0.421s] -- Installing: /home/arjun/SMART-LAB-ITAP-WEBOTS/install/robot_interfaces/local/lib/python3.10/dist-packages/robot_interfaces/_robot_interfaces_s.ep.rosidl_typesupport_fastrtps_c.c
[0.421s] -- Installing: /home/arjun/SMART-LAB-ITAP-WEBOTS/install/robot_interfaces/local/lib/python3.10/dist-packages/robot_interfaces/librobot_interfaces__rosidl_generator_py.so
[0.421s] -- Installing: /home/arjun/SMART-LAB-ITAP-WEBOTS/install/robot_interfaces/local/lib/python3.10/dist-packages/robot_interfaces/__init__.py
[0.421s] -- Installing: /home/arjun/SMART-LAB-ITAP-WEBOTS/install/robot_interfaces/local/lib/python3.10/dist-packages/robot_interfaces/robot_interfaces_s__rosidl_typesupport_fastrtps_c.cpython-310-x86_64-linux-gnu.so
[0.421s] -- Installing: /home/arjun/SMART-LAB-ITAP-WEBOTS/install/robot_interfaces/local/lib/python3.10/dist-packages/robot_interfaces/robot_interfaces_s__rosidl_typesupport_introspection_c.cpython-310-x86_64-linux-gnu.so
[0.454s] Listing '/home/arjun/SMART-LAB-ITAP-WEBOTS/install/robot_interfaces/local/lib/python3.10/dist-packages/robot_interfaces'...
[0.454s] Compiling '/home/arjun/SMART-LAB-ITAP-WEBOTS/install/robot_interfaces/local/lib/python3.10/dist-packages/robot_interfaces/__init__.py'...
[0.454s] Listing '/home/arjun/SMART-LAB-ITAP-WEBOTS/install/robot_interfaces/local/lib/python3.10/dist-packages/robot_interfaces/msg'...
[0.455s] Compiling '/home/arjun/SMART-LAB-ITAP-WEBOTS/install/robot_interfaces/local/lib/python3.10/dist-packages/robot_interfaces/msg/__init__.py'...
[0.455s] Compiling '/home/arjun/SMART-LAB-ITAP-WEBOTS/install/robot_interfaces/local/lib/python3.10/dist-packages/robot_interfaces/msg/_diverse_array.py'...
[0.459s] -- Installing: /home/arjun/SMART-LAB-ITAP-WEBOTS/install/robot_interfaces/local/lib/python3.10/dist-packages/robot_interfaces/robot_interfaces_s__rosidl_typesupport_fastrtps_c.cpython-310-x86_64-linux-gnu.so
[0.459s] -- Set runtime path of "/home/arjun/SMART-LAB-ITAP-WEBOTS/install/robot_interfaces/local/lib/python3.10/dist-packages/robot_interfaces/robot_interfaces_s__rosidl_typesupport_fastrtps_c.cpython-310-x86_64-linux-gnu.so" to ""
[0.459s] -- Installing: /home/arjun/SMART-LAB-ITAP-WEBOTS/install/robot_interfaces/local/lib/python3.10/dist-packages/robot_interfaces/robot_interfaces_s__rosidl_typesupport_introspection_c.cpython-310-x86_64-linux-gnu.so
[0.460s] -- Set runtime path of "/home/arjun/SMART-LAB-ITAP-WEBOTS/install/robot_interfaces/local/lib/python3.10/dist-packages/robot_interfaces/robot_interfaces_s__rosidl_typesupport_introspection_c.cpython-310-x86_64-linux-gnu.so" to ""
[0.460s] -- Installing: /home/arjun/SMART-LAB-ITAP-WEBOTS/install/robot_interfaces/local/lib/python3.10/dist-packages/robot_interfaces/robot_interfaces_s__rosidl_typesupport_c.cpython-310-x86_64-linux-gnu.so
[0.461s] -- Set runtime path of "/home/arjun/SMART-LAB-ITAP-WEBOTS/install/robot_interfaces/local/lib/python3.10/dist-packages/robot_interfaces/robot_interfaces_s__rosidl_typesupport_c.cpython-310-x86_64-linux-gnu.so" to ""
[0.461s] -- Installing: /home/arjun/SMART-LAB-ITAP-WEBOTS/install/robot_interfaces/lib/librobot_interfaces__rosidl_generator_py.so
[0.461s] -- Set runtime path of "/home/arjun/SMART-LAB-ITAP-WEBOTS/install/robot_interfaces/lib/librobot_interfaces__rosidl_generator_py.so" to ""
[0.461s] -- Installing: /home/arjun/SMART-LAB-ITAP-WEBOTS/install/robot_interfaces/share/robot_interfaces/msg/DiverseArray.idl
[0.461s] -- Installing: /home/arjun/SMART-LAB-ITAP-WEBOTS/install/robot_interfaces/share/robot_interfaces/msg/DiverseArray.msg
[0.462s] -- Installing: /home/arjun/SMART-LAB-ITAP-WEBOTS/install/robot_interfaces/share/ament_index/resource_index/package_run_dependencies/robot_interfaces
[0.462s] -- Installing: /home/arjun/SMART-LAB-ITAP-WEBOTS/install/robot_interfaces/share/ament_index/resource_index/parent_prefix_path/robot_interfaces
[0.462s] -- Installing: /home/arjun/SMART-LAB-ITAP-WEBOTS/install/robot_interfaces/share/robot_interfaces/environment/ament_prefix_path.sh
[0.462s] -- Installing: /home/arjun/SMART-LAB-ITAP-WEBOTS/install/robot_interfaces/share/robot_interfaces/environment/ament_prefix_path.dsv
[0.462s] -- Installing: /home/arjun/SMART-LAB-ITAP-WEBOTS/install/robot_interfaces/share/robot_interfaces/environment/path.sh
[0.462s] -- Installing: /home/arjun/SMART-LAB-ITAP-WEBOTS/install/robot_interfaces/share/robot_interfaces/environment/path.dsv
[0.462s] -- Installing: /home/arjun/SMART-LAB-ITAP-WEBOTS/install/robot_interfaces/share/robot_interfaces/local_setup.bash
[0.463s] -- Installing: /home/arjun/SMART-LAB-ITAP-WEBOTS/install/robot_interfaces/share/robot_interfaces/local_setup.sh
[0.463s] -- Installing: /home/arjun/SMART-LAB-ITAP-WEBOTS/install/robot_interfaces/share/robot_interfaces/local_setup.zsh
[0.463s] -- Installing: /home/arjun/SMART-LAB-ITAP-WEBOTS/install/robot_interfaces/share/robot_interfaces/local_setup.dsv
[0.463s] -- Installing: /home/arjun/SMART-LAB-ITAP-WEBOTS/install/robot_interfaces/share/robot_interfaces/package.dsv
[0.463s] -- Installing: /home/arjun/SMART-LAB-ITAP-WEBOTS/install/robot_interfaces/share/ament_index/resource_index/packages/robot_interfaces
[0.463s] -- Installing: /home/arjun/SMART-LAB-ITAP-WEBOTS/install/robot_interfaces/share/robot_interfaces/cmake/export_robot_interfaces__rosidl_generator_cExport.cmake
[0.464s] -- Installing: /home/arjun/SMART-LAB-ITAP-WEBOTS/install/robot_interfaces/share/robot_interfaces/cmake/export_robot_interfaces__rosidl_generator_cExport-noconfig.cmake
[0.464s] -- Installing: /home/arjun/SMART-LAB-ITAP-WEBOTS/install/robot_interfaces/share/robot_interfaces/cmake/export_robot_interfaces__rosidl_typesupport_fastrtps_cExport.cmake
[0.464s] -- Installing: /home/arjun/SMART-LAB-ITAP-WEBOTS/install/robot_interfaces/share/robot_interfaces/cmake/export_robot_interfaces__rosidl_typesupport_fastrtps_cExport-noconfig.cmake
[0.464s] -- Installing: /home/arjun/SMART-LAB-ITAP-WEBOTS/install/robot_interfaces/share/robot_interfaces/cmake/robot_interfaces__rosidl_typesupport_introspection_cExport.cmake
[0.464s] -- Installing: /home/arjun/SMART-LAB-ITAP-WEBOTS/install/robot_interfaces/share/robot_interfaces/cmake/robot_interfaces__rosidl_typesupport_introspection_cExport-noconfig.cmake
[0.465s] -- Installing: /home/arjun/SMART-LAB-ITAP-WEBOTS/install/robot_interfaces/share/robot_interfaces/cmake/robot_interfaces__rosidl_typesupport_cExport.cmake
[0.465s] -- Installing: /home/arjun/SMART-LAB-ITAP-WEBOTS/install/robot_interfaces/share/robot_interfaces/cmake/robot_interfaces__rosidl_typesupport_cExport-noconfig.cmake
[0.465s] -- Installing: /home/arjun/SMART-LAB-ITAP-WEBOTS/install/robot_interfaces/share/robot_interfaces/cmake/export_robot_interfaces__rosidl_generator_cppExport.cmake
[0.465s] -- Installing: /home/arjun/SMART-LAB-ITAP-WEBOTS/install/robot_interfaces/share/robot_interfaces/cmake/export_robot_interfaces__rosidl_typesupport_fastrtps_cppExport.cmake
[0.465s] -- Installing: /home/arjun/SMART-LAB-ITAP-WEBOTS/install/robot_interfaces/share/robot_interfaces/cmake/export_robot_interfaces__rosidl_typesupport_fastrtps_cppExport-noconfig.cmake
[0.465s] -- Installing: /home/arjun/SMART-LAB-ITAP-WEBOTS/install/robot_interfaces/share/robot_interfaces/cmake/robot_interfaces__rosidl_typesupport_introspection_cppExport.cmake
[0.466s] -- Installing: /home/arjun/SMART-LAB-ITAP-WEBOTS/install/robot_interfaces/share/robot_interfaces/cmake/robot_interfaces__rosidl_typesupport_introspection_cppExport-noconfig.cmake
[0.466s] -- Installing: /home/arjun/SMART-LAB-ITAP-WEBOTS/install/robot_interfaces/share/robot_interfaces/cmake/robot_interfaces__rosidl_typesupport_cppExport.cmake
[0.466s] -- Installing: /home/arjun/SMART-LAB-ITAP-WEBOTS/install/robot_interfaces/share/robot_interfaces/cmake/robot_interfaces__rosidl_typesupport_cppExport-noconfig.cmake
[0.466s] -- Installing: /home/arjun/SMART-LAB-ITAP-WEBOTS/install/robot_interfaces/share/robot_interfaces/cmake/export_robot_interfaces__rosidl_generator_pyExport.cmake
[0.466s] -- Installing: /home/arjun/SMART-LAB-ITAP-WEBOTS/install/robot_interfaces/share/robot_interfaces/cmake/export_robot_interfaces__rosidl_generator_pyExport-noconfig.cmake
[0.467s] -- Installing: /home/arjun/SMART-LAB-ITAP-WEBOTS/install/robot_interfaces/share/robot_interfaces/cmake/rosidl_cmake-extras.cmake
[0.467s] -- Installing: /home/arjun/SMART-LAB-ITAP-WEBOTS/install/robot_interfaces/share/robot_interfaces/cmake/ament_cmake_export_include_directories-extras.cmake
[0.467s] -- Installing: /home/arjun/SMART-LAB-ITAP-WEBOTS/install/robot_interfaces/share/robot_interfaces/cmake/ament_cmake_export_libraries-extras.cmake
[0.467s] -- Installing: /home/arjun/SMART-LAB-ITAP-WEBOTS/install/robot_interfaces/share/robot_interfaces/cmake/ament_cmake_export_targets-extras.cmake
[0.467s] -- Installing: /home/arjun/SMART-LAB-ITAP-WEBOTS/install/robot_interfaces/share/robot_interfaces/cmake/rosidl_cmake_export_typesupport_targets-extras.cmake
[0.467s] -- Installing: /home/arjun/SMART-LAB-ITAP-WEBOTS/install/robot_interfaces/share/robot_interfaces/cmake/ament_cmake_export_dependencies-extras.cmake
[0.468s] -- Installing: /home/arjun/SMART-LAB-ITAP-WEBOTS/install/robot_interfaces/share/robot_interfaces/cmake/rosidl_cmake_export_typesupport_libraries-extras.cmake
[0.468s] -- Installing: /home/arjun/SMART-LAB-ITAP-WEBOTS/install/robot_interfaces/share/robot_interfaces/cmake/robot_interfacesConfig.cmake
[0.468s] -- Installing: /home/arjun/SMART-LAB-ITAP-WEBOTS/install/robot_interfaces/share/robot_interfaces/cmake/robot_interfacesConfig-version.cmake
[0.468s] -- Installing: /home/arjun/SMART-LAB-ITAP-WEBOTS/install/robot_interfaces/share/robot_interfaces/package.xml
[0.471s] Invoked command in '/home/arjun/SMART-LAB-ITAP-WEBOTS/build/robot_interfaces' returned '0': CMAKE_PREFIX_PATH=/home/arjun/SMART-LAB-ITAP-WEBOTS/install/robot_interfaces:/home/arjun/SMART-LAB-ITAP-WEBOTS/install/webots_ros2_turtlebot:/home/arjun/SMART-LAB-ITAP-WEBOTS/install/webots_ros2_multi_agent:/home/arjun/SMART-LAB-ITAP-WEBOTS/install/webots_ros2_mavic:/home/arjun/SMART-LAB-ITAP-WEBOTS/install/webots_ros2_epuck:/opt/ros/humble /usr/bin/cmake --install /home/arjun/SMART-LAB-ITAP-WEBOTS/build/robot_interfaces
