[14.037s] Invoking command in '/home/arjun/SMART-LAB-ITAP-WEBOTS/webots_ros2_mavic': PYTHONPATH=/home/arjun/SMART-LAB-ITAP-WEBOTS/webots_ros2_mavic/build/webots_ros2_mavic/prefix_override:/home/arjun/SMART-LAB-ITAP-WEBOTS/webots_ros2_mavic/install/webots_ros2_mavic/lib/python3.10/site-packages:${PYTHONPATH} /usr/bin/python3 setup.py egg_info --egg-base build/webots_ros2_mavic build --build-base /home/arjun/SMART-LAB-ITAP-WEBOTS/webots_ros2_mavic/build/webots_ros2_mavic/build install --record /home/arjun/SMART-LAB-ITAP-WEBOTS/webots_ros2_mavic/build/webots_ros2_mavic/install.log --single-version-externally-managed
[14.437s] running egg_info
[14.437s] creating build/webots_ros2_mavic/webots_ros2_mavic.egg-info
[14.437s] writing build/webots_ros2_mavic/webots_ros2_mavic.egg-info/PKG-INFO
[14.437s] writing dependency_links to build/webots_ros2_mavic/webots_ros2_mavic.egg-info/dependency_links.txt
[14.438s] writing entry points to build/webots_ros2_mavic/webots_ros2_mavic.egg-info/entry_points.txt
[14.438s] writing requirements to build/webots_ros2_mavic/webots_ros2_mavic.egg-info/requires.txt
[14.438s] writing top-level names to build/webots_ros2_mavic/webots_ros2_mavic.egg-info/top_level.txt
[14.438s] writing manifest file 'build/webots_ros2_mavic/webots_ros2_mavic.egg-info/SOURCES.txt'
[14.439s] reading manifest file 'build/webots_ros2_mavic/webots_ros2_mavic.egg-info/SOURCES.txt'
[14.440s] writing manifest file 'build/webots_ros2_mavic/webots_ros2_mavic.egg-info/SOURCES.txt'
[14.440s] running build
[14.440s] running build_py
[14.441s] creating /home/arjun/SMART-LAB-ITAP-WEBOTS/webots_ros2_mavic/build/webots_ros2_mavic/build
[14.441s] creating /home/arjun/SMART-LAB-ITAP-WEBOTS/webots_ros2_mavic/build/webots_ros2_mavic/build/lib
[14.441s] creating /home/arjun/SMART-LAB-ITAP-WEBOTS/webots_ros2_mavic/build/webots_ros2_mavic/build/lib/webots_ros2_mavic
[14.441s] copying webots_ros2_mavic/mavic_autonomy.py -> /home/arjun/SMART-LAB-ITAP-WEBOTS/webots_ros2_mavic/build/webots_ros2_mavic/build/lib/webots_ros2_mavic
[14.441s] copying webots_ros2_mavic/WebotsEnv.py -> /home/arjun/SMART-LAB-ITAP-WEBOTS/webots_ros2_mavic/build/webots_ros2_mavic/build/lib/webots_ros2_mavic
[14.441s] copying webots_ros2_mavic/moose_autonomy.py -> /home/arjun/SMART-LAB-ITAP-WEBOTS/webots_ros2_mavic/build/webots_ros2_mavic/build/lib/webots_ros2_mavic
[14.441s] copying webots_ros2_mavic/main.py -> /home/arjun/SMART-LAB-ITAP-WEBOTS/webots_ros2_mavic/build/webots_ros2_mavic/build/lib/webots_ros2_mavic
[14.441s] copying webots_ros2_mavic/OperatorHub.py -> /home/arjun/SMART-LAB-ITAP-WEBOTS/webots_ros2_mavic/build/webots_ros2_mavic/build/lib/webots_ros2_mavic
[14.441s] copying webots_ros2_mavic/mavic_driver.py -> /home/arjun/SMART-LAB-ITAP-WEBOTS/webots_ros2_mavic/build/webots_ros2_mavic/build/lib/webots_ros2_mavic
[14.441s] copying webots_ros2_mavic/moose_driver.py -> /home/arjun/SMART-LAB-ITAP-WEBOTS/webots_ros2_mavic/build/webots_ros2_mavic/build/lib/webots_ros2_mavic
[14.441s] copying webots_ros2_mavic/__init__.py -> /home/arjun/SMART-LAB-ITAP-WEBOTS/webots_ros2_mavic/build/webots_ros2_mavic/build/lib/webots_ros2_mavic
[14.441s] running install
[14.442s] running install_lib
[14.442s] creating /home/arjun/SMART-LAB-ITAP-WEBOTS/webots_ros2_mavic/install/webots_ros2_mavic/lib/python3.10/site-packages/webots_ros2_mavic
[14.443s] copying /home/arjun/SMART-LAB-ITAP-WEBOTS/webots_ros2_mavic/build/webots_ros2_mavic/build/lib/webots_ros2_mavic/mavic_autonomy.py -> /home/arjun/SMART-LAB-ITAP-WEBOTS/webots_ros2_mavic/install/webots_ros2_mavic/lib/python3.10/site-packages/webots_ros2_mavic
[14.443s] copying /home/arjun/SMART-LAB-ITAP-WEBOTS/webots_ros2_mavic/build/webots_ros2_mavic/build/lib/webots_ros2_mavic/WebotsEnv.py -> /home/arjun/SMART-LAB-ITAP-WEBOTS/webots_ros2_mavic/install/webots_ros2_mavic/lib/python3.10/site-packages/webots_ros2_mavic
[14.443s] copying /home/arjun/SMART-LAB-ITAP-WEBOTS/webots_ros2_mavic/build/webots_ros2_mavic/build/lib/webots_ros2_mavic/moose_autonomy.py -> /home/arjun/SMART-LAB-ITAP-WEBOTS/webots_ros2_mavic/install/webots_ros2_mavic/lib/python3.10/site-packages/webots_ros2_mavic
[14.443s] copying /home/arjun/SMART-LAB-ITAP-WEBOTS/webots_ros2_mavic/build/webots_ros2_mavic/build/lib/webots_ros2_mavic/main.py -> /home/arjun/SMART-LAB-ITAP-WEBOTS/webots_ros2_mavic/install/webots_ros2_mavic/lib/python3.10/site-packages/webots_ros2_mavic
[14.443s] copying /home/arjun/SMART-LAB-ITAP-WEBOTS/webots_ros2_mavic/build/webots_ros2_mavic/build/lib/webots_ros2_mavic/OperatorHub.py -> /home/arjun/SMART-LAB-ITAP-WEBOTS/webots_ros2_mavic/install/webots_ros2_mavic/lib/python3.10/site-packages/webots_ros2_mavic
[14.443s] copying /home/arjun/SMART-LAB-ITAP-WEBOTS/webots_ros2_mavic/build/webots_ros2_mavic/build/lib/webots_ros2_mavic/mavic_driver.py -> /home/arjun/SMART-LAB-ITAP-WEBOTS/webots_ros2_mavic/install/webots_ros2_mavic/lib/python3.10/site-packages/webots_ros2_mavic
[14.443s] copying /home/arjun/SMART-LAB-ITAP-WEBOTS/webots_ros2_mavic/build/webots_ros2_mavic/build/lib/webots_ros2_mavic/moose_driver.py -> /home/arjun/SMART-LAB-ITAP-WEBOTS/webots_ros2_mavic/install/webots_ros2_mavic/lib/python3.10/site-packages/webots_ros2_mavic
[14.443s] copying /home/arjun/SMART-LAB-ITAP-WEBOTS/webots_ros2_mavic/build/webots_ros2_mavic/build/lib/webots_ros2_mavic/__init__.py -> /home/arjun/SMART-LAB-ITAP-WEBOTS/webots_ros2_mavic/install/webots_ros2_mavic/lib/python3.10/site-packages/webots_ros2_mavic
[14.444s] byte-compiling /home/arjun/SMART-LAB-ITAP-WEBOTS/webots_ros2_mavic/install/webots_ros2_mavic/lib/python3.10/site-packages/webots_ros2_mavic/mavic_autonomy.py to mavic_autonomy.cpython-310.pyc
[14.445s] byte-compiling /home/arjun/SMART-LAB-ITAP-WEBOTS/webots_ros2_mavic/install/webots_ros2_mavic/lib/python3.10/site-packages/webots_ros2_mavic/WebotsEnv.py to WebotsEnv.cpython-310.pyc
[14.446s] byte-compiling /home/arjun/SMART-LAB-ITAP-WEBOTS/webots_ros2_mavic/install/webots_ros2_mavic/lib/python3.10/site-packages/webots_ros2_mavic/moose_autonomy.py to moose_autonomy.cpython-310.pyc
[14.448s] byte-compiling /home/arjun/SMART-LAB-ITAP-WEBOTS/webots_ros2_mavic/install/webots_ros2_mavic/lib/python3.10/site-packages/webots_ros2_mavic/main.py to main.cpython-310.pyc
[14.449s] byte-compiling /home/arjun/SMART-LAB-ITAP-WEBOTS/webots_ros2_mavic/install/webots_ros2_mavic/lib/python3.10/site-packages/webots_ros2_mavic/OperatorHub.py to OperatorHub.cpython-310.pyc
[14.450s] byte-compiling /home/arjun/SMART-LAB-ITAP-WEBOTS/webots_ros2_mavic/install/webots_ros2_mavic/lib/python3.10/site-packages/webots_ros2_mavic/mavic_driver.py to mavic_driver.cpython-310.pyc
[14.450s] byte-compiling /home/arjun/SMART-LAB-ITAP-WEBOTS/webots_ros2_mavic/install/webots_ros2_mavic/lib/python3.10/site-packages/webots_ros2_mavic/moose_driver.py to moose_driver.cpython-310.pyc
[14.451s] byte-compiling /home/arjun/SMART-LAB-ITAP-WEBOTS/webots_ros2_mavic/install/webots_ros2_mavic/lib/python3.10/site-packages/webots_ros2_mavic/__init__.py to __init__.cpython-310.pyc
[14.451s] running install_data
[14.452s] creating /home/arjun/SMART-LAB-ITAP-WEBOTS/webots_ros2_mavic/install/webots_ros2_mavic/share/ament_index
[14.452s] creating /home/arjun/SMART-LAB-ITAP-WEBOTS/webots_ros2_mavic/install/webots_ros2_mavic/share/ament_index/resource_index
[14.452s] creating /home/arjun/SMART-LAB-ITAP-WEBOTS/webots_ros2_mavic/install/webots_ros2_mavic/share/ament_index/resource_index/packages
[14.452s] copying resource/webots_ros2_mavic -> /home/arjun/SMART-LAB-ITAP-WEBOTS/webots_ros2_mavic/install/webots_ros2_mavic/share/ament_index/resource_index/packages
[14.452s] creating /home/arjun/SMART-LAB-ITAP-WEBOTS/webots_ros2_mavic/install/webots_ros2_mavic/share/webots_ros2_mavic/launch
[14.452s] copying launch/robot_launch.py -> /home/arjun/SMART-LAB-ITAP-WEBOTS/webots_ros2_mavic/install/webots_ros2_mavic/share/webots_ros2_mavic/launch
[14.452s] creating /home/arjun/SMART-LAB-ITAP-WEBOTS/webots_ros2_mavic/install/webots_ros2_mavic/share/webots_ros2_mavic/worlds
[14.452s] copying worlds/mavic_world.wbt -> /home/arjun/SMART-LAB-ITAP-WEBOTS/webots_ros2_mavic/install/webots_ros2_mavic/share/webots_ros2_mavic/worlds
[14.569s] copying worlds/.mavic_world.wbproj -> /home/arjun/SMART-LAB-ITAP-WEBOTS/webots_ros2_mavic/install/webots_ros2_mavic/share/webots_ros2_mavic/worlds
[14.654s] creating /home/arjun/SMART-LAB-ITAP-WEBOTS/webots_ros2_mavic/install/webots_ros2_mavic/share/webots_ros2_mavic/resource
[14.654s] copying resource/mavic_webots.urdf -> /home/arjun/SMART-LAB-ITAP-WEBOTS/webots_ros2_mavic/install/webots_ros2_mavic/share/webots_ros2_mavic/resource
[14.743s] copying resource/moose_webots.urdf -> /home/arjun/SMART-LAB-ITAP-WEBOTS/webots_ros2_mavic/install/webots_ros2_mavic/share/webots_ros2_mavic/resource
[14.799s] copying package.xml -> /home/arjun/SMART-LAB-ITAP-WEBOTS/webots_ros2_mavic/install/webots_ros2_mavic/share/webots_ros2_mavic
[14.799s] running install_egg_info
[14.803s] Copying build/webots_ros2_mavic/webots_ros2_mavic.egg-info to /home/arjun/SMART-LAB-ITAP-WEBOTS/webots_ros2_mavic/install/webots_ros2_mavic/lib/python3.10/site-packages/webots_ros2_mavic-2023.0.4-py3.10.egg-info
[14.805s] running install_scripts
[14.830s] Installing OperatorHub script to /home/arjun/SMART-LAB-ITAP-WEBOTS/webots_ros2_mavic/install/webots_ros2_mavic/lib/webots_ros2_mavic
[14.830s] writing list of installed files to '/home/arjun/SMART-LAB-ITAP-WEBOTS/webots_ros2_mavic/build/webots_ros2_mavic/install.log'
[14.852s] Invoked command in '/home/arjun/SMART-LAB-ITAP-WEBOTS/webots_ros2_mavic' returned '0': PYTHONPATH=/home/arjun/SMART-LAB-ITAP-WEBOTS/webots_ros2_mavic/build/webots_ros2_mavic/prefix_override:/home/arjun/SMART-LAB-ITAP-WEBOTS/webots_ros2_mavic/install/webots_ros2_mavic/lib/python3.10/site-packages:${PYTHONPATH} /usr/bin/python3 setup.py egg_info --egg-base build/webots_ros2_mavic build --build-base /home/arjun/SMART-LAB-ITAP-WEBOTS/webots_ros2_mavic/build/webots_ros2_mavic/build install --record /home/arjun/SMART-LAB-ITAP-WEBOTS/webots_ros2_mavic/build/webots_ros2_mavic/install.log --single-version-externally-managed
