[0.292s] DEBUG:colcon:Command line arguments: ['/usr/bin/colcon', 'build', '--packages-select', 'robot_interfaces']
[0.292s] DEBUG:colcon:Parsed command line arguments: Namespace(log_base=None, log_level=None, verb_name='build', build_base='build', install_base='install', merge_install=False, symlink_install=False, test_result_base=None, continue_on_error=False, executor='parallel', parallel_workers=12, event_handlers=None, ignore_user_meta=False, metas=['./colcon.meta'], base_paths=['.'], packages_ignore=None, packages_ignore_regex=None, paths=None, packages_up_to=None, packages_up_to_regex=None, packages_above=None, packages_above_and_dependencies=None, packages_above_depth=None, packages_select_by_dep=None, packages_skip_by_dep=None, packages_skip_up_to=None, packages_select_build_failed=False, packages_skip_build_finished=False, packages_select_test_failures=False, packages_skip_test_passed=False, packages_select=['robot_interfaces'], packages_skip=None, packages_select_regex=None, packages_skip_regex=None, packages_start=None, packages_end=None, allow_overriding=[], cmake_args=None, cmake_target=None, cmake_target_skip_unavailable=False, cmake_clean_cache=False, cmake_clean_first=False, cmake_force_configure=False, ament_cmake_args=None, catkin_cmake_args=None, catkin_skip_building_tests=False, verb_parser=<colcon_defaults.argument_parser.defaults.DefaultArgumentsDecorator object at 0x7f4553423a90>, verb_extension=<colcon_core.verb.build.BuildVerb object at 0x7f45534a3fd0>, main=<bound method BuildVerb.main of <colcon_core.verb.build.BuildVerb object at 0x7f45534a3fd0>>)
[0.312s] Level 1:colcon.colcon_core.package_discovery:discover_packages(colcon_meta) check parameters
[0.312s] Level 1:colcon.colcon_core.package_discovery:discover_packages(recursive) check parameters
[0.312s] Level 1:colcon.colcon_core.package_discovery:discover_packages(ignore) check parameters
[0.312s] Level 1:colcon.colcon_core.package_discovery:discover_packages(path) check parameters
[0.312s] Level 1:colcon.colcon_core.package_discovery:discover_packages(colcon_meta) discover
[0.312s] Level 1:colcon.colcon_core.package_discovery:discover_packages(recursive) discover
[0.312s] INFO:colcon.colcon_core.package_discovery:Crawling recursively for packages in '/home/arjun/SMART-LAB-ITAP-WEBOTS'
[0.312s] Level 1:colcon.colcon_core.package_identification:_identify(.) by extensions ['ignore', 'ignore_ament_install']
[0.312s] Level 1:colcon.colcon_core.package_identification:_identify(.) by extension 'ignore'
[0.312s] Level 1:colcon.colcon_core.package_identification:_identify(.) by extension 'ignore_ament_install'
[0.313s] Level 1:colcon.colcon_core.package_identification:_identify(.) by extensions ['colcon_pkg']
[0.313s] Level 1:colcon.colcon_core.package_identification:_identify(.) by extension 'colcon_pkg'
[0.313s] Level 1:colcon.colcon_core.package_identification:_identify(.) by extensions ['colcon_meta']
[0.313s] Level 1:colcon.colcon_core.package_identification:_identify(.) by extension 'colcon_meta'
[0.313s] Level 1:colcon.colcon_core.package_identification:_identify(.) by extensions ['ros']
[0.313s] Level 1:colcon.colcon_core.package_identification:_identify(.) by extension 'ros'
[0.322s] Level 1:colcon.colcon_core.package_identification:_identify(.) by extensions ['cmake', 'python']
[0.322s] Level 1:colcon.colcon_core.package_identification:_identify(.) by extension 'cmake'
[0.322s] Level 1:colcon.colcon_core.package_identification:_identify(.) by extension 'python'
[0.322s] Level 1:colcon.colcon_core.package_identification:_identify(.) by extensions ['python_setup_py']
[0.322s] Level 1:colcon.colcon_core.package_identification:_identify(.) by extension 'python_setup_py'
[0.323s] Level 1:colcon.colcon_core.package_identification:_identify(build) by extensions ['ignore', 'ignore_ament_install']
[0.323s] Level 1:colcon.colcon_core.package_identification:_identify(build) by extension 'ignore'
[0.323s] Level 1:colcon.colcon_core.package_identification:_identify(build) ignored
[0.323s] Level 1:colcon.colcon_core.package_identification:_identify(install) by extensions ['ignore', 'ignore_ament_install']
[0.323s] Level 1:colcon.colcon_core.package_identification:_identify(install) by extension 'ignore'
[0.323s] Level 1:colcon.colcon_core.package_identification:_identify(install) ignored
[0.324s] Level 1:colcon.colcon_core.package_identification:_identify(log) by extensions ['ignore', 'ignore_ament_install']
[0.324s] Level 1:colcon.colcon_core.package_identification:_identify(log) by extension 'ignore'
[0.324s] Level 1:colcon.colcon_core.package_identification:_identify(log) ignored
[0.324s] Level 1:colcon.colcon_core.package_identification:_identify(robot_interfaces) by extensions ['ignore', 'ignore_ament_install']
[0.324s] Level 1:colcon.colcon_core.package_identification:_identify(robot_interfaces) by extension 'ignore'
[0.324s] Level 1:colcon.colcon_core.package_identification:_identify(robot_interfaces) by extension 'ignore_ament_install'
[0.324s] Level 1:colcon.colcon_core.package_identification:_identify(robot_interfaces) by extensions ['colcon_pkg']
[0.324s] Level 1:colcon.colcon_core.package_identification:_identify(robot_interfaces) by extension 'colcon_pkg'
[0.324s] Level 1:colcon.colcon_core.package_identification:_identify(robot_interfaces) by extensions ['colcon_meta']
[0.324s] Level 1:colcon.colcon_core.package_identification:_identify(robot_interfaces) by extension 'colcon_meta'
[0.324s] Level 1:colcon.colcon_core.package_identification:_identify(robot_interfaces) by extensions ['ros']
[0.324s] Level 1:colcon.colcon_core.package_identification:_identify(robot_interfaces) by extension 'ros'
[0.326s] DEBUG:colcon.colcon_core.package_identification:Package 'robot_interfaces' with type 'ros.ament_cmake' and name 'robot_interfaces'
[0.326s] Level 1:colcon.colcon_core.package_identification:_identify(sim_configurator) by extensions ['ignore', 'ignore_ament_install']
[0.326s] Level 1:colcon.colcon_core.package_identification:_identify(sim_configurator) by extension 'ignore'
[0.326s] Level 1:colcon.colcon_core.package_identification:_identify(sim_configurator) by extension 'ignore_ament_install'
[0.326s] Level 1:colcon.colcon_core.package_identification:_identify(sim_configurator) by extensions ['colcon_pkg']
[0.326s] Level 1:colcon.colcon_core.package_identification:_identify(sim_configurator) by extension 'colcon_pkg'
[0.326s] Level 1:colcon.colcon_core.package_identification:_identify(sim_configurator) by extensions ['colcon_meta']
[0.326s] Level 1:colcon.colcon_core.package_identification:_identify(sim_configurator) by extension 'colcon_meta'
[0.327s] Level 1:colcon.colcon_core.package_identification:_identify(sim_configurator) by extensions ['ros']
[0.327s] Level 1:colcon.colcon_core.package_identification:_identify(sim_configurator) by extension 'ros'
[0.327s] Level 1:colcon.colcon_core.package_identification:_identify(sim_configurator) by extensions ['cmake', 'python']
[0.327s] Level 1:colcon.colcon_core.package_identification:_identify(sim_configurator) by extension 'cmake'
[0.327s] Level 1:colcon.colcon_core.package_identification:_identify(sim_configurator) by extension 'python'
[0.327s] Level 1:colcon.colcon_core.package_identification:_identify(sim_configurator) by extensions ['python_setup_py']
[0.327s] Level 1:colcon.colcon_core.package_identification:_identify(sim_configurator) by extension 'python_setup_py'
[0.327s] Level 1:colcon.colcon_core.package_identification:_identify(sim_configurator/__pycache__) by extensions ['ignore', 'ignore_ament_install']
[0.327s] Level 1:colcon.colcon_core.package_identification:_identify(sim_configurator/__pycache__) by extension 'ignore'
[0.327s] Level 1:colcon.colcon_core.package_identification:_identify(sim_configurator/__pycache__) by extension 'ignore_ament_install'
[0.327s] Level 1:colcon.colcon_core.package_identification:_identify(sim_configurator/__pycache__) by extensions ['colcon_pkg']
[0.327s] Level 1:colcon.colcon_core.package_identification:_identify(sim_configurator/__pycache__) by extension 'colcon_pkg'
[0.327s] Level 1:colcon.colcon_core.package_identification:_identify(sim_configurator/__pycache__) by extensions ['colcon_meta']
[0.327s] Level 1:colcon.colcon_core.package_identification:_identify(sim_configurator/__pycache__) by extension 'colcon_meta'
[0.327s] Level 1:colcon.colcon_core.package_identification:_identify(sim_configurator/__pycache__) by extensions ['ros']
[0.327s] Level 1:colcon.colcon_core.package_identification:_identify(sim_configurator/__pycache__) by extension 'ros'
[0.327s] Level 1:colcon.colcon_core.package_identification:_identify(sim_configurator/__pycache__) by extensions ['cmake', 'python']
[0.327s] Level 1:colcon.colcon_core.package_identification:_identify(sim_configurator/__pycache__) by extension 'cmake'
[0.328s] Level 1:colcon.colcon_core.package_identification:_identify(sim_configurator/__pycache__) by extension 'python'
[0.328s] Level 1:colcon.colcon_core.package_identification:_identify(sim_configurator/__pycache__) by extensions ['python_setup_py']
[0.328s] Level 1:colcon.colcon_core.package_identification:_identify(sim_configurator/__pycache__) by extension 'python_setup_py'
[0.328s] Level 1:colcon.colcon_core.package_identification:_identify(sim_configurator/build) by extensions ['ignore', 'ignore_ament_install']
[0.328s] Level 1:colcon.colcon_core.package_identification:_identify(sim_configurator/build) by extension 'ignore'
[0.328s] Level 1:colcon.colcon_core.package_identification:_identify(sim_configurator/build) ignored
[0.328s] Level 1:colcon.colcon_core.package_identification:_identify(sim_configurator/install) by extensions ['ignore', 'ignore_ament_install']
[0.328s] Level 1:colcon.colcon_core.package_identification:_identify(sim_configurator/install) by extension 'ignore'
[0.328s] Level 1:colcon.colcon_core.package_identification:_identify(sim_configurator/install) ignored
[0.328s] Level 1:colcon.colcon_core.package_identification:_identify(sim_configurator/log) by extensions ['ignore', 'ignore_ament_install']
[0.328s] Level 1:colcon.colcon_core.package_identification:_identify(sim_configurator/log) by extension 'ignore'
[0.328s] Level 1:colcon.colcon_core.package_identification:_identify(sim_configurator/log) ignored
[0.328s] Level 1:colcon.colcon_core.package_identification:_identify(webots_ros2_mavic) by extensions ['ignore', 'ignore_ament_install']
[0.328s] Level 1:colcon.colcon_core.package_identification:_identify(webots_ros2_mavic) by extension 'ignore'
[0.328s] Level 1:colcon.colcon_core.package_identification:_identify(webots_ros2_mavic) by extension 'ignore_ament_install'
[0.328s] Level 1:colcon.colcon_core.package_identification:_identify(webots_ros2_mavic) by extensions ['colcon_pkg']
[0.329s] Level 1:colcon.colcon_core.package_identification:_identify(webots_ros2_mavic) by extension 'colcon_pkg'
[0.329s] Level 1:colcon.colcon_core.package_identification:_identify(webots_ros2_mavic) by extensions ['colcon_meta']
[0.329s] Level 1:colcon.colcon_core.package_identification:_identify(webots_ros2_mavic) by extension 'colcon_meta'
[0.329s] Level 1:colcon.colcon_core.package_identification:_identify(webots_ros2_mavic) by extensions ['ros']
[0.329s] Level 1:colcon.colcon_core.package_identification:_identify(webots_ros2_mavic) by extension 'ros'
[0.329s] DEBUG:colcon.colcon_core.package_identification:Package 'webots_ros2_mavic' with type 'ros.ament_python' and name 'webots_ros2_mavic'
[0.329s] Level 1:colcon.colcon_core.package_identification:_identify(webots_ros2_multi_agent-master) by extensions ['ignore', 'ignore_ament_install']
[0.329s] Level 1:colcon.colcon_core.package_identification:_identify(webots_ros2_multi_agent-master) by extension 'ignore'
[0.329s] Level 1:colcon.colcon_core.package_identification:_identify(webots_ros2_multi_agent-master) by extension 'ignore_ament_install'
[0.329s] Level 1:colcon.colcon_core.package_identification:_identify(webots_ros2_multi_agent-master) by extensions ['colcon_pkg']
[0.329s] Level 1:colcon.colcon_core.package_identification:_identify(webots_ros2_multi_agent-master) by extension 'colcon_pkg'
[0.329s] Level 1:colcon.colcon_core.package_identification:_identify(webots_ros2_multi_agent-master) by extensions ['colcon_meta']
[0.329s] Level 1:colcon.colcon_core.package_identification:_identify(webots_ros2_multi_agent-master) by extension 'colcon_meta'
[0.329s] Level 1:colcon.colcon_core.package_identification:_identify(webots_ros2_multi_agent-master) by extensions ['ros']
[0.330s] Level 1:colcon.colcon_core.package_identification:_identify(webots_ros2_multi_agent-master) by extension 'ros'
[0.330s] DEBUG:colcon.colcon_core.package_identification:Package 'webots_ros2_multi_agent-master' with type 'ros.ament_python' and name 'webots_ros2_multi_agent'
[0.330s] Level 1:colcon.colcon_core.package_identification:_identify(webots_ros2_turtlebot) by extensions ['ignore', 'ignore_ament_install']
[0.330s] Level 1:colcon.colcon_core.package_identification:_identify(webots_ros2_turtlebot) by extension 'ignore'
[0.330s] Level 1:colcon.colcon_core.package_identification:_identify(webots_ros2_turtlebot) by extension 'ignore_ament_install'
[0.330s] Level 1:colcon.colcon_core.package_identification:_identify(webots_ros2_turtlebot) by extensions ['colcon_pkg']
[0.330s] Level 1:colcon.colcon_core.package_identification:_identify(webots_ros2_turtlebot) by extension 'colcon_pkg'
[0.330s] Level 1:colcon.colcon_core.package_identification:_identify(webots_ros2_turtlebot) by extensions ['colcon_meta']
[0.330s] Level 1:colcon.colcon_core.package_identification:_identify(webots_ros2_turtlebot) by extension 'colcon_meta'
[0.330s] Level 1:colcon.colcon_core.package_identification:_identify(webots_ros2_turtlebot) by extensions ['ros']
[0.330s] Level 1:colcon.colcon_core.package_identification:_identify(webots_ros2_turtlebot) by extension 'ros'
[0.331s] DEBUG:colcon.colcon_core.package_identification:Package 'webots_ros2_turtlebot' with type 'ros.ament_python' and name 'webots_ros2_turtlebot'
[0.331s] Level 1:colcon.colcon_core.package_discovery:discover_packages(recursive) using defaults
[0.331s] Level 1:colcon.colcon_core.package_discovery:discover_packages(ignore) discover
[0.331s] Level 1:colcon.colcon_core.package_discovery:discover_packages(ignore) using defaults
[0.331s] Level 1:colcon.colcon_core.package_discovery:discover_packages(path) discover
[0.331s] Level 1:colcon.colcon_core.package_discovery:discover_packages(path) using defaults
[0.350s] INFO:colcon.colcon_core.package_selection:Skipping not selected package 'webots_ros2_multi_agent' in 'webots_ros2_multi_agent-master'
[0.350s] INFO:colcon.colcon_core.package_selection:Skipping not selected package 'webots_ros2_turtlebot' in 'webots_ros2_turtlebot'
[0.350s] INFO:colcon.colcon_core.package_selection:Skipping not selected package 'webots_ros2_mavic' in 'webots_ros2_mavic'
[0.351s] Level 1:colcon.colcon_core.package_discovery:discover_packages(prefix_path) check parameters
[0.351s] Level 1:colcon.colcon_core.package_discovery:discover_packages(prefix_path) discover
[0.352s] WARNING:colcon.colcon_ros.prefix_path.ament:The path '/home/arjun/SMART-LAB-ITAP-WEBOTS/install/robot_interfaces' in the environment variable AMENT_PREFIX_PATH doesn't exist
[0.353s] DEBUG:colcon.colcon_installed_package_information.package_discovery:Found 4 installed packages in /home/arjun/SMART-LAB-ITAP-WEBOTS/install
[0.355s] DEBUG:colcon.colcon_installed_package_information.package_discovery:Found 320 installed packages in /opt/ros/humble
[0.357s] Level 1:colcon.colcon_core.package_discovery:discover_packages(prefix_path) using defaults
[0.418s] Level 5:colcon.colcon_core.verb:set package 'robot_interfaces' build argument 'cmake_args' from command line to 'None'
[0.418s] Level 5:colcon.colcon_core.verb:set package 'robot_interfaces' build argument 'cmake_target' from command line to 'None'
[0.418s] Level 5:colcon.colcon_core.verb:set package 'robot_interfaces' build argument 'cmake_target_skip_unavailable' from command line to 'False'
[0.418s] Level 5:colcon.colcon_core.verb:set package 'robot_interfaces' build argument 'cmake_clean_cache' from command line to 'False'
[0.418s] Level 5:colcon.colcon_core.verb:set package 'robot_interfaces' build argument 'cmake_clean_first' from command line to 'False'
[0.418s] Level 5:colcon.colcon_core.verb:set package 'robot_interfaces' build argument 'cmake_force_configure' from command line to 'False'
[0.418s] Level 5:colcon.colcon_core.verb:set package 'robot_interfaces' build argument 'ament_cmake_args' from command line to 'None'
[0.418s] Level 5:colcon.colcon_core.verb:set package 'robot_interfaces' build argument 'catkin_cmake_args' from command line to 'None'
[0.418s] Level 5:colcon.colcon_core.verb:set package 'robot_interfaces' build argument 'catkin_skip_building_tests' from command line to 'False'
[0.419s] DEBUG:colcon.colcon_core.verb:Building package 'robot_interfaces' with the following arguments: {'ament_cmake_args': None, 'build_base': '/home/arjun/SMART-LAB-ITAP-WEBOTS/build/robot_interfaces', 'catkin_cmake_args': None, 'catkin_skip_building_tests': False, 'cmake_args': None, 'cmake_clean_cache': False, 'cmake_clean_first': False, 'cmake_force_configure': False, 'cmake_target': None, 'cmake_target_skip_unavailable': False, 'install_base': '/home/arjun/SMART-LAB-ITAP-WEBOTS/install/robot_interfaces', 'merge_install': False, 'path': '/home/arjun/SMART-LAB-ITAP-WEBOTS/robot_interfaces', 'symlink_install': False, 'test_result_base': None}
[0.419s] INFO:colcon.colcon_core.executor:Executing jobs using 'parallel' executor
[0.422s] DEBUG:colcon.colcon_parallel_executor.executor.parallel:run_until_complete
[0.422s] INFO:colcon.colcon_ros.task.ament_cmake.build:Building ROS package in '/home/arjun/SMART-LAB-ITAP-WEBOTS/robot_interfaces' with build type 'ament_cmake'
[0.422s] INFO:colcon.colcon_cmake.task.cmake.build:Building CMake package in '/home/arjun/SMART-LAB-ITAP-WEBOTS/robot_interfaces'
[0.426s] INFO:colcon.colcon_core.plugin_system:Skipping extension 'colcon_core.shell.bat': Not used on non-Windows systems
[0.426s] INFO:colcon.colcon_core.shell:Skip shell extension 'powershell' for command environment: Not usable outside of PowerShell
[0.426s] DEBUG:colcon.colcon_core.shell:Skip shell extension 'dsv' for command environment
[0.436s] DEBUG:colcon.colcon_core.event_handler.log_command:Invoking command in '/home/arjun/SMART-LAB-ITAP-WEBOTS/build/robot_interfaces': CMAKE_PREFIX_PATH=/home/arjun/SMART-LAB-ITAP-WEBOTS/install/robot_interfaces:/home/arjun/SMART-LAB-ITAP-WEBOTS/install/webots_ros2_turtlebot:/home/arjun/SMART-LAB-ITAP-WEBOTS/install/webots_ros2_multi_agent:/home/arjun/SMART-LAB-ITAP-WEBOTS/install/webots_ros2_mavic:/home/arjun/SMART-LAB-ITAP-WEBOTS/install/webots_ros2_epuck:/opt/ros/humble /usr/bin/cmake --build /home/arjun/SMART-LAB-ITAP-WEBOTS/build/robot_interfaces -- -j12 -l12
[0.771s] DEBUG:colcon.colcon_core.event_handler.log_command:Invoked command in '/home/arjun/SMART-LAB-ITAP-WEBOTS/build/robot_interfaces' returned '0': CMAKE_PREFIX_PATH=/home/arjun/SMART-LAB-ITAP-WEBOTS/install/robot_interfaces:/home/arjun/SMART-LAB-ITAP-WEBOTS/install/webots_ros2_turtlebot:/home/arjun/SMART-LAB-ITAP-WEBOTS/install/webots_ros2_multi_agent:/home/arjun/SMART-LAB-ITAP-WEBOTS/install/webots_ros2_mavic:/home/arjun/SMART-LAB-ITAP-WEBOTS/install/webots_ros2_epuck:/opt/ros/humble /usr/bin/cmake --build /home/arjun/SMART-LAB-ITAP-WEBOTS/build/robot_interfaces -- -j12 -l12
[0.828s] DEBUG:colcon.colcon_core.event_handler.log_command:Invoking command in '/home/arjun/SMART-LAB-ITAP-WEBOTS/build/robot_interfaces': CMAKE_PREFIX_PATH=/home/arjun/SMART-LAB-ITAP-WEBOTS/install/robot_interfaces:/home/arjun/SMART-LAB-ITAP-WEBOTS/install/webots_ros2_turtlebot:/home/arjun/SMART-LAB-ITAP-WEBOTS/install/webots_ros2_multi_agent:/home/arjun/SMART-LAB-ITAP-WEBOTS/install/webots_ros2_mavic:/home/arjun/SMART-LAB-ITAP-WEBOTS/install/webots_ros2_epuck:/opt/ros/humble /usr/bin/cmake --install /home/arjun/SMART-LAB-ITAP-WEBOTS/build/robot_interfaces
[0.892s] Level 1:colcon.colcon_core.environment:create_environment_scripts_only(robot_interfaces)
[0.893s] DEBUG:colcon.colcon_core.event_handler.log_command:Invoked command in '/home/arjun/SMART-LAB-ITAP-WEBOTS/build/robot_interfaces' returned '0': CMAKE_PREFIX_PATH=/home/arjun/SMART-LAB-ITAP-WEBOTS/install/robot_interfaces:/home/arjun/SMART-LAB-ITAP-WEBOTS/install/webots_ros2_turtlebot:/home/arjun/SMART-LAB-ITAP-WEBOTS/install/webots_ros2_multi_agent:/home/arjun/SMART-LAB-ITAP-WEBOTS/install/webots_ros2_mavic:/home/arjun/SMART-LAB-ITAP-WEBOTS/install/webots_ros2_epuck:/opt/ros/humble /usr/bin/cmake --install /home/arjun/SMART-LAB-ITAP-WEBOTS/build/robot_interfaces
[0.897s] Level 1:colcon.colcon_core.environment:checking '/home/arjun/SMART-LAB-ITAP-WEBOTS/install/robot_interfaces' for CMake module files
[0.897s] Level 1:colcon.colcon_core.environment:checking '/home/arjun/SMART-LAB-ITAP-WEBOTS/install/robot_interfaces' for CMake config files
[0.898s] Level 1:colcon.colcon_core.shell:create_environment_hook('robot_interfaces', 'cmake_prefix_path')
[0.899s] INFO:colcon.colcon_core.shell:Creating environment hook '/home/arjun/SMART-LAB-ITAP-WEBOTS/install/robot_interfaces/share/robot_interfaces/hook/cmake_prefix_path.ps1'
[0.900s] INFO:colcon.colcon_core.shell:Creating environment descriptor '/home/arjun/SMART-LAB-ITAP-WEBOTS/install/robot_interfaces/share/robot_interfaces/hook/cmake_prefix_path.dsv'
[0.900s] INFO:colcon.colcon_core.shell:Creating environment hook '/home/arjun/SMART-LAB-ITAP-WEBOTS/install/robot_interfaces/share/robot_interfaces/hook/cmake_prefix_path.sh'
[0.901s] Level 1:colcon.colcon_core.environment:checking '/home/arjun/SMART-LAB-ITAP-WEBOTS/install/robot_interfaces/lib'
[0.901s] Level 1:colcon.colcon_core.shell:create_environment_hook('robot_interfaces', 'ld_library_path_lib')
[0.903s] INFO:colcon.colcon_core.shell:Creating environment hook '/home/arjun/SMART-LAB-ITAP-WEBOTS/install/robot_interfaces/share/robot_interfaces/hook/ld_library_path_lib.ps1'
[0.903s] INFO:colcon.colcon_core.shell:Creating environment descriptor '/home/arjun/SMART-LAB-ITAP-WEBOTS/install/robot_interfaces/share/robot_interfaces/hook/ld_library_path_lib.dsv'
[0.904s] INFO:colcon.colcon_core.shell:Creating environment hook '/home/arjun/SMART-LAB-ITAP-WEBOTS/install/robot_interfaces/share/robot_interfaces/hook/ld_library_path_lib.sh'
[0.904s] Level 1:colcon.colcon_core.environment:checking '/home/arjun/SMART-LAB-ITAP-WEBOTS/install/robot_interfaces/bin'
[0.904s] Level 1:colcon.colcon_core.environment:checking '/home/arjun/SMART-LAB-ITAP-WEBOTS/install/robot_interfaces/lib/pkgconfig/robot_interfaces.pc'
[0.904s] Level 1:colcon.colcon_core.environment:checking '/home/arjun/SMART-LAB-ITAP-WEBOTS/install/robot_interfaces/lib/python3.10/site-packages'
[0.904s] Level 1:colcon.colcon_core.environment:checking '/home/arjun/SMART-LAB-ITAP-WEBOTS/install/robot_interfaces/bin'
[0.906s] INFO:colcon.colcon_core.shell:Creating package script '/home/arjun/SMART-LAB-ITAP-WEBOTS/install/robot_interfaces/share/robot_interfaces/package.ps1'
[0.906s] INFO:colcon.colcon_core.shell:Creating package descriptor '/home/arjun/SMART-LAB-ITAP-WEBOTS/install/robot_interfaces/share/robot_interfaces/package.dsv'
[0.907s] INFO:colcon.colcon_core.shell:Creating package script '/home/arjun/SMART-LAB-ITAP-WEBOTS/install/robot_interfaces/share/robot_interfaces/package.sh'
[0.907s] INFO:colcon.colcon_core.shell:Creating package script '/home/arjun/SMART-LAB-ITAP-WEBOTS/install/robot_interfaces/share/robot_interfaces/package.bash'
[0.908s] INFO:colcon.colcon_core.shell:Creating package script '/home/arjun/SMART-LAB-ITAP-WEBOTS/install/robot_interfaces/share/robot_interfaces/package.zsh'
[0.908s] Level 1:colcon.colcon_core.environment:create_file_with_runtime_dependencies(/home/arjun/SMART-LAB-ITAP-WEBOTS/install/robot_interfaces/share/colcon-core/packages/robot_interfaces)
[0.962s] Level 1:colcon.colcon_core.environment:create_environment_scripts_only(robot_interfaces)
[0.965s] Level 1:colcon.colcon_core.environment:checking '/home/arjun/SMART-LAB-ITAP-WEBOTS/install/robot_interfaces' for CMake module files
[0.965s] Level 1:colcon.colcon_core.environment:checking '/home/arjun/SMART-LAB-ITAP-WEBOTS/install/robot_interfaces' for CMake config files
[0.966s] Level 1:colcon.colcon_core.shell:create_environment_hook('robot_interfaces', 'cmake_prefix_path')
[0.967s] INFO:colcon.colcon_core.shell:Creating environment hook '/home/arjun/SMART-LAB-ITAP-WEBOTS/install/robot_interfaces/share/robot_interfaces/hook/cmake_prefix_path.ps1'
[0.967s] INFO:colcon.colcon_core.shell:Creating environment descriptor '/home/arjun/SMART-LAB-ITAP-WEBOTS/install/robot_interfaces/share/robot_interfaces/hook/cmake_prefix_path.dsv'
[0.968s] INFO:colcon.colcon_core.shell:Creating environment hook '/home/arjun/SMART-LAB-ITAP-WEBOTS/install/robot_interfaces/share/robot_interfaces/hook/cmake_prefix_path.sh'
[0.968s] Level 1:colcon.colcon_core.environment:checking '/home/arjun/SMART-LAB-ITAP-WEBOTS/install/robot_interfaces/lib'
[0.968s] Level 1:colcon.colcon_core.shell:create_environment_hook('robot_interfaces', 'ld_library_path_lib')
[0.970s] INFO:colcon.colcon_core.shell:Creating environment hook '/home/arjun/SMART-LAB-ITAP-WEBOTS/install/robot_interfaces/share/robot_interfaces/hook/ld_library_path_lib.ps1'
[0.970s] INFO:colcon.colcon_core.shell:Creating environment descriptor '/home/arjun/SMART-LAB-ITAP-WEBOTS/install/robot_interfaces/share/robot_interfaces/hook/ld_library_path_lib.dsv'
[0.970s] INFO:colcon.colcon_core.shell:Creating environment hook '/home/arjun/SMART-LAB-ITAP-WEBOTS/install/robot_interfaces/share/robot_interfaces/hook/ld_library_path_lib.sh'
[0.971s] Level 1:colcon.colcon_core.environment:checking '/home/arjun/SMART-LAB-ITAP-WEBOTS/install/robot_interfaces/bin'
[0.971s] Level 1:colcon.colcon_core.environment:checking '/home/arjun/SMART-LAB-ITAP-WEBOTS/install/robot_interfaces/lib/pkgconfig/robot_interfaces.pc'
[0.971s] Level 1:colcon.colcon_core.environment:checking '/home/arjun/SMART-LAB-ITAP-WEBOTS/install/robot_interfaces/lib/python3.10/site-packages'
[0.971s] Level 1:colcon.colcon_core.environment:checking '/home/arjun/SMART-LAB-ITAP-WEBOTS/install/robot_interfaces/bin'
[0.972s] INFO:colcon.colcon_core.shell:Creating package script '/home/arjun/SMART-LAB-ITAP-WEBOTS/install/robot_interfaces/share/robot_interfaces/package.ps1'
[0.973s] INFO:colcon.colcon_core.shell:Creating package descriptor '/home/arjun/SMART-LAB-ITAP-WEBOTS/install/robot_interfaces/share/robot_interfaces/package.dsv'
[0.973s] INFO:colcon.colcon_core.shell:Creating package script '/home/arjun/SMART-LAB-ITAP-WEBOTS/install/robot_interfaces/share/robot_interfaces/package.sh'
[0.974s] INFO:colcon.colcon_core.shell:Creating package script '/home/arjun/SMART-LAB-ITAP-WEBOTS/install/robot_interfaces/share/robot_interfaces/package.bash'
[0.974s] INFO:colcon.colcon_core.shell:Creating package script '/home/arjun/SMART-LAB-ITAP-WEBOTS/install/robot_interfaces/share/robot_interfaces/package.zsh'
[0.974s] Level 1:colcon.colcon_core.environment:create_file_with_runtime_dependencies(/home/arjun/SMART-LAB-ITAP-WEBOTS/install/robot_interfaces/share/colcon-core/packages/robot_interfaces)
[0.975s] DEBUG:colcon.colcon_parallel_executor.executor.parallel:closing loop
[0.975s] DEBUG:colcon.colcon_parallel_executor.executor.parallel:loop closed
[0.975s] DEBUG:colcon.colcon_parallel_executor.executor.parallel:run_until_complete finished with '0'
[0.975s] DEBUG:colcon.colcon_core.event_reactor:joining thread
[0.979s] INFO:colcon.colcon_core.plugin_system:Skipping extension 'colcon_notification.desktop_notification.terminal_notifier': Not used on non-Darwin systems
[0.980s] INFO:colcon.colcon_core.plugin_system:Skipping extension 'colcon_notification.desktop_notification.win32': Not used on non-Windows systems
[0.980s] INFO:colcon.colcon_notification.desktop_notification:Sending desktop notification using 'notify2'
[0.992s] DEBUG:colcon.colcon_core.event_reactor:joined thread
[0.993s] INFO:colcon.colcon_core.shell:Creating prefix script '/home/arjun/SMART-LAB-ITAP-WEBOTS/install/local_setup.ps1'
[0.994s] INFO:colcon.colcon_core.shell:Creating prefix util module '/home/arjun/SMART-LAB-ITAP-WEBOTS/install/_local_setup_util_ps1.py'
[0.995s] INFO:colcon.colcon_core.shell:Creating prefix chain script '/home/arjun/SMART-LAB-ITAP-WEBOTS/install/setup.ps1'
[0.996s] INFO:colcon.colcon_core.shell:Creating prefix script '/home/arjun/SMART-LAB-ITAP-WEBOTS/install/local_setup.sh'
[0.997s] INFO:colcon.colcon_core.shell:Creating prefix util module '/home/arjun/SMART-LAB-ITAP-WEBOTS/install/_local_setup_util_sh.py'
[0.997s] INFO:colcon.colcon_core.shell:Creating prefix chain script '/home/arjun/SMART-LAB-ITAP-WEBOTS/install/setup.sh'
[0.998s] INFO:colcon.colcon_core.shell:Creating prefix script '/home/arjun/SMART-LAB-ITAP-WEBOTS/install/local_setup.bash'
[0.999s] INFO:colcon.colcon_core.shell:Creating prefix chain script '/home/arjun/SMART-LAB-ITAP-WEBOTS/install/setup.bash'
[1.000s] INFO:colcon.colcon_core.shell:Creating prefix script '/home/arjun/SMART-LAB-ITAP-WEBOTS/install/local_setup.zsh'
[1.000s] INFO:colcon.colcon_core.shell:Creating prefix chain script '/home/arjun/SMART-LAB-ITAP-WEBOTS/install/setup.zsh'
