[1.832s] Invoking command in '/home/arjun/SMART-LAB-ITAP-WEBOTS/webots_ros2_mavic': AMENT_PREFIX_PATH=/home/arjun/SMART-LAB-ITAP-WEBOTS/install/robot_interfaces:${AMENT_PREFIX_PATH} CMAKE_PREFIX_PATH=/home/arjun/SMART-LAB-ITAP-WEBOTS/install/robot_interfaces LD_LIBRARY_PATH=/home/arjun/SMART-LAB-ITAP-WEBOTS/install/robot_interfaces/lib:${LD_LIBRARY_PATH} PYTHONPATH=/home/arjun/SMART-LAB-ITAP-WEBOTS/build/webots_ros2_mavic/prefix_override:/home/arjun/SMART-LAB-ITAP-WEBOTS/install/webots_ros2_mavic/lib/python3.10/site-packages:/home/arjun/SMART-LAB-ITAP-WEBOTS/install/robot_interfaces/local/lib/python3.10/dist-packages:${PYTHONPATH} /usr/bin/python3 setup.py egg_info --egg-base ../build/webots_ros2_mavic build --build-base /home/arjun/SMART-LAB-ITAP-WEBOTS/build/webots_ros2_mavic/build install --record /home/arjun/SMART-LAB-ITAP-WEBOTS/build/webots_ros2_mavic/install.log --single-version-externally-managed
[2.059s] running egg_info
[2.060s] writing ../build/webots_ros2_mavic/webots_ros2_mavic.egg-info/PKG-INFO
[2.060s] writing dependency_links to ../build/webots_ros2_mavic/webots_ros2_mavic.egg-info/dependency_links.txt
[2.061s] writing entry points to ../build/webots_ros2_mavic/webots_ros2_mavic.egg-info/entry_points.txt
[2.061s] writing requirements to ../build/webots_ros2_mavic/webots_ros2_mavic.egg-info/requires.txt
[2.061s] writing top-level names to ../build/webots_ros2_mavic/webots_ros2_mavic.egg-info/top_level.txt
[2.063s] reading manifest file '../build/webots_ros2_mavic/webots_ros2_mavic.egg-info/SOURCES.txt'
[2.076s] writing manifest file '../build/webots_ros2_mavic/webots_ros2_mavic.egg-info/SOURCES.txt'
[2.076s] running build
[2.076s] running build_py
[2.077s] running install
[2.077s] running install_lib
[2.079s] running install_data
[2.079s] running install_egg_info
[2.081s] removing '/home/arjun/SMART-LAB-ITAP-WEBOTS/install/webots_ros2_mavic/lib/python3.10/site-packages/webots_ros2_mavic-2023.0.4-py3.10.egg-info' (and everything under it)
[2.081s] Copying ../build/webots_ros2_mavic/webots_ros2_mavic.egg-info to /home/arjun/SMART-LAB-ITAP-WEBOTS/install/webots_ros2_mavic/lib/python3.10/site-packages/webots_ros2_mavic-2023.0.4-py3.10.egg-info
[2.083s] running install_scripts
[2.101s] Installing OperatorHub script to /home/arjun/SMART-LAB-ITAP-WEBOTS/install/webots_ros2_mavic/lib/webots_ros2_mavic
[2.101s] writing list of installed files to '/home/arjun/SMART-LAB-ITAP-WEBOTS/build/webots_ros2_mavic/install.log'
[2.123s] Invoked command in '/home/arjun/SMART-LAB-ITAP-WEBOTS/webots_ros2_mavic' returned '0': AMENT_PREFIX_PATH=/home/arjun/SMART-LAB-ITAP-WEBOTS/install/robot_interfaces:${AMENT_PREFIX_PATH} CMAKE_PREFIX_PATH=/home/arjun/SMART-LAB-ITAP-WEBOTS/install/robot_interfaces LD_LIBRARY_PATH=/home/arjun/SMART-LAB-ITAP-WEBOTS/install/robot_interfaces/lib:${LD_LIBRARY_PATH} PYTHONPATH=/home/arjun/SMART-LAB-ITAP-WEBOTS/build/webots_ros2_mavic/prefix_override:/home/arjun/SMART-LAB-ITAP-WEBOTS/install/webots_ros2_mavic/lib/python3.10/site-packages:/home/arjun/SMART-LAB-ITAP-WEBOTS/install/robot_interfaces/local/lib/python3.10/dist-packages:${PYTHONPATH} /usr/bin/python3 setup.py egg_info --egg-base ../build/webots_ros2_mavic build --build-base /home/arjun/SMART-LAB-ITAP-WEBOTS/build/webots_ros2_mavic/build install --record /home/arjun/SMART-LAB-ITAP-WEBOTS/build/webots_ros2_mavic/install.log --single-version-externally-managed
