[1.090s] Invoking command in '/home/arjun/SMART-LAB-ITAP-WEBOTS/webots_ros2_epuck': PYTHONPATH=/home/arjun/SMART-LAB-ITAP-WEBOTS/build/webots_ros2_epuck/prefix_override:/home/arjun/SMART-LAB-ITAP-WEBOTS/install/webots_ros2_epuck/lib/python3.10/site-packages:${PYTHONPATH} /usr/bin/python3 setup.py egg_info --egg-base ../build/webots_ros2_epuck build --build-base /home/arjun/SMART-LAB-ITAP-WEBOTS/build/webots_ros2_epuck/build install --record /home/arjun/SMART-LAB-ITAP-WEBOTS/build/webots_ros2_epuck/install.log --single-version-externally-managed
[1.316s] running egg_info
[1.316s] creating ../build/webots_ros2_epuck/webots_ros2_epuck.egg-info
[1.316s] writing ../build/webots_ros2_epuck/webots_ros2_epuck.egg-info/PKG-INFO
[1.316s] writing dependency_links to ../build/webots_ros2_epuck/webots_ros2_epuck.egg-info/dependency_links.txt
[1.317s] writing entry points to ../build/webots_ros2_epuck/webots_ros2_epuck.egg-info/entry_points.txt
[1.317s] writing requirements to ../build/webots_ros2_epuck/webots_ros2_epuck.egg-info/requires.txt
[1.317s] writing top-level names to ../build/webots_ros2_epuck/webots_ros2_epuck.egg-info/top_level.txt
[1.317s] writing manifest file '../build/webots_ros2_epuck/webots_ros2_epuck.egg-info/SOURCES.txt'
[1.318s] reading manifest file '../build/webots_ros2_epuck/webots_ros2_epuck.egg-info/SOURCES.txt'
[1.319s] writing manifest file '../build/webots_ros2_epuck/webots_ros2_epuck.egg-info/SOURCES.txt'
[1.320s] running build
[1.320s] running build_py
[1.320s] creating /home/arjun/SMART-LAB-ITAP-WEBOTS/build/webots_ros2_epuck/build
[1.320s] creating /home/arjun/SMART-LAB-ITAP-WEBOTS/build/webots_ros2_epuck/build/lib
[1.320s] creating /home/arjun/SMART-LAB-ITAP-WEBOTS/build/webots_ros2_epuck/build/lib/webots_ros2_epuck
[1.320s] copying webots_ros2_epuck/simple_mapper.py -> /home/arjun/SMART-LAB-ITAP-WEBOTS/build/webots_ros2_epuck/build/lib/webots_ros2_epuck
[1.320s] copying webots_ros2_epuck/drive_calibrator.py -> /home/arjun/SMART-LAB-ITAP-WEBOTS/build/webots_ros2_epuck/build/lib/webots_ros2_epuck
[1.320s] copying webots_ros2_epuck/__init__.py -> /home/arjun/SMART-LAB-ITAP-WEBOTS/build/webots_ros2_epuck/build/lib/webots_ros2_epuck
[1.320s] copying webots_ros2_epuck/epuck_node.py -> /home/arjun/SMART-LAB-ITAP-WEBOTS/build/webots_ros2_epuck/build/lib/webots_ros2_epuck
[1.320s] running install
[1.320s] running install_lib
[1.321s] creating /home/arjun/SMART-LAB-ITAP-WEBOTS/install/webots_ros2_epuck/lib/python3.10/site-packages/webots_ros2_epuck
[1.321s] copying /home/arjun/SMART-LAB-ITAP-WEBOTS/build/webots_ros2_epuck/build/lib/webots_ros2_epuck/simple_mapper.py -> /home/arjun/SMART-LAB-ITAP-WEBOTS/install/webots_ros2_epuck/lib/python3.10/site-packages/webots_ros2_epuck
[1.321s] copying /home/arjun/SMART-LAB-ITAP-WEBOTS/build/webots_ros2_epuck/build/lib/webots_ros2_epuck/drive_calibrator.py -> /home/arjun/SMART-LAB-ITAP-WEBOTS/install/webots_ros2_epuck/lib/python3.10/site-packages/webots_ros2_epuck
[1.321s] copying /home/arjun/SMART-LAB-ITAP-WEBOTS/build/webots_ros2_epuck/build/lib/webots_ros2_epuck/__init__.py -> /home/arjun/SMART-LAB-ITAP-WEBOTS/install/webots_ros2_epuck/lib/python3.10/site-packages/webots_ros2_epuck
[1.321s] copying /home/arjun/SMART-LAB-ITAP-WEBOTS/build/webots_ros2_epuck/build/lib/webots_ros2_epuck/epuck_node.py -> /home/arjun/SMART-LAB-ITAP-WEBOTS/install/webots_ros2_epuck/lib/python3.10/site-packages/webots_ros2_epuck
[1.322s] byte-compiling /home/arjun/SMART-LAB-ITAP-WEBOTS/install/webots_ros2_epuck/lib/python3.10/site-packages/webots_ros2_epuck/simple_mapper.py to simple_mapper.cpython-310.pyc
[1.323s] byte-compiling /home/arjun/SMART-LAB-ITAP-WEBOTS/install/webots_ros2_epuck/lib/python3.10/site-packages/webots_ros2_epuck/drive_calibrator.py to drive_calibrator.cpython-310.pyc
[1.323s] byte-compiling /home/arjun/SMART-LAB-ITAP-WEBOTS/install/webots_ros2_epuck/lib/python3.10/site-packages/webots_ros2_epuck/__init__.py to __init__.cpython-310.pyc
[1.323s] byte-compiling /home/arjun/SMART-LAB-ITAP-WEBOTS/install/webots_ros2_epuck/lib/python3.10/site-packages/webots_ros2_epuck/epuck_node.py to epuck_node.cpython-310.pyc
[1.324s] running install_data
[1.325s] creating /home/arjun/SMART-LAB-ITAP-WEBOTS/install/webots_ros2_epuck/share/ament_index
[1.325s] creating /home/arjun/SMART-LAB-ITAP-WEBOTS/install/webots_ros2_epuck/share/ament_index/resource_index
[1.325s] creating /home/arjun/SMART-LAB-ITAP-WEBOTS/install/webots_ros2_epuck/share/ament_index/resource_index/packages
[1.325s] copying resource/webots_ros2_epuck -> /home/arjun/SMART-LAB-ITAP-WEBOTS/install/webots_ros2_epuck/share/ament_index/resource_index/packages
[1.325s] creating /home/arjun/SMART-LAB-ITAP-WEBOTS/install/webots_ros2_epuck/share/webots_ros2_epuck/launch
[1.325s] copying launch/robot_launch.py -> /home/arjun/SMART-LAB-ITAP-WEBOTS/install/webots_ros2_epuck/share/webots_ros2_epuck/launch
[1.325s] copying launch/robot_tools_launch.py -> /home/arjun/SMART-LAB-ITAP-WEBOTS/install/webots_ros2_epuck/share/webots_ros2_epuck/launch
[1.325s] copying launch/rats_life_launch.py -> /home/arjun/SMART-LAB-ITAP-WEBOTS/install/webots_ros2_epuck/share/webots_ros2_epuck/launch
[1.325s] copying launch/rats_life_waypoints_launch.py -> /home/arjun/SMART-LAB-ITAP-WEBOTS/install/webots_ros2_epuck/share/webots_ros2_epuck/launch
[1.325s] creating /home/arjun/SMART-LAB-ITAP-WEBOTS/install/webots_ros2_epuck/share/webots_ros2_epuck/worlds
[1.325s] copying worlds/epuck_world.wbt -> /home/arjun/SMART-LAB-ITAP-WEBOTS/install/webots_ros2_epuck/share/webots_ros2_epuck/worlds
[1.325s] copying worlds/.epuck_world.wbproj -> /home/arjun/SMART-LAB-ITAP-WEBOTS/install/webots_ros2_epuck/share/webots_ros2_epuck/worlds
[1.325s] copying worlds/rats_life_benchmark.wbt -> /home/arjun/SMART-LAB-ITAP-WEBOTS/install/webots_ros2_epuck/share/webots_ros2_epuck/worlds
[1.325s] copying worlds/.rats_life_benchmark.wbproj -> /home/arjun/SMART-LAB-ITAP-WEBOTS/install/webots_ros2_epuck/share/webots_ros2_epuck/worlds
[1.326s] creating /home/arjun/SMART-LAB-ITAP-WEBOTS/install/webots_ros2_epuck/share/webots_ros2_epuck/protos
[1.326s] copying protos/LegoTallInterval.proto -> /home/arjun/SMART-LAB-ITAP-WEBOTS/install/webots_ros2_epuck/share/webots_ros2_epuck/protos
[1.326s] copying protos/LegoTallWall.proto -> /home/arjun/SMART-LAB-ITAP-WEBOTS/install/webots_ros2_epuck/share/webots_ros2_epuck/protos
[1.326s] creating /home/arjun/SMART-LAB-ITAP-WEBOTS/install/webots_ros2_epuck/share/webots_ros2_epuck/resource
[1.326s] copying resource/all.rviz -> /home/arjun/SMART-LAB-ITAP-WEBOTS/install/webots_ros2_epuck/share/webots_ros2_epuck/resource
[1.326s] copying resource/nav2_params.yaml -> /home/arjun/SMART-LAB-ITAP-WEBOTS/install/webots_ros2_epuck/share/webots_ros2_epuck/resource
[1.326s] copying resource/map_rats_life.pgm -> /home/arjun/SMART-LAB-ITAP-WEBOTS/install/webots_ros2_epuck/share/webots_ros2_epuck/resource
[1.326s] copying resource/map_rats_life.yaml -> /home/arjun/SMART-LAB-ITAP-WEBOTS/install/webots_ros2_epuck/share/webots_ros2_epuck/resource
[1.326s] copying resource/nav2_rats_life_waypoints.yaml -> /home/arjun/SMART-LAB-ITAP-WEBOTS/install/webots_ros2_epuck/share/webots_ros2_epuck/resource
[1.326s] copying resource/epuck_world_map.pgm -> /home/arjun/SMART-LAB-ITAP-WEBOTS/install/webots_ros2_epuck/share/webots_ros2_epuck/resource
[1.326s] copying resource/epuck_world_map.yaml -> /home/arjun/SMART-LAB-ITAP-WEBOTS/install/webots_ros2_epuck/share/webots_ros2_epuck/resource
[1.326s] copying resource/epuck_webots.urdf -> /home/arjun/SMART-LAB-ITAP-WEBOTS/install/webots_ros2_epuck/share/webots_ros2_epuck/resource
[1.327s] copying resource/ros2_control.yml -> /home/arjun/SMART-LAB-ITAP-WEBOTS/install/webots_ros2_epuck/share/webots_ros2_epuck/resource
[1.327s] copying package.xml -> /home/arjun/SMART-LAB-ITAP-WEBOTS/install/webots_ros2_epuck/share/webots_ros2_epuck
[1.327s] running install_egg_info
[1.329s] Copying ../build/webots_ros2_epuck/webots_ros2_epuck.egg-info to /home/arjun/SMART-LAB-ITAP-WEBOTS/install/webots_ros2_epuck/lib/python3.10/site-packages/webots_ros2_epuck-2023.0.4-py3.10.egg-info
[1.329s] running install_scripts
[1.347s] Installing drive_calibrator script to /home/arjun/SMART-LAB-ITAP-WEBOTS/install/webots_ros2_epuck/lib/webots_ros2_epuck
[1.347s] Installing epuck_node script to /home/arjun/SMART-LAB-ITAP-WEBOTS/install/webots_ros2_epuck/lib/webots_ros2_epuck
[1.347s] Installing simple_mapper script to /home/arjun/SMART-LAB-ITAP-WEBOTS/install/webots_ros2_epuck/lib/webots_ros2_epuck
[1.348s] writing list of installed files to '/home/arjun/SMART-LAB-ITAP-WEBOTS/build/webots_ros2_epuck/install.log'
[1.393s] Invoked command in '/home/arjun/SMART-LAB-ITAP-WEBOTS/webots_ros2_epuck' returned '0': PYTHONPATH=/home/arjun/SMART-LAB-ITAP-WEBOTS/build/webots_ros2_epuck/prefix_override:/home/arjun/SMART-LAB-ITAP-WEBOTS/install/webots_ros2_epuck/lib/python3.10/site-packages:${PYTHONPATH} /usr/bin/python3 setup.py egg_info --egg-base ../build/webots_ros2_epuck build --build-base /home/arjun/SMART-LAB-ITAP-WEBOTS/build/webots_ros2_epuck/build install --record /home/arjun/SMART-LAB-ITAP-WEBOTS/build/webots_ros2_epuck/install.log --single-version-externally-managed
