[0.580s] Invoking command in '/home/arjun/SMART-LAB-ITAP-WEBOTS/webots_ros2_turtlebot': PYTHONPATH=/home/arjun/SMART-LAB-ITAP-WEBOTS/build/webots_ros2_turtlebot/prefix_override:/home/arjun/SMART-LAB-ITAP-WEBOTS/install/webots_ros2_turtlebot/lib/python3.10/site-packages:${PYTHONPATH} /usr/bin/python3 setup.py egg_info --egg-base ../build/webots_ros2_turtlebot build --build-base /home/arjun/SMART-LAB-ITAP-WEBOTS/build/webots_ros2_turtlebot/build install --record /home/arjun/SMART-LAB-ITAP-WEBOTS/build/webots_ros2_turtlebot/install.log --single-version-externally-managed
[0.801s] running egg_info
[0.801s] writing ../build/webots_ros2_turtlebot/webots_ros2_turtlebot.egg-info/PKG-INFO
[0.801s] writing dependency_links to ../build/webots_ros2_turtlebot/webots_ros2_turtlebot.egg-info/dependency_links.txt
[0.801s] writing entry points to ../build/webots_ros2_turtlebot/webots_ros2_turtlebot.egg-info/entry_points.txt
[0.802s] writing requirements to ../build/webots_ros2_turtlebot/webots_ros2_turtlebot.egg-info/requires.txt
[0.802s] writing top-level names to ../build/webots_ros2_turtlebot/webots_ros2_turtlebot.egg-info/top_level.txt
[0.803s] reading manifest file '../build/webots_ros2_turtlebot/webots_ros2_turtlebot.egg-info/SOURCES.txt'
[0.804s] writing manifest file '../build/webots_ros2_turtlebot/webots_ros2_turtlebot.egg-info/SOURCES.txt'
[0.804s] running build
[0.804s] running build_py
[0.804s] running install
[0.804s] running install_lib
[0.805s] running install_data
[0.806s] running install_egg_info
[0.807s] removing '/home/arjun/SMART-LAB-ITAP-WEBOTS/install/webots_ros2_turtlebot/lib/python3.10/site-packages/webots_ros2_turtlebot-2023.0.4-py3.10.egg-info' (and everything under it)
[0.807s] Copying ../build/webots_ros2_turtlebot/webots_ros2_turtlebot.egg-info to /home/arjun/SMART-LAB-ITAP-WEBOTS/install/webots_ros2_turtlebot/lib/python3.10/site-packages/webots_ros2_turtlebot-2023.0.4-py3.10.egg-info
[0.808s] running install_scripts
[0.824s] writing list of installed files to '/home/arjun/SMART-LAB-ITAP-WEBOTS/build/webots_ros2_turtlebot/install.log'
[0.846s] Invoked command in '/home/arjun/SMART-LAB-ITAP-WEBOTS/webots_ros2_turtlebot' returned '0': PYTHONPATH=/home/arjun/SMART-LAB-ITAP-WEBOTS/build/webots_ros2_turtlebot/prefix_override:/home/arjun/SMART-LAB-ITAP-WEBOTS/install/webots_ros2_turtlebot/lib/python3.10/site-packages:${PYTHONPATH} /usr/bin/python3 setup.py egg_info --egg-base ../build/webots_ros2_turtlebot build --build-base /home/arjun/SMART-LAB-ITAP-WEBOTS/build/webots_ros2_turtlebot/build install --record /home/arjun/SMART-LAB-ITAP-WEBOTS/build/webots_ros2_turtlebot/install.log --single-version-externally-managed
