[0.011s] Invoking command in '/home/arjun/SMART-LAB-ITAP-WEBOTS/build/robot_interfaces': CMAKE_PREFIX_PATH=/home/arjun/SMART-LAB-ITAP-WEBOTS/install/robot_interfaces:/home/arjun/SMART-LAB-ITAP-WEBOTS/install/webots_ros2_turtlebot:/home/arjun/SMART-LAB-ITAP-WEBOTS/install/webots_ros2_multi_agent:/home/arjun/SMART-LAB-ITAP-WEBOTS/install/webots_ros2_mavic:/home/arjun/SMART-LAB-ITAP-WEBOTS/install/webots_ros2_epuck:/opt/ros/humble /usr/bin/cmake /home/arjun/SMART-LAB-ITAP-WEBOTS/robot_interfaces -DCMAKE_INSTALL_PREFIX=/home/arjun/SMART-LAB-ITAP-WEBOTS/install/robot_interfaces
[0.023s] -- Found ament_cmake: 1.3.4 (/opt/ros/humble/share/ament_cmake/cmake)
[0.150s] -- Found ament_lint_auto: 0.12.6 (/opt/ros/humble/share/ament_lint_auto/cmake)
[0.207s] -- Found rosidl_default_generators: 1.2.0 (/opt/ros/humble/share/rosidl_default_generators/cmake)
[0.209s] -- Using all available rosidl_typesupport_c: rosidl_typesupport_fastrtps_c;rosidl_typesupport_introspection_c
[0.211s] -- Found rosidl_adapter: 3.1.4 (/opt/ros/humble/share/rosidl_adapter/cmake)
[0.240s] -- Using all available rosidl_typesupport_cpp: rosidl_typesupport_fastrtps_cpp;rosidl_typesupport_introspection_cpp
[0.489s] -- Found ament_cmake_ros: 0.10.0 (/opt/ros/humble/share/ament_cmake_ros/cmake)
[0.689s] -- Using all available rosidl_typesupport_c: rosidl_typesupport_fastrtps_c;rosidl_typesupport_introspection_c
[0.897s] -- Using all available rosidl_typesupport_cpp: rosidl_typesupport_fastrtps_cpp;rosidl_typesupport_introspection_cpp
[0.919s] -- Found PythonInterp: /usr/bin/python3 (found suitable version "3.10.6", minimum required is "3.6") 
[0.922s] -- Found python_cmake_module: 0.10.0 (/opt/ros/humble/share/python_cmake_module/cmake)
[1.025s] -- Found PythonLibs: /usr/lib/x86_64-linux-gnu/libpython3.10.so (found suitable version "3.10.6", minimum required is "3.5") 
[1.025s] -- Using PYTHON_EXECUTABLE: /usr/bin/python3
[1.026s] -- Using PYTHON_INCLUDE_DIRS: /usr/include/python3.10
[1.026s] -- Using PYTHON_LIBRARIES: /usr/lib/x86_64-linux-gnu/libpython3.10.so
[1.081s] -- Found PythonExtra: .so  
[1.169s] -- Added test 'lint_cmake' to check CMake code style
[1.171s] -- Added test 'xmllint' to check XML markup files
[1.183s] -- Configuring done
[1.209s] -- Generating done
[1.211s] -- Build files have been written to: /home/arjun/SMART-LAB-ITAP-WEBOTS/build/robot_interfaces
[1.218s] Invoked command in '/home/arjun/SMART-LAB-ITAP-WEBOTS/build/robot_interfaces' returned '0': CMAKE_PREFIX_PATH=/home/arjun/SMART-LAB-ITAP-WEBOTS/install/robot_interfaces:/home/arjun/SMART-LAB-ITAP-WEBOTS/install/webots_ros2_turtlebot:/home/arjun/SMART-LAB-ITAP-WEBOTS/install/webots_ros2_multi_agent:/home/arjun/SMART-LAB-ITAP-WEBOTS/install/webots_ros2_mavic:/home/arjun/SMART-LAB-ITAP-WEBOTS/install/webots_ros2_epuck:/opt/ros/humble /usr/bin/cmake /home/arjun/SMART-LAB-ITAP-WEBOTS/robot_interfaces -DCMAKE_INSTALL_PREFIX=/home/arjun/SMART-LAB-ITAP-WEBOTS/install/robot_interfaces
[1.219s] Invoking command in '/home/arjun/SMART-LAB-ITAP-WEBOTS/build/robot_interfaces': CMAKE_PREFIX_PATH=/home/arjun/SMART-LAB-ITAP-WEBOTS/install/robot_interfaces:/home/arjun/SMART-LAB-ITAP-WEBOTS/install/webots_ros2_turtlebot:/home/arjun/SMART-LAB-ITAP-WEBOTS/install/webots_ros2_multi_agent:/home/arjun/SMART-LAB-ITAP-WEBOTS/install/webots_ros2_mavic:/home/arjun/SMART-LAB-ITAP-WEBOTS/install/webots_ros2_epuck:/opt/ros/humble /usr/bin/cmake --build /home/arjun/SMART-LAB-ITAP-WEBOTS/build/robot_interfaces -- -j12 -l12
[1.250s] [  3%] [34m[1mGenerating C code for ROS interfaces[0m
[1.258s] [  6%] [34m[1mGenerating C++ code for ROS interfaces[0m
[1.265s] [  6%] Built target ament_cmake_python_copy_robot_interfaces
[1.476s] [  6%] Built target robot_interfaces__cpp
[1.484s] [ 12%] [34m[1mGenerating C++ type support for eProsima Fast-RTPS[0m
[1.485s] [ 12%] [34m[1mGenerating C++ type support dispatch for ROS interfaces[0m
[1.485s] [ 16%] [34m[1mGenerating C++ introspection for ROS interfaces[0m
[1.492s] [ 19%] [32mBuilding C object CMakeFiles/robot_interfaces__rosidl_generator_c.dir/rosidl_generator_c/robot_interfaces/msg/detail/diverse_array__functions.c.o[0m
[1.513s] running egg_info
[1.514s] creating robot_interfaces.egg-info
[1.514s] writing robot_interfaces.egg-info/PKG-INFO
[1.514s] writing dependency_links to robot_interfaces.egg-info/dependency_links.txt
[1.514s] writing top-level names to robot_interfaces.egg-info/top_level.txt
[1.514s] writing manifest file 'robot_interfaces.egg-info/SOURCES.txt'
[1.516s] reading manifest file 'robot_interfaces.egg-info/SOURCES.txt'
[1.516s] writing manifest file 'robot_interfaces.egg-info/SOURCES.txt'
[1.543s] [ 19%] Built target ament_cmake_python_build_robot_interfaces_egg
[1.682s] [ 22%] [32mBuilding CXX object CMakeFiles/robot_interfaces__rosidl_typesupport_cpp.dir/rosidl_typesupport_cpp/robot_interfaces/msg/diverse_array__type_support.cpp.o[0m
[1.698s] [ 29%] [32mBuilding CXX object CMakeFiles/robot_interfaces__rosidl_typesupport_fastrtps_cpp.dir/rosidl_typesupport_fastrtps_cpp/robot_interfaces/msg/detail/dds_fastrtps/diverse_array__type_support.cpp.o[0m
[1.698s] [ 29%] [32mBuilding CXX object CMakeFiles/robot_interfaces__rosidl_typesupport_introspection_cpp.dir/rosidl_typesupport_introspection_cpp/robot_interfaces/msg/detail/diverse_array__type_support.cpp.o[0m
[2.640s] [ 32%] [32m[1mLinking C shared library librobot_interfaces__rosidl_generator_c.so[0m
[2.739s] [ 32%] Built target robot_interfaces__rosidl_generator_c
[2.750s] [ 38%] [34m[1mGenerating C type support dispatch for ROS interfaces[0m
[2.751s] [ 38%] [34m[1mGenerating C type support for eProsima Fast-RTPS[0m
[2.751s] [ 41%] [34m[1mGenerating C introspection for ROS interfaces[0m
[2.967s] [ 45%] [32m[1mLinking CXX shared library librobot_interfaces__rosidl_typesupport_cpp.so[0m
[2.974s] [ 48%] [32mBuilding CXX object CMakeFiles/robot_interfaces__rosidl_typesupport_c.dir/rosidl_typesupport_c/robot_interfaces/msg/diverse_array__type_support.cpp.o[0m
[2.982s] [ 51%] [32mBuilding C object CMakeFiles/robot_interfaces__rosidl_typesupport_introspection_c.dir/rosidl_typesupport_introspection_c/robot_interfaces/msg/detail/diverse_array__type_support.c.o[0m
[2.997s] [ 54%] [32mBuilding CXX object CMakeFiles/robot_interfaces__rosidl_typesupport_fastrtps_c.dir/rosidl_typesupport_fastrtps_c/robot_interfaces/msg/detail/diverse_array__type_support_c.cpp.o[0m
[3.007s] [ 54%] Built target robot_interfaces__rosidl_typesupport_cpp
[3.100s] [ 58%] [32m[1mLinking CXX shared library librobot_interfaces__rosidl_typesupport_c.so[0m
[3.135s] [ 58%] Built target robot_interfaces__rosidl_typesupport_c
[3.211s] [ 61%] [32m[1mLinking C shared library librobot_interfaces__rosidl_typesupport_introspection_c.so[0m
[3.282s] [ 61%] Built target robot_interfaces__rosidl_typesupport_introspection_c
[3.296s] [ 64%] [32m[1mLinking CXX shared library librobot_interfaces__rosidl_typesupport_introspection_cpp.so[0m
[3.315s] [ 67%] [32m[1mLinking CXX shared library librobot_interfaces__rosidl_typesupport_fastrtps_cpp.so[0m
[3.373s] [ 67%] Built target robot_interfaces__rosidl_typesupport_introspection_cpp
[3.390s] [ 67%] Built target robot_interfaces__rosidl_typesupport_fastrtps_cpp
[3.527s] [ 70%] [32m[1mLinking CXX shared library librobot_interfaces__rosidl_typesupport_fastrtps_c.so[0m
[3.588s] [ 70%] Built target robot_interfaces__rosidl_typesupport_fastrtps_c
[3.603s] [ 70%] Built target robot_interfaces
[3.620s] [ 74%] [34m[1mGenerating Python code for ROS interfaces[0m
[3.921s] [ 74%] Built target robot_interfaces__py
[3.937s] [ 77%] [32mBuilding C object CMakeFiles/robot_interfaces__rosidl_generator_py.dir/rosidl_generator_py/robot_interfaces/msg/_diverse_array_s.c.o[0m
[4.354s] [ 80%] [32m[1mLinking C shared library rosidl_generator_py/robot_interfaces/librobot_interfaces__rosidl_generator_py.so[0m
[4.386s] [ 80%] Built target robot_interfaces__rosidl_generator_py
[4.403s] [ 90%] [32mBuilding C object CMakeFiles/robot_interfaces__rosidl_typesupport_c__pyext.dir/rosidl_generator_py/robot_interfaces/_robot_interfaces_s.ep.rosidl_typesupport_c.c.o[0m
[4.403s] [ 90%] [32mBuilding C object CMakeFiles/robot_interfaces__rosidl_typesupport_fastrtps_c__pyext.dir/rosidl_generator_py/robot_interfaces/_robot_interfaces_s.ep.rosidl_typesupport_fastrtps_c.c.o[0m
[4.403s] [ 90%] [32mBuilding C object CMakeFiles/robot_interfaces__rosidl_typesupport_introspection_c__pyext.dir/rosidl_generator_py/robot_interfaces/_robot_interfaces_s.ep.rosidl_typesupport_introspection_c.c.o[0m
[4.482s] [ 96%] [32m[1mLinking C shared library rosidl_generator_py/robot_interfaces/robot_interfaces_s__rosidl_typesupport_introspection_c.cpython-310-x86_64-linux-gnu.so[0m
[4.483s] [ 96%] [32m[1mLinking C shared library rosidl_generator_py/robot_interfaces/robot_interfaces_s__rosidl_typesupport_c.cpython-310-x86_64-linux-gnu.so[0m
[4.488s] [100%] [32m[1mLinking C shared library rosidl_generator_py/robot_interfaces/robot_interfaces_s__rosidl_typesupport_fastrtps_c.cpython-310-x86_64-linux-gnu.so[0m
[4.510s] [100%] Built target robot_interfaces__rosidl_typesupport_introspection_c__pyext
[4.511s] [100%] Built target robot_interfaces__rosidl_typesupport_c__pyext
[4.517s] [100%] Built target robot_interfaces__rosidl_typesupport_fastrtps_c__pyext
[4.526s] Invoked command in '/home/arjun/SMART-LAB-ITAP-WEBOTS/build/robot_interfaces' returned '0': CMAKE_PREFIX_PATH=/home/arjun/SMART-LAB-ITAP-WEBOTS/install/robot_interfaces:/home/arjun/SMART-LAB-ITAP-WEBOTS/install/webots_ros2_turtlebot:/home/arjun/SMART-LAB-ITAP-WEBOTS/install/webots_ros2_multi_agent:/home/arjun/SMART-LAB-ITAP-WEBOTS/install/webots_ros2_mavic:/home/arjun/SMART-LAB-ITAP-WEBOTS/install/webots_ros2_epuck:/opt/ros/humble /usr/bin/cmake --build /home/arjun/SMART-LAB-ITAP-WEBOTS/build/robot_interfaces -- -j12 -l12
[4.590s] Invoking command in '/home/arjun/SMART-LAB-ITAP-WEBOTS/build/robot_interfaces': CMAKE_PREFIX_PATH=/home/arjun/SMART-LAB-ITAP-WEBOTS/install/robot_interfaces:/home/arjun/SMART-LAB-ITAP-WEBOTS/install/webots_ros2_turtlebot:/home/arjun/SMART-LAB-ITAP-WEBOTS/install/webots_ros2_multi_agent:/home/arjun/SMART-LAB-ITAP-WEBOTS/install/webots_ros2_mavic:/home/arjun/SMART-LAB-ITAP-WEBOTS/install/webots_ros2_epuck:/opt/ros/humble /usr/bin/cmake --install /home/arjun/SMART-LAB-ITAP-WEBOTS/build/robot_interfaces
[4.598s] -- Install configuration: ""
[4.599s] -- Installing: /home/arjun/SMART-LAB-ITAP-WEBOTS/install/robot_interfaces/share/ament_index/resource_index/rosidl_interfaces/robot_interfaces
[4.599s] -- Installing: /home/arjun/SMART-LAB-ITAP-WEBOTS/install/robot_interfaces/include/robot_interfaces/robot_interfaces
[4.599s] -- Installing: /home/arjun/SMART-LAB-ITAP-WEBOTS/install/robot_interfaces/include/robot_interfaces/robot_interfaces/msg
[4.599s] -- Installing: /home/arjun/SMART-LAB-ITAP-WEBOTS/install/robot_interfaces/include/robot_interfaces/robot_interfaces/msg/diverse_array.h
[4.599s] -- Installing: /home/arjun/SMART-LAB-ITAP-WEBOTS/install/robot_interfaces/include/robot_interfaces/robot_interfaces/msg/rosidl_generator_c__visibility_control.h
[4.599s] -- Installing: /home/arjun/SMART-LAB-ITAP-WEBOTS/install/robot_interfaces/include/robot_interfaces/robot_interfaces/msg/detail
[4.600s] -- Installing: /home/arjun/SMART-LAB-ITAP-WEBOTS/install/robot_interfaces/include/robot_interfaces/robot_interfaces/msg/detail/diverse_array__struct.h
[4.600s] -- Installing: /home/arjun/SMART-LAB-ITAP-WEBOTS/install/robot_interfaces/include/robot_interfaces/robot_interfaces/msg/detail/diverse_array__type_support.h
[4.600s] -- Installing: /home/arjun/SMART-LAB-ITAP-WEBOTS/install/robot_interfaces/include/robot_interfaces/robot_interfaces/msg/detail/diverse_array__functions.h
[4.600s] -- Installing: /home/arjun/SMART-LAB-ITAP-WEBOTS/install/robot_interfaces/include/robot_interfaces/robot_interfaces/msg/detail/diverse_array__functions.c
[4.600s] -- Installing: /home/arjun/SMART-LAB-ITAP-WEBOTS/install/robot_interfaces/share/robot_interfaces/environment/library_path.sh
[4.600s] -- Installing: /home/arjun/SMART-LAB-ITAP-WEBOTS/install/robot_interfaces/share/robot_interfaces/environment/library_path.dsv
[4.600s] -- Installing: /home/arjun/SMART-LAB-ITAP-WEBOTS/install/robot_interfaces/lib/librobot_interfaces__rosidl_generator_c.so
[4.601s] -- Set runtime path of "/home/arjun/SMART-LAB-ITAP-WEBOTS/install/robot_interfaces/lib/librobot_interfaces__rosidl_generator_c.so" to ""
[4.601s] -- Up-to-date: /home/arjun/SMART-LAB-ITAP-WEBOTS/install/robot_interfaces/include/robot_interfaces/robot_interfaces
[4.602s] -- Up-to-date: /home/arjun/SMART-LAB-ITAP-WEBOTS/install/robot_interfaces/include/robot_interfaces/robot_interfaces/msg
[4.602s] -- Up-to-date: /home/arjun/SMART-LAB-ITAP-WEBOTS/install/robot_interfaces/include/robot_interfaces/robot_interfaces/msg/detail
[4.602s] -- Installing: /home/arjun/SMART-LAB-ITAP-WEBOTS/install/robot_interfaces/include/robot_interfaces/robot_interfaces/msg/detail/diverse_array__rosidl_typesupport_fastrtps_c.h
[4.602s] -- Installing: /home/arjun/SMART-LAB-ITAP-WEBOTS/install/robot_interfaces/include/robot_interfaces/robot_interfaces/msg/rosidl_typesupport_fastrtps_c__visibility_control.h
[4.602s] -- Installing: /home/arjun/SMART-LAB-ITAP-WEBOTS/install/robot_interfaces/lib/librobot_interfaces__rosidl_typesupport_fastrtps_c.so
[4.602s] -- Set runtime path of "/home/arjun/SMART-LAB-ITAP-WEBOTS/install/robot_interfaces/lib/librobot_interfaces__rosidl_typesupport_fastrtps_c.so" to ""
[4.603s] -- Up-to-date: /home/arjun/SMART-LAB-ITAP-WEBOTS/install/robot_interfaces/include/robot_interfaces/robot_interfaces
[4.603s] -- Up-to-date: /home/arjun/SMART-LAB-ITAP-WEBOTS/install/robot_interfaces/include/robot_interfaces/robot_interfaces/msg
[4.603s] -- Installing: /home/arjun/SMART-LAB-ITAP-WEBOTS/install/robot_interfaces/include/robot_interfaces/robot_interfaces/msg/rosidl_typesupport_introspection_c__visibility_control.h
[4.603s] -- Up-to-date: /home/arjun/SMART-LAB-ITAP-WEBOTS/install/robot_interfaces/include/robot_interfaces/robot_interfaces/msg/detail
[4.603s] -- Installing: /home/arjun/SMART-LAB-ITAP-WEBOTS/install/robot_interfaces/include/robot_interfaces/robot_interfaces/msg/detail/diverse_array__type_support.c
[4.603s] -- Installing: /home/arjun/SMART-LAB-ITAP-WEBOTS/install/robot_interfaces/include/robot_interfaces/robot_interfaces/msg/detail/diverse_array__rosidl_typesupport_introspection_c.h
[4.603s] -- Installing: /home/arjun/SMART-LAB-ITAP-WEBOTS/install/robot_interfaces/lib/librobot_interfaces__rosidl_typesupport_introspection_c.so
[4.603s] -- Set runtime path of "/home/arjun/SMART-LAB-ITAP-WEBOTS/install/robot_interfaces/lib/librobot_interfaces__rosidl_typesupport_introspection_c.so" to ""
[4.604s] -- Installing: /home/arjun/SMART-LAB-ITAP-WEBOTS/install/robot_interfaces/lib/librobot_interfaces__rosidl_typesupport_c.so
[4.604s] -- Set runtime path of "/home/arjun/SMART-LAB-ITAP-WEBOTS/install/robot_interfaces/lib/librobot_interfaces__rosidl_typesupport_c.so" to ""
[4.604s] -- Up-to-date: /home/arjun/SMART-LAB-ITAP-WEBOTS/install/robot_interfaces/include/robot_interfaces/robot_interfaces
[4.604s] -- Up-to-date: /home/arjun/SMART-LAB-ITAP-WEBOTS/install/robot_interfaces/include/robot_interfaces/robot_interfaces/msg
[4.604s] -- Installing: /home/arjun/SMART-LAB-ITAP-WEBOTS/install/robot_interfaces/include/robot_interfaces/robot_interfaces/msg/diverse_array.hpp
[4.604s] -- Up-to-date: /home/arjun/SMART-LAB-ITAP-WEBOTS/install/robot_interfaces/include/robot_interfaces/robot_interfaces/msg/detail
[4.604s] -- Installing: /home/arjun/SMART-LAB-ITAP-WEBOTS/install/robot_interfaces/include/robot_interfaces/robot_interfaces/msg/detail/diverse_array__traits.hpp
[4.605s] -- Installing: /home/arjun/SMART-LAB-ITAP-WEBOTS/install/robot_interfaces/include/robot_interfaces/robot_interfaces/msg/detail/diverse_array__struct.hpp
[4.605s] -- Installing: /home/arjun/SMART-LAB-ITAP-WEBOTS/install/robot_interfaces/include/robot_interfaces/robot_interfaces/msg/detail/diverse_array__builder.hpp
[4.605s] -- Up-to-date: /home/arjun/SMART-LAB-ITAP-WEBOTS/install/robot_interfaces/include/robot_interfaces/robot_interfaces
[4.605s] -- Up-to-date: /home/arjun/SMART-LAB-ITAP-WEBOTS/install/robot_interfaces/include/robot_interfaces/robot_interfaces/msg
[4.605s] -- Installing: /home/arjun/SMART-LAB-ITAP-WEBOTS/install/robot_interfaces/include/robot_interfaces/robot_interfaces/msg/rosidl_typesupport_fastrtps_cpp__visibility_control.h
[4.605s] -- Up-to-date: /home/arjun/SMART-LAB-ITAP-WEBOTS/install/robot_interfaces/include/robot_interfaces/robot_interfaces/msg/detail
[4.605s] -- Installing: /home/arjun/SMART-LAB-ITAP-WEBOTS/install/robot_interfaces/include/robot_interfaces/robot_interfaces/msg/detail/diverse_array__rosidl_typesupport_fastrtps_cpp.hpp
[4.605s] -- Installing: /home/arjun/SMART-LAB-ITAP-WEBOTS/install/robot_interfaces/include/robot_interfaces/robot_interfaces/msg/detail/dds_fastrtps
[4.605s] -- Installing: /home/arjun/SMART-LAB-ITAP-WEBOTS/install/robot_interfaces/lib/librobot_interfaces__rosidl_typesupport_fastrtps_cpp.so
[4.606s] -- Set runtime path of "/home/arjun/SMART-LAB-ITAP-WEBOTS/install/robot_interfaces/lib/librobot_interfaces__rosidl_typesupport_fastrtps_cpp.so" to ""
[4.606s] -- Up-to-date: /home/arjun/SMART-LAB-ITAP-WEBOTS/install/robot_interfaces/include/robot_interfaces/robot_interfaces
[4.606s] -- Up-to-date: /home/arjun/SMART-LAB-ITAP-WEBOTS/install/robot_interfaces/include/robot_interfaces/robot_interfaces/msg
[4.606s] -- Up-to-date: /home/arjun/SMART-LAB-ITAP-WEBOTS/install/robot_interfaces/include/robot_interfaces/robot_interfaces/msg/detail
[4.606s] -- Installing: /home/arjun/SMART-LAB-ITAP-WEBOTS/install/robot_interfaces/include/robot_interfaces/robot_interfaces/msg/detail/diverse_array__type_support.cpp
[4.606s] -- Installing: /home/arjun/SMART-LAB-ITAP-WEBOTS/install/robot_interfaces/include/robot_interfaces/robot_interfaces/msg/detail/diverse_array__rosidl_typesupport_introspection_cpp.hpp
[4.607s] -- Installing: /home/arjun/SMART-LAB-ITAP-WEBOTS/install/robot_interfaces/lib/librobot_interfaces__rosidl_typesupport_introspection_cpp.so
[4.607s] -- Set runtime path of "/home/arjun/SMART-LAB-ITAP-WEBOTS/install/robot_interfaces/lib/librobot_interfaces__rosidl_typesupport_introspection_cpp.so" to ""
[4.607s] -- Installing: /home/arjun/SMART-LAB-ITAP-WEBOTS/install/robot_interfaces/lib/librobot_interfaces__rosidl_typesupport_cpp.so
[4.608s] -- Set runtime path of "/home/arjun/SMART-LAB-ITAP-WEBOTS/install/robot_interfaces/lib/librobot_interfaces__rosidl_typesupport_cpp.so" to ""
[4.608s] -- Installing: /home/arjun/SMART-LAB-ITAP-WEBOTS/install/robot_interfaces/share/robot_interfaces/environment/pythonpath.sh
[4.608s] -- Installing: /home/arjun/SMART-LAB-ITAP-WEBOTS/install/robot_interfaces/share/robot_interfaces/environment/pythonpath.dsv
[4.608s] -- Installing: /home/arjun/SMART-LAB-ITAP-WEBOTS/install/robot_interfaces/local/lib/python3.10/dist-packages/robot_interfaces-0.0.0-py3.10.egg-info
[4.608s] -- Installing: /home/arjun/SMART-LAB-ITAP-WEBOTS/install/robot_interfaces/local/lib/python3.10/dist-packages/robot_interfaces-0.0.0-py3.10.egg-info/PKG-INFO
[4.608s] -- Installing: /home/arjun/SMART-LAB-ITAP-WEBOTS/install/robot_interfaces/local/lib/python3.10/dist-packages/robot_interfaces-0.0.0-py3.10.egg-info/dependency_links.txt
[4.609s] -- Installing: /home/arjun/SMART-LAB-ITAP-WEBOTS/install/robot_interfaces/local/lib/python3.10/dist-packages/robot_interfaces-0.0.0-py3.10.egg-info/SOURCES.txt
[4.609s] -- Installing: /home/arjun/SMART-LAB-ITAP-WEBOTS/install/robot_interfaces/local/lib/python3.10/dist-packages/robot_interfaces-0.0.0-py3.10.egg-info/top_level.txt
[4.609s] -- Installing: /home/arjun/SMART-LAB-ITAP-WEBOTS/install/robot_interfaces/local/lib/python3.10/dist-packages/robot_interfaces
[4.609s] -- Installing: /home/arjun/SMART-LAB-ITAP-WEBOTS/install/robot_interfaces/local/lib/python3.10/dist-packages/robot_interfaces/msg
[4.609s] -- Installing: /home/arjun/SMART-LAB-ITAP-WEBOTS/install/robot_interfaces/local/lib/python3.10/dist-packages/robot_interfaces/msg/_diverse_array_s.c
[4.609s] -- Installing: /home/arjun/SMART-LAB-ITAP-WEBOTS/install/robot_interfaces/local/lib/python3.10/dist-packages/robot_interfaces/msg/_diverse_array.py
[4.609s] -- Installing: /home/arjun/SMART-LAB-ITAP-WEBOTS/install/robot_interfaces/local/lib/python3.10/dist-packages/robot_interfaces/msg/__init__.py
[4.609s] -- Installing: /home/arjun/SMART-LAB-ITAP-WEBOTS/install/robot_interfaces/local/lib/python3.10/dist-packages/robot_interfaces/_robot_interfaces_s.ep.rosidl_typesupport_c.c
[4.610s] -- Installing: /home/arjun/SMART-LAB-ITAP-WEBOTS/install/robot_interfaces/local/lib/python3.10/dist-packages/robot_interfaces/robot_interfaces_s__rosidl_typesupport_c.cpython-310-x86_64-linux-gnu.so
[4.610s] -- Installing: /home/arjun/SMART-LAB-ITAP-WEBOTS/install/robot_interfaces/local/lib/python3.10/dist-packages/robot_interfaces/_robot_interfaces_s.ep.rosidl_typesupport_introspection_c.c
[4.610s] -- Installing: /home/arjun/SMART-LAB-ITAP-WEBOTS/install/robot_interfaces/local/lib/python3.10/dist-packages/robot_interfaces/_robot_interfaces_s.ep.rosidl_typesupport_fastrtps_c.c
[4.610s] -- Installing: /home/arjun/SMART-LAB-ITAP-WEBOTS/install/robot_interfaces/local/lib/python3.10/dist-packages/robot_interfaces/librobot_interfaces__rosidl_generator_py.so
[4.610s] -- Installing: /home/arjun/SMART-LAB-ITAP-WEBOTS/install/robot_interfaces/local/lib/python3.10/dist-packages/robot_interfaces/__init__.py
[4.610s] -- Installing: /home/arjun/SMART-LAB-ITAP-WEBOTS/install/robot_interfaces/local/lib/python3.10/dist-packages/robot_interfaces/robot_interfaces_s__rosidl_typesupport_fastrtps_c.cpython-310-x86_64-linux-gnu.so
[4.610s] -- Installing: /home/arjun/SMART-LAB-ITAP-WEBOTS/install/robot_interfaces/local/lib/python3.10/dist-packages/robot_interfaces/robot_interfaces_s__rosidl_typesupport_introspection_c.cpython-310-x86_64-linux-gnu.so
[4.695s] Listing '/home/arjun/SMART-LAB-ITAP-WEBOTS/install/robot_interfaces/local/lib/python3.10/dist-packages/robot_interfaces'...
[4.695s] Compiling '/home/arjun/SMART-LAB-ITAP-WEBOTS/install/robot_interfaces/local/lib/python3.10/dist-packages/robot_interfaces/__init__.py'...
[4.695s] Listing '/home/arjun/SMART-LAB-ITAP-WEBOTS/install/robot_interfaces/local/lib/python3.10/dist-packages/robot_interfaces/msg'...
[4.695s] Compiling '/home/arjun/SMART-LAB-ITAP-WEBOTS/install/robot_interfaces/local/lib/python3.10/dist-packages/robot_interfaces/msg/__init__.py'...
[4.695s] Compiling '/home/arjun/SMART-LAB-ITAP-WEBOTS/install/robot_interfaces/local/lib/python3.10/dist-packages/robot_interfaces/msg/_diverse_array.py'...
[4.700s] -- Installing: /home/arjun/SMART-LAB-ITAP-WEBOTS/install/robot_interfaces/local/lib/python3.10/dist-packages/robot_interfaces/robot_interfaces_s__rosidl_typesupport_fastrtps_c.cpython-310-x86_64-linux-gnu.so
[4.700s] -- Set runtime path of "/home/arjun/SMART-LAB-ITAP-WEBOTS/install/robot_interfaces/local/lib/python3.10/dist-packages/robot_interfaces/robot_interfaces_s__rosidl_typesupport_fastrtps_c.cpython-310-x86_64-linux-gnu.so" to ""
[4.700s] -- Installing: /home/arjun/SMART-LAB-ITAP-WEBOTS/install/robot_interfaces/local/lib/python3.10/dist-packages/robot_interfaces/robot_interfaces_s__rosidl_typesupport_introspection_c.cpython-310-x86_64-linux-gnu.so
[4.701s] -- Set runtime path of "/home/arjun/SMART-LAB-ITAP-WEBOTS/install/robot_interfaces/local/lib/python3.10/dist-packages/robot_interfaces/robot_interfaces_s__rosidl_typesupport_introspection_c.cpython-310-x86_64-linux-gnu.so" to ""
[4.701s] -- Installing: /home/arjun/SMART-LAB-ITAP-WEBOTS/install/robot_interfaces/local/lib/python3.10/dist-packages/robot_interfaces/robot_interfaces_s__rosidl_typesupport_c.cpython-310-x86_64-linux-gnu.so
[4.702s] -- Set runtime path of "/home/arjun/SMART-LAB-ITAP-WEBOTS/install/robot_interfaces/local/lib/python3.10/dist-packages/robot_interfaces/robot_interfaces_s__rosidl_typesupport_c.cpython-310-x86_64-linux-gnu.so" to ""
[4.702s] -- Installing: /home/arjun/SMART-LAB-ITAP-WEBOTS/install/robot_interfaces/lib/librobot_interfaces__rosidl_generator_py.so
[4.702s] -- Set runtime path of "/home/arjun/SMART-LAB-ITAP-WEBOTS/install/robot_interfaces/lib/librobot_interfaces__rosidl_generator_py.so" to ""
[4.702s] -- Installing: /home/arjun/SMART-LAB-ITAP-WEBOTS/install/robot_interfaces/share/robot_interfaces/msg/DiverseArray.idl
[4.702s] -- Installing: /home/arjun/SMART-LAB-ITAP-WEBOTS/install/robot_interfaces/share/robot_interfaces/msg/DiverseArray.msg
[4.702s] -- Installing: /home/arjun/SMART-LAB-ITAP-WEBOTS/install/robot_interfaces/share/ament_index/resource_index/package_run_dependencies/robot_interfaces
[4.703s] -- Installing: /home/arjun/SMART-LAB-ITAP-WEBOTS/install/robot_interfaces/share/ament_index/resource_index/parent_prefix_path/robot_interfaces
[4.703s] -- Installing: /home/arjun/SMART-LAB-ITAP-WEBOTS/install/robot_interfaces/share/robot_interfaces/environment/ament_prefix_path.sh
[4.703s] -- Installing: /home/arjun/SMART-LAB-ITAP-WEBOTS/install/robot_interfaces/share/robot_interfaces/environment/ament_prefix_path.dsv
[4.703s] -- Installing: /home/arjun/SMART-LAB-ITAP-WEBOTS/install/robot_interfaces/share/robot_interfaces/environment/path.sh
[4.703s] -- Installing: /home/arjun/SMART-LAB-ITAP-WEBOTS/install/robot_interfaces/share/robot_interfaces/environment/path.dsv
[4.703s] -- Installing: /home/arjun/SMART-LAB-ITAP-WEBOTS/install/robot_interfaces/share/robot_interfaces/local_setup.bash
[4.704s] -- Installing: /home/arjun/SMART-LAB-ITAP-WEBOTS/install/robot_interfaces/share/robot_interfaces/local_setup.sh
[4.704s] -- Installing: /home/arjun/SMART-LAB-ITAP-WEBOTS/install/robot_interfaces/share/robot_interfaces/local_setup.zsh
[4.704s] -- Installing: /home/arjun/SMART-LAB-ITAP-WEBOTS/install/robot_interfaces/share/robot_interfaces/local_setup.dsv
[4.704s] -- Installing: /home/arjun/SMART-LAB-ITAP-WEBOTS/install/robot_interfaces/share/robot_interfaces/package.dsv
[4.704s] -- Installing: /home/arjun/SMART-LAB-ITAP-WEBOTS/install/robot_interfaces/share/ament_index/resource_index/packages/robot_interfaces
[4.704s] -- Installing: /home/arjun/SMART-LAB-ITAP-WEBOTS/install/robot_interfaces/share/robot_interfaces/cmake/export_robot_interfaces__rosidl_generator_cExport.cmake
[4.704s] -- Installing: /home/arjun/SMART-LAB-ITAP-WEBOTS/install/robot_interfaces/share/robot_interfaces/cmake/export_robot_interfaces__rosidl_generator_cExport-noconfig.cmake
[4.705s] -- Installing: /home/arjun/SMART-LAB-ITAP-WEBOTS/install/robot_interfaces/share/robot_interfaces/cmake/export_robot_interfaces__rosidl_typesupport_fastrtps_cExport.cmake
[4.705s] -- Installing: /home/arjun/SMART-LAB-ITAP-WEBOTS/install/robot_interfaces/share/robot_interfaces/cmake/export_robot_interfaces__rosidl_typesupport_fastrtps_cExport-noconfig.cmake
[4.705s] -- Installing: /home/arjun/SMART-LAB-ITAP-WEBOTS/install/robot_interfaces/share/robot_interfaces/cmake/robot_interfaces__rosidl_typesupport_introspection_cExport.cmake
[4.705s] -- Installing: /home/arjun/SMART-LAB-ITAP-WEBOTS/install/robot_interfaces/share/robot_interfaces/cmake/robot_interfaces__rosidl_typesupport_introspection_cExport-noconfig.cmake
[4.705s] -- Installing: /home/arjun/SMART-LAB-ITAP-WEBOTS/install/robot_interfaces/share/robot_interfaces/cmake/robot_interfaces__rosidl_typesupport_cExport.cmake
[4.705s] -- Installing: /home/arjun/SMART-LAB-ITAP-WEBOTS/install/robot_interfaces/share/robot_interfaces/cmake/robot_interfaces__rosidl_typesupport_cExport-noconfig.cmake
[4.705s] -- Installing: /home/arjun/SMART-LAB-ITAP-WEBOTS/install/robot_interfaces/share/robot_interfaces/cmake/export_robot_interfaces__rosidl_generator_cppExport.cmake
[4.706s] -- Installing: /home/arjun/SMART-LAB-ITAP-WEBOTS/install/robot_interfaces/share/robot_interfaces/cmake/export_robot_interfaces__rosidl_typesupport_fastrtps_cppExport.cmake
[4.706s] -- Installing: /home/arjun/SMART-LAB-ITAP-WEBOTS/install/robot_interfaces/share/robot_interfaces/cmake/export_robot_interfaces__rosidl_typesupport_fastrtps_cppExport-noconfig.cmake
[4.706s] -- Installing: /home/arjun/SMART-LAB-ITAP-WEBOTS/install/robot_interfaces/share/robot_interfaces/cmake/robot_interfaces__rosidl_typesupport_introspection_cppExport.cmake
[4.706s] -- Installing: /home/arjun/SMART-LAB-ITAP-WEBOTS/install/robot_interfaces/share/robot_interfaces/cmake/robot_interfaces__rosidl_typesupport_introspection_cppExport-noconfig.cmake
[4.706s] -- Installing: /home/arjun/SMART-LAB-ITAP-WEBOTS/install/robot_interfaces/share/robot_interfaces/cmake/robot_interfaces__rosidl_typesupport_cppExport.cmake
[4.706s] -- Installing: /home/arjun/SMART-LAB-ITAP-WEBOTS/install/robot_interfaces/share/robot_interfaces/cmake/robot_interfaces__rosidl_typesupport_cppExport-noconfig.cmake
[4.706s] -- Installing: /home/arjun/SMART-LAB-ITAP-WEBOTS/install/robot_interfaces/share/robot_interfaces/cmake/export_robot_interfaces__rosidl_generator_pyExport.cmake
[4.707s] -- Installing: /home/arjun/SMART-LAB-ITAP-WEBOTS/install/robot_interfaces/share/robot_interfaces/cmake/export_robot_interfaces__rosidl_generator_pyExport-noconfig.cmake
[4.707s] -- Installing: /home/arjun/SMART-LAB-ITAP-WEBOTS/install/robot_interfaces/share/robot_interfaces/cmake/rosidl_cmake-extras.cmake
[4.707s] -- Installing: /home/arjun/SMART-LAB-ITAP-WEBOTS/install/robot_interfaces/share/robot_interfaces/cmake/ament_cmake_export_include_directories-extras.cmake
[4.707s] -- Installing: /home/arjun/SMART-LAB-ITAP-WEBOTS/install/robot_interfaces/share/robot_interfaces/cmake/ament_cmake_export_libraries-extras.cmake
[4.707s] -- Installing: /home/arjun/SMART-LAB-ITAP-WEBOTS/install/robot_interfaces/share/robot_interfaces/cmake/ament_cmake_export_targets-extras.cmake
[4.707s] -- Installing: /home/arjun/SMART-LAB-ITAP-WEBOTS/install/robot_interfaces/share/robot_interfaces/cmake/rosidl_cmake_export_typesupport_targets-extras.cmake
[4.707s] -- Installing: /home/arjun/SMART-LAB-ITAP-WEBOTS/install/robot_interfaces/share/robot_interfaces/cmake/ament_cmake_export_dependencies-extras.cmake
[4.707s] -- Installing: /home/arjun/SMART-LAB-ITAP-WEBOTS/install/robot_interfaces/share/robot_interfaces/cmake/rosidl_cmake_export_typesupport_libraries-extras.cmake
[4.708s] -- Installing: /home/arjun/SMART-LAB-ITAP-WEBOTS/install/robot_interfaces/share/robot_interfaces/cmake/robot_interfacesConfig.cmake
[4.708s] -- Installing: /home/arjun/SMART-LAB-ITAP-WEBOTS/install/robot_interfaces/share/robot_interfaces/cmake/robot_interfacesConfig-version.cmake
[4.708s] -- Installing: /home/arjun/SMART-LAB-ITAP-WEBOTS/install/robot_interfaces/share/robot_interfaces/package.xml
[4.711s] Invoked command in '/home/arjun/SMART-LAB-ITAP-WEBOTS/build/robot_interfaces' returned '0': CMAKE_PREFIX_PATH=/home/arjun/SMART-LAB-ITAP-WEBOTS/install/robot_interfaces:/home/arjun/SMART-LAB-ITAP-WEBOTS/install/webots_ros2_turtlebot:/home/arjun/SMART-LAB-ITAP-WEBOTS/install/webots_ros2_multi_agent:/home/arjun/SMART-LAB-ITAP-WEBOTS/install/webots_ros2_mavic:/home/arjun/SMART-LAB-ITAP-WEBOTS/install/webots_ros2_epuck:/opt/ros/humble /usr/bin/cmake --install /home/arjun/SMART-LAB-ITAP-WEBOTS/build/robot_interfaces
