[0.566s] Invoking command in '/home/arjun/SMART-LAB-ITAP-WEBOTS/webots_ros2_turtlebot': PYTHONPATH=/home/arjun/SMART-LAB-ITAP-WEBOTS/build/webots_ros2_turtlebot/prefix_override:/home/arjun/SMART-LAB-ITAP-WEBOTS/install/webots_ros2_turtlebot/lib/python3.10/site-packages:${PYTHONPATH} /usr/bin/python3 setup.py egg_info --egg-base ../build/webots_ros2_turtlebot build --build-base /home/arjun/SMART-LAB-ITAP-WEBOTS/build/webots_ros2_turtlebot/build install --record /home/arjun/SMART-LAB-ITAP-WEBOTS/build/webots_ros2_turtlebot/install.log --single-version-externally-managed
[0.786s] running egg_info
[0.787s] creating ../build/webots_ros2_turtlebot/webots_ros2_turtlebot.egg-info
[0.787s] writing ../build/webots_ros2_turtlebot/webots_ros2_turtlebot.egg-info/PKG-INFO
[0.787s] writing dependency_links to ../build/webots_ros2_turtlebot/webots_ros2_turtlebot.egg-info/dependency_links.txt
[0.787s] writing entry points to ../build/webots_ros2_turtlebot/webots_ros2_turtlebot.egg-info/entry_points.txt
[0.788s] writing requirements to ../build/webots_ros2_turtlebot/webots_ros2_turtlebot.egg-info/requires.txt
[0.788s] writing top-level names to ../build/webots_ros2_turtlebot/webots_ros2_turtlebot.egg-info/top_level.txt
[0.788s] writing manifest file '../build/webots_ros2_turtlebot/webots_ros2_turtlebot.egg-info/SOURCES.txt'
[0.790s] reading manifest file '../build/webots_ros2_turtlebot/webots_ros2_turtlebot.egg-info/SOURCES.txt'
[0.791s] writing manifest file '../build/webots_ros2_turtlebot/webots_ros2_turtlebot.egg-info/SOURCES.txt'
[0.791s] running build
[0.791s] running build_py
[0.791s] creating /home/arjun/SMART-LAB-ITAP-WEBOTS/build/webots_ros2_turtlebot/build
[0.791s] creating /home/arjun/SMART-LAB-ITAP-WEBOTS/build/webots_ros2_turtlebot/build/lib
[0.791s] creating /home/arjun/SMART-LAB-ITAP-WEBOTS/build/webots_ros2_turtlebot/build/lib/webots_ros2_turtlebot
[0.791s] copying webots_ros2_turtlebot/plugin_example.py -> /home/arjun/SMART-LAB-ITAP-WEBOTS/build/webots_ros2_turtlebot/build/lib/webots_ros2_turtlebot
[0.791s] copying webots_ros2_turtlebot/__init__.py -> /home/arjun/SMART-LAB-ITAP-WEBOTS/build/webots_ros2_turtlebot/build/lib/webots_ros2_turtlebot
[0.792s] running install
[0.792s] running install_lib
[0.793s] creating /home/arjun/SMART-LAB-ITAP-WEBOTS/install/webots_ros2_turtlebot/lib/python3.10/site-packages/webots_ros2_turtlebot
[0.793s] copying /home/arjun/SMART-LAB-ITAP-WEBOTS/build/webots_ros2_turtlebot/build/lib/webots_ros2_turtlebot/plugin_example.py -> /home/arjun/SMART-LAB-ITAP-WEBOTS/install/webots_ros2_turtlebot/lib/python3.10/site-packages/webots_ros2_turtlebot
[0.793s] copying /home/arjun/SMART-LAB-ITAP-WEBOTS/build/webots_ros2_turtlebot/build/lib/webots_ros2_turtlebot/__init__.py -> /home/arjun/SMART-LAB-ITAP-WEBOTS/install/webots_ros2_turtlebot/lib/python3.10/site-packages/webots_ros2_turtlebot
[0.794s] byte-compiling /home/arjun/SMART-LAB-ITAP-WEBOTS/install/webots_ros2_turtlebot/lib/python3.10/site-packages/webots_ros2_turtlebot/plugin_example.py to plugin_example.cpython-310.pyc
[0.794s] byte-compiling /home/arjun/SMART-LAB-ITAP-WEBOTS/install/webots_ros2_turtlebot/lib/python3.10/site-packages/webots_ros2_turtlebot/__init__.py to __init__.cpython-310.pyc
[0.795s] running install_data
[0.795s] creating /home/arjun/SMART-LAB-ITAP-WEBOTS/install/webots_ros2_turtlebot/share/ament_index
[0.796s] creating /home/arjun/SMART-LAB-ITAP-WEBOTS/install/webots_ros2_turtlebot/share/ament_index/resource_index
[0.796s] creating /home/arjun/SMART-LAB-ITAP-WEBOTS/install/webots_ros2_turtlebot/share/ament_index/resource_index/packages
[0.796s] copying resource/webots_ros2_turtlebot -> /home/arjun/SMART-LAB-ITAP-WEBOTS/install/webots_ros2_turtlebot/share/ament_index/resource_index/packages
[0.796s] creating /home/arjun/SMART-LAB-ITAP-WEBOTS/install/webots_ros2_turtlebot/share/webots_ros2_turtlebot/launch
[0.796s] copying launch/robot_launch.py -> /home/arjun/SMART-LAB-ITAP-WEBOTS/install/webots_ros2_turtlebot/share/webots_ros2_turtlebot/launch
[0.796s] creating /home/arjun/SMART-LAB-ITAP-WEBOTS/install/webots_ros2_turtlebot/share/webots_ros2_turtlebot/resource
[0.796s] copying resource/turtlebot3_burger_example_map.pgm -> /home/arjun/SMART-LAB-ITAP-WEBOTS/install/webots_ros2_turtlebot/share/webots_ros2_turtlebot/resource
[0.796s] copying resource/turtlebot3_burger_example_map.yaml -> /home/arjun/SMART-LAB-ITAP-WEBOTS/install/webots_ros2_turtlebot/share/webots_ros2_turtlebot/resource
[0.796s] copying resource/turtlebot_webots.urdf -> /home/arjun/SMART-LAB-ITAP-WEBOTS/install/webots_ros2_turtlebot/share/webots_ros2_turtlebot/resource
[0.796s] copying resource/ros2control.yml -> /home/arjun/SMART-LAB-ITAP-WEBOTS/install/webots_ros2_turtlebot/share/webots_ros2_turtlebot/resource
[0.796s] copying resource/nav2_params.yaml -> /home/arjun/SMART-LAB-ITAP-WEBOTS/install/webots_ros2_turtlebot/share/webots_ros2_turtlebot/resource
[0.796s] creating /home/arjun/SMART-LAB-ITAP-WEBOTS/install/webots_ros2_turtlebot/share/webots_ros2_turtlebot/worlds
[0.797s] copying worlds/turtlebot3_burger_example.wbt -> /home/arjun/SMART-LAB-ITAP-WEBOTS/install/webots_ros2_turtlebot/share/webots_ros2_turtlebot/worlds
[0.797s] copying worlds/.turtlebot3_burger_example.wbproj -> /home/arjun/SMART-LAB-ITAP-WEBOTS/install/webots_ros2_turtlebot/share/webots_ros2_turtlebot/worlds
[0.797s] copying package.xml -> /home/arjun/SMART-LAB-ITAP-WEBOTS/install/webots_ros2_turtlebot/share/webots_ros2_turtlebot
[0.797s] running install_egg_info
[0.799s] Copying ../build/webots_ros2_turtlebot/webots_ros2_turtlebot.egg-info to /home/arjun/SMART-LAB-ITAP-WEBOTS/install/webots_ros2_turtlebot/lib/python3.10/site-packages/webots_ros2_turtlebot-2023.0.4-py3.10.egg-info
[0.800s] running install_scripts
[0.819s] writing list of installed files to '/home/arjun/SMART-LAB-ITAP-WEBOTS/build/webots_ros2_turtlebot/install.log'
[0.840s] Invoked command in '/home/arjun/SMART-LAB-ITAP-WEBOTS/webots_ros2_turtlebot' returned '0': PYTHONPATH=/home/arjun/SMART-LAB-ITAP-WEBOTS/build/webots_ros2_turtlebot/prefix_override:/home/arjun/SMART-LAB-ITAP-WEBOTS/install/webots_ros2_turtlebot/lib/python3.10/site-packages:${PYTHONPATH} /usr/bin/python3 setup.py egg_info --egg-base ../build/webots_ros2_turtlebot build --build-base /home/arjun/SMART-LAB-ITAP-WEBOTS/build/webots_ros2_turtlebot/build install --record /home/arjun/SMART-LAB-ITAP-WEBOTS/build/webots_ros2_turtlebot/install.log --single-version-externally-managed
