[1.573s] Invoking command in '/home/arjun/SMART-LAB-ITAP-WEBOTS/webots_ros2_mavic': PYTHONPATH=/home/arjun/SMART-LAB-ITAP-WEBOTS/webots_ros2_mavic/build/webots_ros2_mavic/prefix_override:/home/arjun/SMART-LAB-ITAP-WEBOTS/webots_ros2_mavic/install/webots_ros2_mavic/lib/python3.10/site-packages:${PYTHONPATH} /usr/bin/python3 setup.py egg_info --egg-base build/webots_ros2_mavic build --build-base /home/arjun/SMART-LAB-ITAP-WEBOTS/webots_ros2_mavic/build/webots_ros2_mavic/build install --record /home/arjun/SMART-LAB-ITAP-WEBOTS/webots_ros2_mavic/build/webots_ros2_mavic/install.log --single-version-externally-managed
[1.793s] running egg_info
[1.794s] writing build/webots_ros2_mavic/webots_ros2_mavic.egg-info/PKG-INFO
[1.794s] writing dependency_links to build/webots_ros2_mavic/webots_ros2_mavic.egg-info/dependency_links.txt
[1.794s] writing entry points to build/webots_ros2_mavic/webots_ros2_mavic.egg-info/entry_points.txt
[1.794s] writing requirements to build/webots_ros2_mavic/webots_ros2_mavic.egg-info/requires.txt
[1.794s] writing top-level names to build/webots_ros2_mavic/webots_ros2_mavic.egg-info/top_level.txt
[1.796s] reading manifest file 'build/webots_ros2_mavic/webots_ros2_mavic.egg-info/SOURCES.txt'
[1.828s] writing manifest file 'build/webots_ros2_mavic/webots_ros2_mavic.egg-info/SOURCES.txt'
[1.828s] running build
[1.829s] running build_py
[1.829s] copying webots_ros2_mavic/mavic_autonomy.py -> /home/arjun/SMART-LAB-ITAP-WEBOTS/webots_ros2_mavic/build/webots_ros2_mavic/build/lib/webots_ros2_mavic
[1.829s] copying webots_ros2_mavic/WebotsEnv.py -> /home/arjun/SMART-LAB-ITAP-WEBOTS/webots_ros2_mavic/build/webots_ros2_mavic/build/lib/webots_ros2_mavic
[1.829s] copying webots_ros2_mavic/moose_autonomy.py -> /home/arjun/SMART-LAB-ITAP-WEBOTS/webots_ros2_mavic/build/webots_ros2_mavic/build/lib/webots_ros2_mavic
[1.829s] copying webots_ros2_mavic/main.py -> /home/arjun/SMART-LAB-ITAP-WEBOTS/webots_ros2_mavic/build/webots_ros2_mavic/build/lib/webots_ros2_mavic
[1.829s] copying webots_ros2_mavic/OperatorHub.py -> /home/arjun/SMART-LAB-ITAP-WEBOTS/webots_ros2_mavic/build/webots_ros2_mavic/build/lib/webots_ros2_mavic
[1.829s] running install
[1.830s] running install_lib
[1.831s] copying /home/arjun/SMART-LAB-ITAP-WEBOTS/webots_ros2_mavic/build/webots_ros2_mavic/build/lib/webots_ros2_mavic/mavic_autonomy.py -> /home/arjun/SMART-LAB-ITAP-WEBOTS/webots_ros2_mavic/install/webots_ros2_mavic/lib/python3.10/site-packages/webots_ros2_mavic
[1.831s] copying /home/arjun/SMART-LAB-ITAP-WEBOTS/webots_ros2_mavic/build/webots_ros2_mavic/build/lib/webots_ros2_mavic/WebotsEnv.py -> /home/arjun/SMART-LAB-ITAP-WEBOTS/webots_ros2_mavic/install/webots_ros2_mavic/lib/python3.10/site-packages/webots_ros2_mavic
[1.831s] copying /home/arjun/SMART-LAB-ITAP-WEBOTS/webots_ros2_mavic/build/webots_ros2_mavic/build/lib/webots_ros2_mavic/moose_autonomy.py -> /home/arjun/SMART-LAB-ITAP-WEBOTS/webots_ros2_mavic/install/webots_ros2_mavic/lib/python3.10/site-packages/webots_ros2_mavic
[1.831s] copying /home/arjun/SMART-LAB-ITAP-WEBOTS/webots_ros2_mavic/build/webots_ros2_mavic/build/lib/webots_ros2_mavic/main.py -> /home/arjun/SMART-LAB-ITAP-WEBOTS/webots_ros2_mavic/install/webots_ros2_mavic/lib/python3.10/site-packages/webots_ros2_mavic
[1.832s] copying /home/arjun/SMART-LAB-ITAP-WEBOTS/webots_ros2_mavic/build/webots_ros2_mavic/build/lib/webots_ros2_mavic/OperatorHub.py -> /home/arjun/SMART-LAB-ITAP-WEBOTS/webots_ros2_mavic/install/webots_ros2_mavic/lib/python3.10/site-packages/webots_ros2_mavic
[1.832s] byte-compiling /home/arjun/SMART-LAB-ITAP-WEBOTS/webots_ros2_mavic/install/webots_ros2_mavic/lib/python3.10/site-packages/webots_ros2_mavic/mavic_autonomy.py to mavic_autonomy.cpython-310.pyc
[1.834s] byte-compiling /home/arjun/SMART-LAB-ITAP-WEBOTS/webots_ros2_mavic/install/webots_ros2_mavic/lib/python3.10/site-packages/webots_ros2_mavic/WebotsEnv.py to WebotsEnv.cpython-310.pyc
[1.835s] byte-compiling /home/arjun/SMART-LAB-ITAP-WEBOTS/webots_ros2_mavic/install/webots_ros2_mavic/lib/python3.10/site-packages/webots_ros2_mavic/moose_autonomy.py to moose_autonomy.cpython-310.pyc
[1.837s] byte-compiling /home/arjun/SMART-LAB-ITAP-WEBOTS/webots_ros2_mavic/install/webots_ros2_mavic/lib/python3.10/site-packages/webots_ros2_mavic/main.py to main.cpython-310.pyc
[1.838s] byte-compiling /home/arjun/SMART-LAB-ITAP-WEBOTS/webots_ros2_mavic/install/webots_ros2_mavic/lib/python3.10/site-packages/webots_ros2_mavic/OperatorHub.py to OperatorHub.cpython-310.pyc
[1.841s] running install_data
[1.842s] copying worlds/mavic_world.wbt -> /home/arjun/SMART-LAB-ITAP-WEBOTS/webots_ros2_mavic/install/webots_ros2_mavic/share/webots_ros2_mavic/worlds
[1.876s] running install_egg_info
[1.878s] removing '/home/arjun/SMART-LAB-ITAP-WEBOTS/webots_ros2_mavic/install/webots_ros2_mavic/lib/python3.10/site-packages/webots_ros2_mavic-2023.0.4-py3.10.egg-info' (and everything under it)
[1.878s] Copying build/webots_ros2_mavic/webots_ros2_mavic.egg-info to /home/arjun/SMART-LAB-ITAP-WEBOTS/webots_ros2_mavic/install/webots_ros2_mavic/lib/python3.10/site-packages/webots_ros2_mavic-2023.0.4-py3.10.egg-info
[1.898s] running install_scripts
[1.914s] Installing OperatorHub script to /home/arjun/SMART-LAB-ITAP-WEBOTS/webots_ros2_mavic/install/webots_ros2_mavic/lib/webots_ros2_mavic
[1.915s] writing list of installed files to '/home/arjun/SMART-LAB-ITAP-WEBOTS/webots_ros2_mavic/build/webots_ros2_mavic/install.log'
[1.934s] Invoked command in '/home/arjun/SMART-LAB-ITAP-WEBOTS/webots_ros2_mavic' returned '0': PYTHONPATH=/home/arjun/SMART-LAB-ITAP-WEBOTS/webots_ros2_mavic/build/webots_ros2_mavic/prefix_override:/home/arjun/SMART-LAB-ITAP-WEBOTS/webots_ros2_mavic/install/webots_ros2_mavic/lib/python3.10/site-packages:${PYTHONPATH} /usr/bin/python3 setup.py egg_info --egg-base build/webots_ros2_mavic build --build-base /home/arjun/SMART-LAB-ITAP-WEBOTS/webots_ros2_mavic/build/webots_ros2_mavic/build install --record /home/arjun/SMART-LAB-ITAP-WEBOTS/webots_ros2_mavic/build/webots_ros2_mavic/install.log --single-version-externally-managed
