[6.390s] DEBUG:colcon:Command line arguments: ['/usr/bin/colcon', 'build', '--packages-select', 'webots_ros2_mavic']
[6.390s] DEBUG:colcon:Parsed command line arguments: Namespace(log_base=None, log_level=None, verb_name='build', build_base='build', install_base='install', merge_install=False, symlink_install=False, test_result_base=None, continue_on_error=False, executor='parallel', parallel_workers=12, event_handlers=None, ignore_user_meta=False, metas=['./colcon.meta'], base_paths=['.'], packages_ignore=None, packages_ignore_regex=None, paths=None, packages_up_to=None, packages_up_to_regex=None, packages_above=None, packages_above_and_dependencies=None, packages_above_depth=None, packages_select_by_dep=None, packages_skip_by_dep=None, packages_skip_up_to=None, packages_select_build_failed=False, packages_skip_build_finished=False, packages_select_test_failures=False, packages_skip_test_passed=False, packages_select=['webots_ros2_mavic'], packages_skip=None, packages_select_regex=None, packages_skip_regex=None, packages_start=None, packages_end=None, allow_overriding=[], cmake_args=None, cmake_target=None, cmake_target_skip_unavailable=False, cmake_clean_cache=False, cmake_clean_first=False, cmake_force_configure=False, ament_cmake_args=None, catkin_cmake_args=None, catkin_skip_building_tests=False, verb_parser=<colcon_defaults.argument_parser.defaults.DefaultArgumentsDecorator object at 0x7fd496bd7220>, verb_extension=<colcon_core.verb.build.BuildVerb object at 0x7fd496a37490>, main=<bound method BuildVerb.main of <colcon_core.verb.build.BuildVerb object at 0x7fd496a37490>>)
[6.586s] Level 1:colcon.colcon_core.package_discovery:discover_packages(colcon_meta) check parameters
[6.587s] Level 1:colcon.colcon_core.package_discovery:discover_packages(recursive) check parameters
[6.587s] Level 1:colcon.colcon_core.package_discovery:discover_packages(ignore) check parameters
[6.587s] Level 1:colcon.colcon_core.package_discovery:discover_packages(path) check parameters
[6.587s] Level 1:colcon.colcon_core.package_discovery:discover_packages(colcon_meta) discover
[6.587s] Level 1:colcon.colcon_core.package_discovery:discover_packages(recursive) discover
[6.587s] INFO:colcon.colcon_core.package_discovery:Crawling recursively for packages in '/home/arjun/SMART-LAB-ITAP-WEBOTS/webots_ros2_mavic'
[6.587s] Level 1:colcon.colcon_core.package_identification:_identify(.) by extensions ['ignore', 'ignore_ament_install']
[6.587s] Level 1:colcon.colcon_core.package_identification:_identify(.) by extension 'ignore'
[6.587s] Level 1:colcon.colcon_core.package_identification:_identify(.) by extension 'ignore_ament_install'
[6.587s] Level 1:colcon.colcon_core.package_identification:_identify(.) by extensions ['colcon_pkg']
[6.587s] Level 1:colcon.colcon_core.package_identification:_identify(.) by extension 'colcon_pkg'
[6.587s] Level 1:colcon.colcon_core.package_identification:_identify(.) by extensions ['colcon_meta']
[6.587s] Level 1:colcon.colcon_core.package_identification:_identify(.) by extension 'colcon_meta'
[6.587s] Level 1:colcon.colcon_core.package_identification:_identify(.) by extensions ['ros']
[6.587s] Level 1:colcon.colcon_core.package_identification:_identify(.) by extension 'ros'
[6.640s] DEBUG:colcon.colcon_core.package_identification:Package '.' with type 'ros.ament_python' and name 'webots_ros2_mavic'
[6.640s] Level 1:colcon.colcon_core.package_discovery:discover_packages(recursive) using defaults
[6.640s] Level 1:colcon.colcon_core.package_discovery:discover_packages(ignore) discover
[6.641s] Level 1:colcon.colcon_core.package_discovery:discover_packages(ignore) using defaults
[6.641s] Level 1:colcon.colcon_core.package_discovery:discover_packages(path) discover
[6.641s] Level 1:colcon.colcon_core.package_discovery:discover_packages(path) using defaults
[6.730s] Level 1:colcon.colcon_core.package_discovery:discover_packages(prefix_path) check parameters
[6.730s] Level 1:colcon.colcon_core.package_discovery:discover_packages(prefix_path) discover
[6.735s] DEBUG:colcon.colcon_installed_package_information.package_discovery:Found 320 installed packages in /opt/ros/humble
[6.736s] Level 1:colcon.colcon_core.package_discovery:discover_packages(prefix_path) using defaults
[6.832s] Level 5:colcon.colcon_core.verb:set package 'webots_ros2_mavic' build argument 'cmake_args' from command line to 'None'
[6.832s] Level 5:colcon.colcon_core.verb:set package 'webots_ros2_mavic' build argument 'cmake_target' from command line to 'None'
[6.832s] Level 5:colcon.colcon_core.verb:set package 'webots_ros2_mavic' build argument 'cmake_target_skip_unavailable' from command line to 'False'
[6.832s] Level 5:colcon.colcon_core.verb:set package 'webots_ros2_mavic' build argument 'cmake_clean_cache' from command line to 'False'
[6.832s] Level 5:colcon.colcon_core.verb:set package 'webots_ros2_mavic' build argument 'cmake_clean_first' from command line to 'False'
[6.832s] Level 5:colcon.colcon_core.verb:set package 'webots_ros2_mavic' build argument 'cmake_force_configure' from command line to 'False'
[6.832s] Level 5:colcon.colcon_core.verb:set package 'webots_ros2_mavic' build argument 'ament_cmake_args' from command line to 'None'
[6.832s] Level 5:colcon.colcon_core.verb:set package 'webots_ros2_mavic' build argument 'catkin_cmake_args' from command line to 'None'
[6.832s] Level 5:colcon.colcon_core.verb:set package 'webots_ros2_mavic' build argument 'catkin_skip_building_tests' from command line to 'False'
[6.832s] DEBUG:colcon.colcon_core.verb:Building package 'webots_ros2_mavic' with the following arguments: {'ament_cmake_args': None, 'build_base': '/home/arjun/SMART-LAB-ITAP-WEBOTS/webots_ros2_mavic/build/webots_ros2_mavic', 'catkin_cmake_args': None, 'catkin_skip_building_tests': False, 'cmake_args': None, 'cmake_clean_cache': False, 'cmake_clean_first': False, 'cmake_force_configure': False, 'cmake_target': None, 'cmake_target_skip_unavailable': False, 'install_base': '/home/arjun/SMART-LAB-ITAP-WEBOTS/webots_ros2_mavic/install/webots_ros2_mavic', 'merge_install': False, 'path': '/home/arjun/SMART-LAB-ITAP-WEBOTS/webots_ros2_mavic', 'symlink_install': False, 'test_result_base': None}
[6.832s] INFO:colcon.colcon_core.executor:Executing jobs using 'parallel' executor
[6.835s] DEBUG:colcon.colcon_parallel_executor.executor.parallel:run_until_complete
[6.835s] INFO:colcon.colcon_ros.task.ament_python.build:Building ROS package in '/home/arjun/SMART-LAB-ITAP-WEBOTS/webots_ros2_mavic' with build type 'ament_python'
[6.836s] Level 1:colcon.colcon_core.shell:create_environment_hook('webots_ros2_mavic', 'ament_prefix_path')
[6.843s] INFO:colcon.colcon_core.plugin_system:Skipping extension 'colcon_core.shell.bat': Not used on non-Windows systems
[6.844s] INFO:colcon.colcon_core.shell:Creating environment hook '/home/arjun/SMART-LAB-ITAP-WEBOTS/webots_ros2_mavic/install/webots_ros2_mavic/share/webots_ros2_mavic/hook/ament_prefix_path.ps1'
[6.844s] INFO:colcon.colcon_core.shell:Creating environment descriptor '/home/arjun/SMART-LAB-ITAP-WEBOTS/webots_ros2_mavic/install/webots_ros2_mavic/share/webots_ros2_mavic/hook/ament_prefix_path.dsv'
[6.845s] INFO:colcon.colcon_core.shell:Creating environment hook '/home/arjun/SMART-LAB-ITAP-WEBOTS/webots_ros2_mavic/install/webots_ros2_mavic/share/webots_ros2_mavic/hook/ament_prefix_path.sh'
[6.848s] INFO:colcon.colcon_core.shell:Skip shell extension 'powershell' for command environment: Not usable outside of PowerShell
[6.848s] DEBUG:colcon.colcon_core.shell:Skip shell extension 'dsv' for command environment
[7.158s] INFO:colcon.colcon_core.task.python.build:Building Python package in '/home/arjun/SMART-LAB-ITAP-WEBOTS/webots_ros2_mavic'
[7.160s] INFO:colcon.colcon_core.shell:Skip shell extension 'powershell' for command environment: Not usable outside of PowerShell
[7.160s] DEBUG:colcon.colcon_core.shell:Skip shell extension 'dsv' for command environment
[8.409s] DEBUG:colcon.colcon_core.event_handler.log_command:Invoking command in '/home/arjun/SMART-LAB-ITAP-WEBOTS/webots_ros2_mavic': PYTHONPATH=/home/arjun/SMART-LAB-ITAP-WEBOTS/webots_ros2_mavic/build/webots_ros2_mavic/prefix_override:/home/arjun/SMART-LAB-ITAP-WEBOTS/webots_ros2_mavic/install/webots_ros2_mavic/lib/python3.10/site-packages:${PYTHONPATH} /usr/bin/python3 setup.py egg_info --egg-base build/webots_ros2_mavic build --build-base /home/arjun/SMART-LAB-ITAP-WEBOTS/webots_ros2_mavic/build/webots_ros2_mavic/build install --record /home/arjun/SMART-LAB-ITAP-WEBOTS/webots_ros2_mavic/build/webots_ros2_mavic/install.log --single-version-externally-managed
[8.770s] DEBUG:colcon.colcon_core.event_handler.log_command:Invoked command in '/home/arjun/SMART-LAB-ITAP-WEBOTS/webots_ros2_mavic' returned '0': PYTHONPATH=/home/arjun/SMART-LAB-ITAP-WEBOTS/webots_ros2_mavic/build/webots_ros2_mavic/prefix_override:/home/arjun/SMART-LAB-ITAP-WEBOTS/webots_ros2_mavic/install/webots_ros2_mavic/lib/python3.10/site-packages:${PYTHONPATH} /usr/bin/python3 setup.py egg_info --egg-base build/webots_ros2_mavic build --build-base /home/arjun/SMART-LAB-ITAP-WEBOTS/webots_ros2_mavic/build/webots_ros2_mavic/build install --record /home/arjun/SMART-LAB-ITAP-WEBOTS/webots_ros2_mavic/build/webots_ros2_mavic/install.log --single-version-externally-managed
[8.776s] Level 1:colcon.colcon_core.environment:checking '/home/arjun/SMART-LAB-ITAP-WEBOTS/webots_ros2_mavic/install/webots_ros2_mavic' for CMake module files
[8.777s] Level 1:colcon.colcon_core.environment:checking '/home/arjun/SMART-LAB-ITAP-WEBOTS/webots_ros2_mavic/install/webots_ros2_mavic' for CMake config files
[8.777s] Level 1:colcon.colcon_core.environment:checking '/home/arjun/SMART-LAB-ITAP-WEBOTS/webots_ros2_mavic/install/webots_ros2_mavic/lib'
[8.777s] Level 1:colcon.colcon_core.environment:checking '/home/arjun/SMART-LAB-ITAP-WEBOTS/webots_ros2_mavic/install/webots_ros2_mavic/bin'
[8.777s] Level 1:colcon.colcon_core.environment:checking '/home/arjun/SMART-LAB-ITAP-WEBOTS/webots_ros2_mavic/install/webots_ros2_mavic/lib/pkgconfig/webots_ros2_mavic.pc'
[8.778s] Level 1:colcon.colcon_core.environment:checking '/home/arjun/SMART-LAB-ITAP-WEBOTS/webots_ros2_mavic/install/webots_ros2_mavic/lib/python3.10/site-packages'
[8.778s] Level 1:colcon.colcon_core.shell:create_environment_hook('webots_ros2_mavic', 'pythonpath')
[8.779s] INFO:colcon.colcon_core.shell:Creating environment hook '/home/arjun/SMART-LAB-ITAP-WEBOTS/webots_ros2_mavic/install/webots_ros2_mavic/share/webots_ros2_mavic/hook/pythonpath.ps1'
[8.779s] INFO:colcon.colcon_core.shell:Creating environment descriptor '/home/arjun/SMART-LAB-ITAP-WEBOTS/webots_ros2_mavic/install/webots_ros2_mavic/share/webots_ros2_mavic/hook/pythonpath.dsv'
[8.779s] INFO:colcon.colcon_core.shell:Creating environment hook '/home/arjun/SMART-LAB-ITAP-WEBOTS/webots_ros2_mavic/install/webots_ros2_mavic/share/webots_ros2_mavic/hook/pythonpath.sh'
[8.780s] Level 1:colcon.colcon_core.environment:checking '/home/arjun/SMART-LAB-ITAP-WEBOTS/webots_ros2_mavic/install/webots_ros2_mavic/bin'
[8.780s] Level 1:colcon.colcon_core.environment:create_environment_scripts_only(webots_ros2_mavic)
[8.781s] INFO:colcon.colcon_core.shell:Creating package script '/home/arjun/SMART-LAB-ITAP-WEBOTS/webots_ros2_mavic/install/webots_ros2_mavic/share/webots_ros2_mavic/package.ps1'
[8.782s] INFO:colcon.colcon_core.shell:Creating package descriptor '/home/arjun/SMART-LAB-ITAP-WEBOTS/webots_ros2_mavic/install/webots_ros2_mavic/share/webots_ros2_mavic/package.dsv'
[8.783s] INFO:colcon.colcon_core.shell:Creating package script '/home/arjun/SMART-LAB-ITAP-WEBOTS/webots_ros2_mavic/install/webots_ros2_mavic/share/webots_ros2_mavic/package.sh'
[8.784s] INFO:colcon.colcon_core.shell:Creating package script '/home/arjun/SMART-LAB-ITAP-WEBOTS/webots_ros2_mavic/install/webots_ros2_mavic/share/webots_ros2_mavic/package.bash'
[8.785s] INFO:colcon.colcon_core.shell:Creating package script '/home/arjun/SMART-LAB-ITAP-WEBOTS/webots_ros2_mavic/install/webots_ros2_mavic/share/webots_ros2_mavic/package.zsh'
[8.785s] Level 1:colcon.colcon_core.environment:create_file_with_runtime_dependencies(/home/arjun/SMART-LAB-ITAP-WEBOTS/webots_ros2_mavic/install/webots_ros2_mavic/share/colcon-core/packages/webots_ros2_mavic)
[8.786s] DEBUG:colcon.colcon_parallel_executor.executor.parallel:closing loop
[8.786s] DEBUG:colcon.colcon_parallel_executor.executor.parallel:loop closed
[8.786s] DEBUG:colcon.colcon_parallel_executor.executor.parallel:run_until_complete finished with '0'
[8.786s] DEBUG:colcon.colcon_core.event_reactor:joining thread
[8.792s] INFO:colcon.colcon_core.plugin_system:Skipping extension 'colcon_notification.desktop_notification.terminal_notifier': Not used on non-Darwin systems
[8.792s] INFO:colcon.colcon_core.plugin_system:Skipping extension 'colcon_notification.desktop_notification.win32': Not used on non-Windows systems
[8.792s] INFO:colcon.colcon_notification.desktop_notification:Sending desktop notification using 'notify2'
[8.816s] DEBUG:colcon.colcon_core.event_reactor:joined thread
[8.818s] INFO:colcon.colcon_core.shell:Creating prefix script '/home/arjun/SMART-LAB-ITAP-WEBOTS/webots_ros2_mavic/install/local_setup.ps1'
[8.819s] INFO:colcon.colcon_core.shell:Creating prefix util module '/home/arjun/SMART-LAB-ITAP-WEBOTS/webots_ros2_mavic/install/_local_setup_util_ps1.py'
[8.821s] INFO:colcon.colcon_core.shell:Creating prefix chain script '/home/arjun/SMART-LAB-ITAP-WEBOTS/webots_ros2_mavic/install/setup.ps1'
[8.823s] INFO:colcon.colcon_core.shell:Creating prefix script '/home/arjun/SMART-LAB-ITAP-WEBOTS/webots_ros2_mavic/install/local_setup.sh'
[8.824s] INFO:colcon.colcon_core.shell:Creating prefix util module '/home/arjun/SMART-LAB-ITAP-WEBOTS/webots_ros2_mavic/install/_local_setup_util_sh.py'
[8.824s] INFO:colcon.colcon_core.shell:Creating prefix chain script '/home/arjun/SMART-LAB-ITAP-WEBOTS/webots_ros2_mavic/install/setup.sh'
[8.826s] INFO:colcon.colcon_core.shell:Creating prefix script '/home/arjun/SMART-LAB-ITAP-WEBOTS/webots_ros2_mavic/install/local_setup.bash'
[8.827s] INFO:colcon.colcon_core.shell:Creating prefix chain script '/home/arjun/SMART-LAB-ITAP-WEBOTS/webots_ros2_mavic/install/setup.bash'
[8.828s] INFO:colcon.colcon_core.shell:Creating prefix script '/home/arjun/SMART-LAB-ITAP-WEBOTS/webots_ros2_mavic/install/local_setup.zsh'
[8.829s] INFO:colcon.colcon_core.shell:Creating prefix chain script '/home/arjun/SMART-LAB-ITAP-WEBOTS/webots_ros2_mavic/install/setup.zsh'
