[0.764s] Invoking command in '/home/arjun/SMART-LAB-ITAP-WEBOTS/webots_ros2_mavic': PYTHONPATH=/home/arjun/SMART-LAB-ITAP-WEBOTS/build/webots_ros2_mavic/prefix_override:/home/arjun/SMART-LAB-ITAP-WEBOTS/install/webots_ros2_mavic/lib/python3.10/site-packages:${PYTHONPATH} /usr/bin/python3 setup.py egg_info --egg-base ../build/webots_ros2_mavic build --build-base /home/arjun/SMART-LAB-ITAP-WEBOTS/build/webots_ros2_mavic/build install --record /home/arjun/SMART-LAB-ITAP-WEBOTS/build/webots_ros2_mavic/install.log --single-version-externally-managed
[1.025s] running egg_info
[1.025s] writing ../build/webots_ros2_mavic/webots_ros2_mavic.egg-info/PKG-INFO
[1.025s] writing dependency_links to ../build/webots_ros2_mavic/webots_ros2_mavic.egg-info/dependency_links.txt
[1.026s] writing entry points to ../build/webots_ros2_mavic/webots_ros2_mavic.egg-info/entry_points.txt
[1.026s] writing requirements to ../build/webots_ros2_mavic/webots_ros2_mavic.egg-info/requires.txt
[1.026s] writing top-level names to ../build/webots_ros2_mavic/webots_ros2_mavic.egg-info/top_level.txt
[1.028s] reading manifest file '../build/webots_ros2_mavic/webots_ros2_mavic.egg-info/SOURCES.txt'
[1.029s] writing manifest file '../build/webots_ros2_mavic/webots_ros2_mavic.egg-info/SOURCES.txt'
[1.029s] running build
[1.029s] running build_py
[1.030s] copying webots_ros2_mavic/WebotsEnv.py -> /home/arjun/SMART-LAB-ITAP-WEBOTS/build/webots_ros2_mavic/build/lib/webots_ros2_mavic
[1.030s] copying webots_ros2_mavic/main.py -> /home/arjun/SMART-LAB-ITAP-WEBOTS/build/webots_ros2_mavic/build/lib/webots_ros2_mavic
[1.030s] copying webots_ros2_mavic/OperatorHub.py -> /home/arjun/SMART-LAB-ITAP-WEBOTS/build/webots_ros2_mavic/build/lib/webots_ros2_mavic
[1.030s] running install
[1.031s] running install_lib
[1.032s] copying /home/arjun/SMART-LAB-ITAP-WEBOTS/build/webots_ros2_mavic/build/lib/webots_ros2_mavic/WebotsEnv.py -> /home/arjun/SMART-LAB-ITAP-WEBOTS/install/webots_ros2_mavic/lib/python3.10/site-packages/webots_ros2_mavic
[1.032s] copying /home/arjun/SMART-LAB-ITAP-WEBOTS/build/webots_ros2_mavic/build/lib/webots_ros2_mavic/main.py -> /home/arjun/SMART-LAB-ITAP-WEBOTS/install/webots_ros2_mavic/lib/python3.10/site-packages/webots_ros2_mavic
[1.032s] copying /home/arjun/SMART-LAB-ITAP-WEBOTS/build/webots_ros2_mavic/build/lib/webots_ros2_mavic/OperatorHub.py -> /home/arjun/SMART-LAB-ITAP-WEBOTS/install/webots_ros2_mavic/lib/python3.10/site-packages/webots_ros2_mavic
[1.033s] byte-compiling /home/arjun/SMART-LAB-ITAP-WEBOTS/install/webots_ros2_mavic/lib/python3.10/site-packages/webots_ros2_mavic/WebotsEnv.py to WebotsEnv.cpython-310.pyc
[1.035s] byte-compiling /home/arjun/SMART-LAB-ITAP-WEBOTS/install/webots_ros2_mavic/lib/python3.10/site-packages/webots_ros2_mavic/main.py to main.cpython-310.pyc
[1.037s] byte-compiling /home/arjun/SMART-LAB-ITAP-WEBOTS/install/webots_ros2_mavic/lib/python3.10/site-packages/webots_ros2_mavic/OperatorHub.py to OperatorHub.cpython-310.pyc
[1.042s] running install_data
[1.042s] running install_egg_info
[1.044s] removing '/home/arjun/SMART-LAB-ITAP-WEBOTS/install/webots_ros2_mavic/lib/python3.10/site-packages/webots_ros2_mavic-2023.0.4-py3.10.egg-info' (and everything under it)
[1.044s] Copying ../build/webots_ros2_mavic/webots_ros2_mavic.egg-info to /home/arjun/SMART-LAB-ITAP-WEBOTS/install/webots_ros2_mavic/lib/python3.10/site-packages/webots_ros2_mavic-2023.0.4-py3.10.egg-info
[1.046s] running install_scripts
[1.072s] Installing OperatorHub script to /home/arjun/SMART-LAB-ITAP-WEBOTS/install/webots_ros2_mavic/lib/webots_ros2_mavic
[1.072s] writing list of installed files to '/home/arjun/SMART-LAB-ITAP-WEBOTS/build/webots_ros2_mavic/install.log'
[1.107s] Invoked command in '/home/arjun/SMART-LAB-ITAP-WEBOTS/webots_ros2_mavic' returned '0': PYTHONPATH=/home/arjun/SMART-LAB-ITAP-WEBOTS/build/webots_ros2_mavic/prefix_override:/home/arjun/SMART-LAB-ITAP-WEBOTS/install/webots_ros2_mavic/lib/python3.10/site-packages:${PYTHONPATH} /usr/bin/python3 setup.py egg_info --egg-base ../build/webots_ros2_mavic build --build-base /home/arjun/SMART-LAB-ITAP-WEBOTS/build/webots_ros2_mavic/build install --record /home/arjun/SMART-LAB-ITAP-WEBOTS/build/webots_ros2_mavic/install.log --single-version-externally-managed
