[1.122s] Invoking command in '/home/arjun/SMART-LAB-ITAP-WEBOTS/robot_interfaces': PYTHONPATH=/home/arjun/SMART-LAB-ITAP-WEBOTS/build/robot_interfaces/prefix_override:/home/arjun/SMART-LAB-ITAP-WEBOTS/install/robot_interfaces/lib/python3.10/site-packages:${PYTHONPATH} /usr/bin/python3 setup.py egg_info --egg-base ../build/robot_interfaces build --build-base /home/arjun/SMART-LAB-ITAP-WEBOTS/build/robot_interfaces/build install --record /home/arjun/SMART-LAB-ITAP-WEBOTS/build/robot_interfaces/install.log --single-version-externally-managed
[1.362s] running egg_info
[1.363s] writing ../build/robot_interfaces/robot_interfaces.egg-info/PKG-INFO
[1.363s] writing dependency_links to ../build/robot_interfaces/robot_interfaces.egg-info/dependency_links.txt
[1.363s] writing entry points to ../build/robot_interfaces/robot_interfaces.egg-info/entry_points.txt
[1.363s] writing requirements to ../build/robot_interfaces/robot_interfaces.egg-info/requires.txt
[1.364s] writing top-level names to ../build/robot_interfaces/robot_interfaces.egg-info/top_level.txt
[1.365s] reading manifest file '../build/robot_interfaces/robot_interfaces.egg-info/SOURCES.txt'
[1.366s] writing manifest file '../build/robot_interfaces/robot_interfaces.egg-info/SOURCES.txt'
[1.366s] running build
[1.366s] running build_py
[1.366s] copying robot_interfaces/__init__.py -> /home/arjun/SMART-LAB-ITAP-WEBOTS/build/robot_interfaces/build/lib/robot_interfaces
[1.366s] running install
[1.367s] running install_lib
[1.367s] copying /home/arjun/SMART-LAB-ITAP-WEBOTS/build/robot_interfaces/build/lib/robot_interfaces/__init__.py -> /home/arjun/SMART-LAB-ITAP-WEBOTS/install/robot_interfaces/lib/python3.10/site-packages/robot_interfaces
[1.368s] byte-compiling /home/arjun/SMART-LAB-ITAP-WEBOTS/install/robot_interfaces/lib/python3.10/site-packages/robot_interfaces/__init__.py to __init__.cpython-310.pyc
[1.368s] running install_data
[1.368s] running install_egg_info
[1.370s] removing '/home/arjun/SMART-LAB-ITAP-WEBOTS/install/robot_interfaces/lib/python3.10/site-packages/robot_interfaces-0.0.0-py3.10.egg-info' (and everything under it)
[1.370s] Copying ../build/robot_interfaces/robot_interfaces.egg-info to /home/arjun/SMART-LAB-ITAP-WEBOTS/install/robot_interfaces/lib/python3.10/site-packages/robot_interfaces-0.0.0-py3.10.egg-info
[1.371s] running install_scripts
[1.390s] writing list of installed files to '/home/arjun/SMART-LAB-ITAP-WEBOTS/build/robot_interfaces/install.log'
