/home/arjun/SMART-LAB-ITAP-WEBOTS/install/webots_ros2_mavic/lib/python3.10/site-packages/webots_ros2_mavic/mavic_autonomy.py
/home/arjun/SMART-LAB-ITAP-WEBOTS/install/webots_ros2_mavic/lib/python3.10/site-packages/webots_ros2_mavic/WebotsEnv.py
/home/arjun/SMART-LAB-ITAP-WEBOTS/install/webots_ros2_mavic/lib/python3.10/site-packages/webots_ros2_mavic/moose_autonomy.py
/home/arjun/SMART-LAB-ITAP-WEBOTS/install/webots_ros2_mavic/lib/python3.10/site-packages/webots_ros2_mavic/main.py
/home/arjun/SMART-LAB-ITAP-WEBOTS/install/webots_ros2_mavic/lib/python3.10/site-packages/webots_ros2_mavic/OperatorHub.py
/home/arjun/SMART-LAB-ITAP-WEBOTS/install/webots_ros2_mavic/lib/python3.10/site-packages/webots_ros2_mavic/mavic_driver.py
/home/arjun/SMART-LAB-ITAP-WEBOTS/install/webots_ros2_mavic/lib/python3.10/site-packages/webots_ros2_mavic/moose_driver.py
/home/arjun/SMART-LAB-ITAP-WEBOTS/install/webots_ros2_mavic/lib/python3.10/site-packages/webots_ros2_mavic/__init__.py
/home/arjun/SMART-LAB-ITAP-WEBOTS/install/webots_ros2_mavic/lib/python3.10/site-packages/webots_ros2_mavic/__pycache__/mavic_autonomy.cpython-310.pyc
/home/arjun/SMART-LAB-ITAP-WEBOTS/install/webots_ros2_mavic/lib/python3.10/site-packages/webots_ros2_mavic/__pycache__/WebotsEnv.cpython-310.pyc
/home/arjun/SMART-LAB-ITAP-WEBOTS/install/webots_ros2_mavic/lib/python3.10/site-packages/webots_ros2_mavic/__pycache__/moose_autonomy.cpython-310.pyc
/home/arjun/SMART-LAB-ITAP-WEBOTS/install/webots_ros2_mavic/lib/python3.10/site-packages/webots_ros2_mavic/__pycache__/main.cpython-310.pyc
/home/arjun/SMART-LAB-ITAP-WEBOTS/install/webots_ros2_mavic/lib/python3.10/site-packages/webots_ros2_mavic/__pycache__/OperatorHub.cpython-310.pyc
/home/arjun/SMART-LAB-ITAP-WEBOTS/install/webots_ros2_mavic/lib/python3.10/site-packages/webots_ros2_mavic/__pycache__/mavic_driver.cpython-310.pyc
/home/arjun/SMART-LAB-ITAP-WEBOTS/install/webots_ros2_mavic/lib/python3.10/site-packages/webots_ros2_mavic/__pycache__/moose_driver.cpython-310.pyc
/home/arjun/SMART-LAB-ITAP-WEBOTS/install/webots_ros2_mavic/lib/python3.10/site-packages/webots_ros2_mavic/__pycache__/__init__.cpython-310.pyc
/home/arjun/SMART-LAB-ITAP-WEBOTS/install/webots_ros2_mavic/share/ament_index/resource_index/packages/webots_ros2_mavic
/home/arjun/SMART-LAB-ITAP-WEBOTS/install/webots_ros2_mavic/share/webots_ros2_mavic/launch/robot_launch.py
/home/arjun/SMART-LAB-ITAP-WEBOTS/install/webots_ros2_mavic/share/webots_ros2_mavic/worlds/mavic_world.wbt
/home/arjun/SMART-LAB-ITAP-WEBOTS/install/webots_ros2_mavic/share/webots_ros2_mavic/worlds/.mavic_world.wbproj
/home/arjun/SMART-LAB-ITAP-WEBOTS/install/webots_ros2_mavic/share/webots_ros2_mavic/resource/mavic_webots.urdf
/home/arjun/SMART-LAB-ITAP-WEBOTS/install/webots_ros2_mavic/share/webots_ros2_mavic/resource/moose_webots.urdf
/home/arjun/SMART-LAB-ITAP-WEBOTS/install/webots_ros2_mavic/share/webots_ros2_mavic/package.xml
/home/arjun/SMART-LAB-ITAP-WEBOTS/install/webots_ros2_mavic/lib/python3.10/site-packages/webots_ros2_mavic-2023.0.4-py3.10.egg-info/entry_points.txt
/home/arjun/SMART-LAB-ITAP-WEBOTS/install/webots_ros2_mavic/lib/python3.10/site-packages/webots_ros2_mavic-2023.0.4-py3.10.egg-info/PKG-INFO
/home/arjun/SMART-LAB-ITAP-WEBOTS/install/webots_ros2_mavic/lib/python3.10/site-packages/webots_ros2_mavic-2023.0.4-py3.10.egg-info/dependency_links.txt
/home/arjun/SMART-LAB-ITAP-WEBOTS/install/webots_ros2_mavic/lib/python3.10/site-packages/webots_ros2_mavic-2023.0.4-py3.10.egg-info/SOURCES.txt
/home/arjun/SMART-LAB-ITAP-WEBOTS/install/webots_ros2_mavic/lib/python3.10/site-packages/webots_ros2_mavic-2023.0.4-py3.10.egg-info/requires.txt
/home/arjun/SMART-LAB-ITAP-WEBOTS/install/webots_ros2_mavic/lib/python3.10/site-packages/webots_ros2_mavic-2023.0.4-py3.10.egg-info/zip-safe
/home/arjun/SMART-LAB-ITAP-WEBOTS/install/webots_ros2_mavic/lib/python3.10/site-packages/webots_ros2_mavic-2023.0.4-py3.10.egg-info/top_level.txt
/home/arjun/SMART-LAB-ITAP-WEBOTS/install/webots_ros2_mavic/lib/webots_ros2_mavic/OperatorHub
