[0.035s] Invoking command in '/home/arjun/SMART-LAB-ITAP-WEBOTS/build/robot_interfaces': CMAKE_PREFIX_PATH=/home/arjun/SMART-LAB-ITAP-WEBOTS/install/robot_interfaces:/home/arjun/SMART-LAB-ITAP-WEBOTS/install/webots_ros2_turtlebot:/home/arjun/SMART-LAB-ITAP-WEBOTS/install/webots_ros2_multi_agent:/home/arjun/SMART-LAB-ITAP-WEBOTS/install/webots_ros2_mavic:/home/arjun/SMART-LAB-ITAP-WEBOTS/install/webots_ros2_epuck:/opt/ros/humble /usr/bin/cmake /home/arjun/SMART-LAB-ITAP-WEBOTS/robot_interfaces -DCMAKE_INSTALL_PREFIX=/home/arjun/SMART-LAB-ITAP-WEBOTS/install/robot_interfaces
[1.645s] -- The C compiler identification is GNU 11.3.0
[2.484s] -- The CXX compiler identification is GNU 11.3.0
[2.496s] -- Detecting C compiler ABI info
[2.796s] -- Detecting C compiler ABI info - done
[2.814s] -- Check for working C compiler: /usr/bin/cc - skipped
[2.815s] -- Detecting C compile features
[2.833s] -- Detecting C compile features - done
[2.844s] -- Detecting CXX compiler ABI info
[2.988s] -- Detecting CXX compiler ABI info - done
[2.998s] -- Check for working CXX compiler: /usr/bin/c++ - skipped
[2.998s] -- Detecting CXX compile features
[2.999s] -- Detecting CXX compile features - done
[3.063s] -- Found ament_cmake: 1.3.4 (/opt/ros/humble/share/ament_cmake/cmake)
[3.376s] -- Found Python3: /usr/bin/python3.10 (found version "3.10.6") found components: Interpreter 
[3.655s] -- Found ament_lint_auto: 0.12.6 (/opt/ros/humble/share/ament_lint_auto/cmake)
[3.989s] -- Found rosidl_default_generators: 1.2.0 (/opt/ros/humble/share/rosidl_default_generators/cmake)
[4.028s] -- Using all available rosidl_typesupport_c: rosidl_typesupport_fastrtps_c;rosidl_typesupport_introspection_c
[4.080s] -- Found rosidl_adapter: 3.1.4 (/opt/ros/humble/share/rosidl_adapter/cmake)
[4.485s] -- Using all available rosidl_typesupport_cpp: rosidl_typesupport_fastrtps_cpp;rosidl_typesupport_introspection_cpp
[4.776s] [31mCMake Error at /opt/ros/humble/share/rosidl_adapter/cmake/rosidl_adapt_interfaces.cmake:59 (message):
[4.776s]   execute_process(/usr/bin/python3.10 -m rosidl_adapter --package-name
[4.776s]   robot_interfaces --arguments-file
[4.776s]   /home/arjun/SMART-LAB-ITAP-WEBOTS/build/robot_interfaces/rosidl_adapter__arguments__robot_interfaces.json
[4.776s]   --output-dir
[4.776s]   /home/arjun/SMART-LAB-ITAP-WEBOTS/build/robot_interfaces/rosidl_adapter/robot_interfaces
[4.776s]   --output-file
[4.777s]   /home/arjun/SMART-LAB-ITAP-WEBOTS/build/robot_interfaces/rosidl_adapter/robot_interfaces.idls)
[4.777s]   returned error code 1:
[4.777s] 
[4.777s]   Error processing 'string robotName' of 'robot_interfaces/DiverseArray':
[4.777s]   ''robotName' is an invalid field name.  It should have the pattern
[4.777s]   '^(?!.*__)(?!.*_$)[a-z][a-z0-9_]*$''
[4.777s] 
[4.777s]   Traceback (most recent call last):
[4.777s] 
[4.777s]     File "/usr/lib/python3.10/runpy.py", line 196, in _run_module_as_main
[4.777s]       return _run_code(code, main_globals, None,
[4.777s]     File "/usr/lib/python3.10/runpy.py", line 86, in _run_code
[4.777s]       exec(code, run_globals)
[4.778s]     File "/opt/ros/humble/local/lib/python3.10/dist-packages/rosidl_adapter/__main__.py", line 19, in <module>
[4.778s]       sys.exit(main())
[4.778s]     File "/opt/ros/humble/local/lib/python3.10/dist-packages/rosidl_adapter/main.py", line 53, in main
[4.778s]       abs_idl_file = convert_to_idl(
[4.778s]     File "/opt/ros/humble/local/lib/python3.10/dist-packages/rosidl_adapter/__init__.py", line 19, in convert_to_idl
[4.778s]       return convert_msg_to_idl(
[4.778s]     File "/opt/ros/humble/local/lib/python3.10/dist-packages/rosidl_adapter/msg/__init__.py", line 28, in convert_msg_to_idl
[4.778s]       msg = parse_message_string(package_name, input_file.stem, content)
[4.778s]     File "/opt/ros/humble/local/lib/python3.10/dist-packages/rosidl_adapter/parser.py", line 519, in parse_message_string
[4.778s]       fields.append(Field(
[4.778s]     File "/opt/ros/humble/local/lib/python3.10/dist-packages/rosidl_adapter/parser.py", line 354, in __init__
[4.778s]       raise NameError(
[4.778s] 
[4.778s]   NameError: 'robotName' is an invalid field name.  It should have the
[4.779s]   pattern '^(?!.*__)(?!.*_$)[a-z][a-z0-9_]*$'
[4.779s] 
[4.779s] Call Stack (most recent call first):
[4.779s]   /opt/ros/humble/share/rosidl_cmake/cmake/rosidl_generate_interfaces.cmake:130 (rosidl_adapt_interfaces)
[4.779s]   CMakeLists.txt:27 (rosidl_generate_interfaces)
[4.779s] 
[4.779s] [0m
[4.779s] -- Configuring incomplete, errors occurred!
[4.779s] See also "/home/arjun/SMART-LAB-ITAP-WEBOTS/build/robot_interfaces/CMakeFiles/CMakeOutput.log".
[4.783s] Invoked command in '/home/arjun/SMART-LAB-ITAP-WEBOTS/build/robot_interfaces' returned '1': CMAKE_PREFIX_PATH=/home/arjun/SMART-LAB-ITAP-WEBOTS/install/robot_interfaces:/home/arjun/SMART-LAB-ITAP-WEBOTS/install/webots_ros2_turtlebot:/home/arjun/SMART-LAB-ITAP-WEBOTS/install/webots_ros2_multi_agent:/home/arjun/SMART-LAB-ITAP-WEBOTS/install/webots_ros2_mavic:/home/arjun/SMART-LAB-ITAP-WEBOTS/install/webots_ros2_epuck:/opt/ros/humble /usr/bin/cmake /home/arjun/SMART-LAB-ITAP-WEBOTS/robot_interfaces -DCMAKE_INSTALL_PREFIX=/home/arjun/SMART-LAB-ITAP-WEBOTS/install/robot_interfaces
