[1.396s] Invoking command in '/home/arjun/SMART-LAB-ITAP-WEBOTS/webots_ros2_mavic': AMENT_PREFIX_PATH=/home/arjun/SMART-LAB-ITAP-WEBOTS/install/robot_interfaces:${AMENT_PREFIX_PATH} CMAKE_PREFIX_PATH=/home/arjun/SMART-LAB-ITAP-WEBOTS/install/robot_interfaces LD_LIBRARY_PATH=/home/arjun/SMART-LAB-ITAP-WEBOTS/install/robot_interfaces/lib:${LD_LIBRARY_PATH} PYTHONPATH=/home/arjun/SMART-LAB-ITAP-WEBOTS/build/webots_ros2_mavic/prefix_override:/home/arjun/SMART-LAB-ITAP-WEBOTS/install/webots_ros2_mavic/lib/python3.10/site-packages:/home/arjun/SMART-LAB-ITAP-WEBOTS/install/robot_interfaces/local/lib/python3.10/dist-packages:${PYTHONPATH} /usr/bin/python3 setup.py egg_info --egg-base ../build/webots_ros2_mavic build --build-base /home/arjun/SMART-LAB-ITAP-WEBOTS/build/webots_ros2_mavic/build install --record /home/arjun/SMART-LAB-ITAP-WEBOTS/build/webots_ros2_mavic/install.log --single-version-externally-managed
[1.623s] running egg_info
[1.623s] writing ../build/webots_ros2_mavic/webots_ros2_mavic.egg-info/PKG-INFO
[1.624s] writing dependency_links to ../build/webots_ros2_mavic/webots_ros2_mavic.egg-info/dependency_links.txt
[1.624s] writing entry points to ../build/webots_ros2_mavic/webots_ros2_mavic.egg-info/entry_points.txt
[1.624s] writing requirements to ../build/webots_ros2_mavic/webots_ros2_mavic.egg-info/requires.txt
[1.624s] writing top-level names to ../build/webots_ros2_mavic/webots_ros2_mavic.egg-info/top_level.txt
[1.627s] reading manifest file '../build/webots_ros2_mavic/webots_ros2_mavic.egg-info/SOURCES.txt'
[1.659s] writing manifest file '../build/webots_ros2_mavic/webots_ros2_mavic.egg-info/SOURCES.txt'
[1.659s] running build
[1.659s] running build_py
[1.659s] copying webots_ros2_mavic/main.py -> /home/arjun/SMART-LAB-ITAP-WEBOTS/build/webots_ros2_mavic/build/lib/webots_ros2_mavic
[1.659s] running install
[1.659s] running install_lib
[1.660s] copying /home/arjun/SMART-LAB-ITAP-WEBOTS/build/webots_ros2_mavic/build/lib/webots_ros2_mavic/main.py -> /home/arjun/SMART-LAB-ITAP-WEBOTS/install/webots_ros2_mavic/lib/python3.10/site-packages/webots_ros2_mavic
[1.661s] byte-compiling /home/arjun/SMART-LAB-ITAP-WEBOTS/install/webots_ros2_mavic/lib/python3.10/site-packages/webots_ros2_mavic/main.py to main.cpython-310.pyc
[1.662s] running install_data
[1.663s] running install_egg_info
[1.664s] removing '/home/arjun/SMART-LAB-ITAP-WEBOTS/install/webots_ros2_mavic/lib/python3.10/site-packages/webots_ros2_mavic-2023.0.4-py3.10.egg-info' (and everything under it)
[1.664s] Copying ../build/webots_ros2_mavic/webots_ros2_mavic.egg-info to /home/arjun/SMART-LAB-ITAP-WEBOTS/install/webots_ros2_mavic/lib/python3.10/site-packages/webots_ros2_mavic-2023.0.4-py3.10.egg-info
[1.665s] running install_scripts
[1.682s] Installing OperatorHub script to /home/arjun/SMART-LAB-ITAP-WEBOTS/install/webots_ros2_mavic/lib/webots_ros2_mavic
[1.682s] writing list of installed files to '/home/arjun/SMART-LAB-ITAP-WEBOTS/build/webots_ros2_mavic/install.log'
[1.701s] Invoked command in '/home/arjun/SMART-LAB-ITAP-WEBOTS/webots_ros2_mavic' returned '0': AMENT_PREFIX_PATH=/home/arjun/SMART-LAB-ITAP-WEBOTS/install/robot_interfaces:${AMENT_PREFIX_PATH} CMAKE_PREFIX_PATH=/home/arjun/SMART-LAB-ITAP-WEBOTS/install/robot_interfaces LD_LIBRARY_PATH=/home/arjun/SMART-LAB-ITAP-WEBOTS/install/robot_interfaces/lib:${LD_LIBRARY_PATH} PYTHONPATH=/home/arjun/SMART-LAB-ITAP-WEBOTS/build/webots_ros2_mavic/prefix_override:/home/arjun/SMART-LAB-ITAP-WEBOTS/install/webots_ros2_mavic/lib/python3.10/site-packages:/home/arjun/SMART-LAB-ITAP-WEBOTS/install/robot_interfaces/local/lib/python3.10/dist-packages:${PYTHONPATH} /usr/bin/python3 setup.py egg_info --egg-base ../build/webots_ros2_mavic build --build-base /home/arjun/SMART-LAB-ITAP-WEBOTS/build/webots_ros2_mavic/build install --record /home/arjun/SMART-LAB-ITAP-WEBOTS/build/webots_ros2_mavic/install.log --single-version-externally-managed
