[0.601s] Invoking command in '/home/arjun/SMART-LAB-ITAP-WEBOTS/webots_ros2_mavic': PYTHONPATH=/home/arjun/SMART-LAB-ITAP-WEBOTS/build/webots_ros2_mavic/prefix_override:/home/arjun/SMART-LAB-ITAP-WEBOTS/install/webots_ros2_mavic/lib/python3.10/site-packages:${PYTHONPATH} /usr/bin/python3 setup.py egg_info --egg-base ../build/webots_ros2_mavic build --build-base /home/arjun/SMART-LAB-ITAP-WEBOTS/build/webots_ros2_mavic/build install --record /home/arjun/SMART-LAB-ITAP-WEBOTS/build/webots_ros2_mavic/install.log --single-version-externally-managed
[0.832s] running egg_info
[0.832s] writing ../build/webots_ros2_mavic/webots_ros2_mavic.egg-info/PKG-INFO
[0.832s] writing dependency_links to ../build/webots_ros2_mavic/webots_ros2_mavic.egg-info/dependency_links.txt
[0.832s] writing entry points to ../build/webots_ros2_mavic/webots_ros2_mavic.egg-info/entry_points.txt
[0.833s] writing requirements to ../build/webots_ros2_mavic/webots_ros2_mavic.egg-info/requires.txt
[0.833s] writing top-level names to ../build/webots_ros2_mavic/webots_ros2_mavic.egg-info/top_level.txt
[0.835s] reading manifest file '../build/webots_ros2_mavic/webots_ros2_mavic.egg-info/SOURCES.txt'
[0.835s] writing manifest file '../build/webots_ros2_mavic/webots_ros2_mavic.egg-info/SOURCES.txt'
[0.836s] running build
[0.836s] running build_py
[0.836s] running install
[0.836s] running install_lib
[0.837s] running install_data
[0.838s] running install_egg_info
[0.839s] removing '/home/arjun/SMART-LAB-ITAP-WEBOTS/install/webots_ros2_mavic/lib/python3.10/site-packages/webots_ros2_mavic-2023.0.4-py3.10.egg-info' (and everything under it)
[0.839s] Copying ../build/webots_ros2_mavic/webots_ros2_mavic.egg-info to /home/arjun/SMART-LAB-ITAP-WEBOTS/install/webots_ros2_mavic/lib/python3.10/site-packages/webots_ros2_mavic-2023.0.4-py3.10.egg-info
[0.840s] running install_scripts
[0.858s] Installing UAVManager script to /home/arjun/SMART-LAB-ITAP-WEBOTS/install/webots_ros2_mavic/lib/webots_ros2_mavic
[0.858s] Installing UGVManager script to /home/arjun/SMART-LAB-ITAP-WEBOTS/install/webots_ros2_mavic/lib/webots_ros2_mavic
[0.858s] writing list of installed files to '/home/arjun/SMART-LAB-ITAP-WEBOTS/build/webots_ros2_mavic/install.log'
[0.887s] Invoked command in '/home/arjun/SMART-LAB-ITAP-WEBOTS/webots_ros2_mavic' returned '0': PYTHONPATH=/home/arjun/SMART-LAB-ITAP-WEBOTS/build/webots_ros2_mavic/prefix_override:/home/arjun/SMART-LAB-ITAP-WEBOTS/install/webots_ros2_mavic/lib/python3.10/site-packages:${PYTHONPATH} /usr/bin/python3 setup.py egg_info --egg-base ../build/webots_ros2_mavic build --build-base /home/arjun/SMART-LAB-ITAP-WEBOTS/build/webots_ros2_mavic/build install --record /home/arjun/SMART-LAB-ITAP-WEBOTS/build/webots_ros2_mavic/install.log --single-version-externally-managed
