[0.625s] Invoking command in '/home/arjun/SMART-LAB-ITAP-WEBOTS/webots_ros2_mavic': PYTHONPATH=/home/arjun/SMART-LAB-ITAP-WEBOTS/build/webots_ros2_mavic/prefix_override:/home/arjun/SMART-LAB-ITAP-WEBOTS/install/webots_ros2_mavic/lib/python3.10/site-packages:${PYTHONPATH} /usr/bin/python3 setup.py egg_info --egg-base ../build/webots_ros2_mavic build --build-base /home/arjun/SMART-LAB-ITAP-WEBOTS/build/webots_ros2_mavic/build install --record /home/arjun/SMART-LAB-ITAP-WEBOTS/build/webots_ros2_mavic/install.log --single-version-externally-managed
[0.864s] running egg_info
[0.864s] writing ../build/webots_ros2_mavic/webots_ros2_mavic.egg-info/PKG-INFO
[0.865s] writing dependency_links to ../build/webots_ros2_mavic/webots_ros2_mavic.egg-info/dependency_links.txt
[0.865s] writing entry points to ../build/webots_ros2_mavic/webots_ros2_mavic.egg-info/entry_points.txt
[0.865s] writing requirements to ../build/webots_ros2_mavic/webots_ros2_mavic.egg-info/requires.txt
[0.865s] writing top-level names to ../build/webots_ros2_mavic/webots_ros2_mavic.egg-info/top_level.txt
[0.867s] reading manifest file '../build/webots_ros2_mavic/webots_ros2_mavic.egg-info/SOURCES.txt'
[0.867s] writing manifest file '../build/webots_ros2_mavic/webots_ros2_mavic.egg-info/SOURCES.txt'
[0.868s] running build
[0.868s] running build_py
[0.868s] running install
[0.868s] running install_lib
[0.870s] running install_data
[0.870s] running install_egg_info
[0.872s] removing '/home/arjun/SMART-LAB-ITAP-WEBOTS/install/webots_ros2_mavic/lib/python3.10/site-packages/webots_ros2_mavic-2023.0.4-py3.10.egg-info' (and everything under it)
[0.872s] Copying ../build/webots_ros2_mavic/webots_ros2_mavic.egg-info to /home/arjun/SMART-LAB-ITAP-WEBOTS/install/webots_ros2_mavic/lib/python3.10/site-packages/webots_ros2_mavic-2023.0.4-py3.10.egg-info
[0.873s] running install_scripts
[0.890s] Installing OperatorHub script to /home/arjun/SMART-LAB-ITAP-WEBOTS/install/webots_ros2_mavic/lib/webots_ros2_mavic
[0.891s] writing list of installed files to '/home/arjun/SMART-LAB-ITAP-WEBOTS/build/webots_ros2_mavic/install.log'
[0.912s] Invoked command in '/home/arjun/SMART-LAB-ITAP-WEBOTS/webots_ros2_mavic' returned '0': PYTHONPATH=/home/arjun/SMART-LAB-ITAP-WEBOTS/build/webots_ros2_mavic/prefix_override:/home/arjun/SMART-LAB-ITAP-WEBOTS/install/webots_ros2_mavic/lib/python3.10/site-packages:${PYTHONPATH} /usr/bin/python3 setup.py egg_info --egg-base ../build/webots_ros2_mavic build --build-base /home/arjun/SMART-LAB-ITAP-WEBOTS/build/webots_ros2_mavic/build install --record /home/arjun/SMART-LAB-ITAP-WEBOTS/build/webots_ros2_mavic/install.log --single-version-externally-managed
