[0.720s] Invoking command in '/home/arjun/SMART-LAB-ITAP-WEBOTS/webots_ros2_mavic': AMENT_PREFIX_PATH=/home/arjun/SMART-LAB-ITAP-WEBOTS/install/robot_interfaces:${AMENT_PREFIX_PATH} CMAKE_PREFIX_PATH=/home/arjun/SMART-LAB-ITAP-WEBOTS/install/robot_interfaces LD_LIBRARY_PATH=/home/arjun/SMART-LAB-ITAP-WEBOTS/install/robot_interfaces/lib:${LD_LIBRARY_PATH} PYTHONPATH=/home/arjun/SMART-LAB-ITAP-WEBOTS/build/webots_ros2_mavic/prefix_override:/home/arjun/SMART-LAB-ITAP-WEBOTS/install/webots_ros2_mavic/lib/python3.10/site-packages:/home/arjun/SMART-LAB-ITAP-WEBOTS/install/robot_interfaces/local/lib/python3.10/dist-packages:${PYTHONPATH} /usr/bin/python3 setup.py egg_info --egg-base ../build/webots_ros2_mavic build --build-base /home/arjun/SMART-LAB-ITAP-WEBOTS/build/webots_ros2_mavic/build install --record /home/arjun/SMART-LAB-ITAP-WEBOTS/build/webots_ros2_mavic/install.log --single-version-externally-managed
[0.950s] running egg_info
[0.950s] writing ../build/webots_ros2_mavic/webots_ros2_mavic.egg-info/PKG-INFO
[0.951s] writing dependency_links to ../build/webots_ros2_mavic/webots_ros2_mavic.egg-info/dependency_links.txt
[0.951s] writing entry points to ../build/webots_ros2_mavic/webots_ros2_mavic.egg-info/entry_points.txt
[0.951s] writing requirements to ../build/webots_ros2_mavic/webots_ros2_mavic.egg-info/requires.txt
[0.951s] writing top-level names to ../build/webots_ros2_mavic/webots_ros2_mavic.egg-info/top_level.txt
[0.953s] reading manifest file '../build/webots_ros2_mavic/webots_ros2_mavic.egg-info/SOURCES.txt'
[0.961s] writing manifest file '../build/webots_ros2_mavic/webots_ros2_mavic.egg-info/SOURCES.txt'
[0.961s] running build
[0.961s] running build_py
[0.961s] running install
[0.961s] running install_lib
[0.963s] running install_data
[0.963s] running install_egg_info
[0.965s] removing '/home/arjun/SMART-LAB-ITAP-WEBOTS/install/webots_ros2_mavic/lib/python3.10/site-packages/webots_ros2_mavic-2023.0.4-py3.10.egg-info' (and everything under it)
[0.965s] Copying ../build/webots_ros2_mavic/webots_ros2_mavic.egg-info to /home/arjun/SMART-LAB-ITAP-WEBOTS/install/webots_ros2_mavic/lib/python3.10/site-packages/webots_ros2_mavic-2023.0.4-py3.10.egg-info
[0.998s] running install_scripts
[1.017s] Installing OperatorHub script to /home/arjun/SMART-LAB-ITAP-WEBOTS/install/webots_ros2_mavic/lib/webots_ros2_mavic
[1.017s] writing list of installed files to '/home/arjun/SMART-LAB-ITAP-WEBOTS/build/webots_ros2_mavic/install.log'
[1.038s] Invoked command in '/home/arjun/SMART-LAB-ITAP-WEBOTS/webots_ros2_mavic' returned '0': AMENT_PREFIX_PATH=/home/arjun/SMART-LAB-ITAP-WEBOTS/install/robot_interfaces:${AMENT_PREFIX_PATH} CMAKE_PREFIX_PATH=/home/arjun/SMART-LAB-ITAP-WEBOTS/install/robot_interfaces LD_LIBRARY_PATH=/home/arjun/SMART-LAB-ITAP-WEBOTS/install/robot_interfaces/lib:${LD_LIBRARY_PATH} PYTHONPATH=/home/arjun/SMART-LAB-ITAP-WEBOTS/build/webots_ros2_mavic/prefix_override:/home/arjun/SMART-LAB-ITAP-WEBOTS/install/webots_ros2_mavic/lib/python3.10/site-packages:/home/arjun/SMART-LAB-ITAP-WEBOTS/install/robot_interfaces/local/lib/python3.10/dist-packages:${PYTHONPATH} /usr/bin/python3 setup.py egg_info --egg-base ../build/webots_ros2_mavic build --build-base /home/arjun/SMART-LAB-ITAP-WEBOTS/build/webots_ros2_mavic/build install --record /home/arjun/SMART-LAB-ITAP-WEBOTS/build/webots_ros2_mavic/install.log --single-version-externally-managed
