[0.311s] DEBUG:colcon:Command line arguments: ['/usr/bin/colcon', 'build', '--packages-select', 'webots_ros2_mavic']
[0.311s] DEBUG:colcon:Parsed command line arguments: Namespace(log_base=None, log_level=None, verb_name='build', build_base='build', install_base='install', merge_install=False, symlink_install=False, test_result_base=None, continue_on_error=False, executor='parallel', parallel_workers=12, event_handlers=None, ignore_user_meta=False, metas=['./colcon.meta'], base_paths=['.'], packages_ignore=None, packages_ignore_regex=None, paths=None, packages_up_to=None, packages_up_to_regex=None, packages_above=None, packages_above_and_dependencies=None, packages_above_depth=None, packages_select_by_dep=None, packages_skip_by_dep=None, packages_skip_up_to=None, packages_select_build_failed=False, packages_skip_build_finished=False, packages_select_test_failures=False, packages_skip_test_passed=False, packages_select=['webots_ros2_mavic'], packages_skip=None, packages_select_regex=None, packages_skip_regex=None, packages_start=None, packages_end=None, allow_overriding=[], cmake_args=None, cmake_target=None, cmake_target_skip_unavailable=False, cmake_clean_cache=False, cmake_clean_first=False, cmake_force_configure=False, ament_cmake_args=None, catkin_cmake_args=None, catkin_skip_building_tests=False, verb_parser=<colcon_defaults.argument_parser.defaults.DefaultArgumentsDecorator object at 0x7fbf828b3bb0>, verb_extension=<colcon_core.verb.build.BuildVerb object at 0x7fbf829d2860>, main=<bound method BuildVerb.main of <colcon_core.verb.build.BuildVerb object at 0x7fbf829d2860>>)
[4.787s] Level 1:colcon.colcon_core.package_discovery:discover_packages(colcon_meta) check parameters
[4.787s] Level 1:colcon.colcon_core.package_discovery:discover_packages(recursive) check parameters
[4.787s] Level 1:colcon.colcon_core.package_discovery:discover_packages(ignore) check parameters
[4.787s] Level 1:colcon.colcon_core.package_discovery:discover_packages(path) check parameters
[4.787s] Level 1:colcon.colcon_core.package_discovery:discover_packages(colcon_meta) discover
[4.787s] Level 1:colcon.colcon_core.package_discovery:discover_packages(recursive) discover
[4.787s] INFO:colcon.colcon_core.package_discovery:Crawling recursively for packages in '/home/arjun/SMART-LAB-ITAP-WEBOTS/webots_ros2_mavic'
[4.787s] Level 1:colcon.colcon_core.package_identification:_identify(.) by extensions ['ignore', 'ignore_ament_install']
[4.787s] Level 1:colcon.colcon_core.package_identification:_identify(.) by extension 'ignore'
[4.787s] Level 1:colcon.colcon_core.package_identification:_identify(.) by extension 'ignore_ament_install'
[4.787s] Level 1:colcon.colcon_core.package_identification:_identify(.) by extensions ['colcon_pkg']
[4.787s] Level 1:colcon.colcon_core.package_identification:_identify(.) by extension 'colcon_pkg'
[4.787s] Level 1:colcon.colcon_core.package_identification:_identify(.) by extensions ['colcon_meta']
[4.787s] Level 1:colcon.colcon_core.package_identification:_identify(.) by extension 'colcon_meta'
[4.788s] Level 1:colcon.colcon_core.package_identification:_identify(.) by extensions ['ros']
[4.788s] Level 1:colcon.colcon_core.package_identification:_identify(.) by extension 'ros'
[5.170s] DEBUG:colcon.colcon_core.package_identification:Package '.' with type 'ros.ament_python' and name 'webots_ros2_mavic'
[5.171s] Level 1:colcon.colcon_core.package_discovery:discover_packages(recursive) using defaults
[5.171s] Level 1:colcon.colcon_core.package_discovery:discover_packages(ignore) discover
[5.171s] Level 1:colcon.colcon_core.package_discovery:discover_packages(ignore) using defaults
[5.171s] Level 1:colcon.colcon_core.package_discovery:discover_packages(path) discover
[5.171s] Level 1:colcon.colcon_core.package_discovery:discover_packages(path) using defaults
[5.348s] Level 1:colcon.colcon_core.package_discovery:discover_packages(prefix_path) check parameters
[5.348s] Level 1:colcon.colcon_core.package_discovery:discover_packages(prefix_path) discover
[5.358s] DEBUG:colcon.colcon_installed_package_information.package_discovery:Found 320 installed packages in /opt/ros/humble
[5.359s] Level 1:colcon.colcon_core.package_discovery:discover_packages(prefix_path) using defaults
[5.484s] Level 5:colcon.colcon_core.verb:set package 'webots_ros2_mavic' build argument 'cmake_args' from command line to 'None'
[5.484s] Level 5:colcon.colcon_core.verb:set package 'webots_ros2_mavic' build argument 'cmake_target' from command line to 'None'
[5.484s] Level 5:colcon.colcon_core.verb:set package 'webots_ros2_mavic' build argument 'cmake_target_skip_unavailable' from command line to 'False'
[5.484s] Level 5:colcon.colcon_core.verb:set package 'webots_ros2_mavic' build argument 'cmake_clean_cache' from command line to 'False'
[5.484s] Level 5:colcon.colcon_core.verb:set package 'webots_ros2_mavic' build argument 'cmake_clean_first' from command line to 'False'
[5.484s] Level 5:colcon.colcon_core.verb:set package 'webots_ros2_mavic' build argument 'cmake_force_configure' from command line to 'False'
[5.485s] Level 5:colcon.colcon_core.verb:set package 'webots_ros2_mavic' build argument 'ament_cmake_args' from command line to 'None'
[5.485s] Level 5:colcon.colcon_core.verb:set package 'webots_ros2_mavic' build argument 'catkin_cmake_args' from command line to 'None'
[5.485s] Level 5:colcon.colcon_core.verb:set package 'webots_ros2_mavic' build argument 'catkin_skip_building_tests' from command line to 'False'
[5.485s] DEBUG:colcon.colcon_core.verb:Building package 'webots_ros2_mavic' with the following arguments: {'ament_cmake_args': None, 'build_base': '/home/arjun/SMART-LAB-ITAP-WEBOTS/webots_ros2_mavic/build/webots_ros2_mavic', 'catkin_cmake_args': None, 'catkin_skip_building_tests': False, 'cmake_args': None, 'cmake_clean_cache': False, 'cmake_clean_first': False, 'cmake_force_configure': False, 'cmake_target': None, 'cmake_target_skip_unavailable': False, 'install_base': '/home/arjun/SMART-LAB-ITAP-WEBOTS/webots_ros2_mavic/install/webots_ros2_mavic', 'merge_install': False, 'path': '/home/arjun/SMART-LAB-ITAP-WEBOTS/webots_ros2_mavic', 'symlink_install': False, 'test_result_base': None}
[5.485s] INFO:colcon.colcon_core.executor:Executing jobs using 'parallel' executor
[5.488s] DEBUG:colcon.colcon_parallel_executor.executor.parallel:run_until_complete
[5.488s] INFO:colcon.colcon_ros.task.ament_python.build:Building ROS package in '/home/arjun/SMART-LAB-ITAP-WEBOTS/webots_ros2_mavic' with build type 'ament_python'
[5.488s] Level 1:colcon.colcon_core.shell:create_environment_hook('webots_ros2_mavic', 'ament_prefix_path')
[5.889s] INFO:colcon.colcon_core.plugin_system:Skipping extension 'colcon_core.shell.bat': Not used on non-Windows systems
[5.890s] INFO:colcon.colcon_core.shell:Creating environment hook '/home/arjun/SMART-LAB-ITAP-WEBOTS/webots_ros2_mavic/install/webots_ros2_mavic/share/webots_ros2_mavic/hook/ament_prefix_path.ps1'
[5.981s] INFO:colcon.colcon_core.shell:Creating environment descriptor '/home/arjun/SMART-LAB-ITAP-WEBOTS/webots_ros2_mavic/install/webots_ros2_mavic/share/webots_ros2_mavic/hook/ament_prefix_path.dsv'
[6.084s] INFO:colcon.colcon_core.shell:Creating environment hook '/home/arjun/SMART-LAB-ITAP-WEBOTS/webots_ros2_mavic/install/webots_ros2_mavic/share/webots_ros2_mavic/hook/ament_prefix_path.sh'
[6.090s] INFO:colcon.colcon_core.shell:Skip shell extension 'powershell' for command environment: Not usable outside of PowerShell
[6.090s] DEBUG:colcon.colcon_core.shell:Skip shell extension 'dsv' for command environment
[7.022s] INFO:colcon.colcon_core.task.python.build:Building Python package in '/home/arjun/SMART-LAB-ITAP-WEBOTS/webots_ros2_mavic'
[7.023s] INFO:colcon.colcon_core.shell:Skip shell extension 'powershell' for command environment: Not usable outside of PowerShell
[7.023s] DEBUG:colcon.colcon_core.shell:Skip shell extension 'dsv' for command environment
[19.526s] DEBUG:colcon.colcon_core.event_handler.log_command:Invoking command in '/home/arjun/SMART-LAB-ITAP-WEBOTS/webots_ros2_mavic': PYTHONPATH=/home/arjun/SMART-LAB-ITAP-WEBOTS/webots_ros2_mavic/build/webots_ros2_mavic/prefix_override:/home/arjun/SMART-LAB-ITAP-WEBOTS/webots_ros2_mavic/install/webots_ros2_mavic/lib/python3.10/site-packages:${PYTHONPATH} /usr/bin/python3 setup.py egg_info --egg-base build/webots_ros2_mavic build --build-base /home/arjun/SMART-LAB-ITAP-WEBOTS/webots_ros2_mavic/build/webots_ros2_mavic/build install --record /home/arjun/SMART-LAB-ITAP-WEBOTS/webots_ros2_mavic/build/webots_ros2_mavic/install.log --single-version-externally-managed
[20.341s] DEBUG:colcon.colcon_core.event_handler.log_command:Invoked command in '/home/arjun/SMART-LAB-ITAP-WEBOTS/webots_ros2_mavic' returned '0': PYTHONPATH=/home/arjun/SMART-LAB-ITAP-WEBOTS/webots_ros2_mavic/build/webots_ros2_mavic/prefix_override:/home/arjun/SMART-LAB-ITAP-WEBOTS/webots_ros2_mavic/install/webots_ros2_mavic/lib/python3.10/site-packages:${PYTHONPATH} /usr/bin/python3 setup.py egg_info --egg-base build/webots_ros2_mavic build --build-base /home/arjun/SMART-LAB-ITAP-WEBOTS/webots_ros2_mavic/build/webots_ros2_mavic/build install --record /home/arjun/SMART-LAB-ITAP-WEBOTS/webots_ros2_mavic/build/webots_ros2_mavic/install.log --single-version-externally-managed
[21.082s] Level 1:colcon.colcon_core.environment:checking '/home/arjun/SMART-LAB-ITAP-WEBOTS/webots_ros2_mavic/install/webots_ros2_mavic' for CMake module files
[21.084s] Level 1:colcon.colcon_core.environment:checking '/home/arjun/SMART-LAB-ITAP-WEBOTS/webots_ros2_mavic/install/webots_ros2_mavic' for CMake config files
[21.087s] Level 1:colcon.colcon_core.environment:checking '/home/arjun/SMART-LAB-ITAP-WEBOTS/webots_ros2_mavic/install/webots_ros2_mavic/lib'
[21.087s] Level 1:colcon.colcon_core.environment:checking '/home/arjun/SMART-LAB-ITAP-WEBOTS/webots_ros2_mavic/install/webots_ros2_mavic/bin'
[21.087s] Level 1:colcon.colcon_core.environment:checking '/home/arjun/SMART-LAB-ITAP-WEBOTS/webots_ros2_mavic/install/webots_ros2_mavic/lib/pkgconfig/webots_ros2_mavic.pc'
[21.087s] Level 1:colcon.colcon_core.environment:checking '/home/arjun/SMART-LAB-ITAP-WEBOTS/webots_ros2_mavic/install/webots_ros2_mavic/lib/python3.10/site-packages'
[21.087s] Level 1:colcon.colcon_core.shell:create_environment_hook('webots_ros2_mavic', 'pythonpath')
[21.089s] INFO:colcon.colcon_core.shell:Creating environment hook '/home/arjun/SMART-LAB-ITAP-WEBOTS/webots_ros2_mavic/install/webots_ros2_mavic/share/webots_ros2_mavic/hook/pythonpath.ps1'
[21.090s] INFO:colcon.colcon_core.shell:Creating environment descriptor '/home/arjun/SMART-LAB-ITAP-WEBOTS/webots_ros2_mavic/install/webots_ros2_mavic/share/webots_ros2_mavic/hook/pythonpath.dsv'
[21.090s] INFO:colcon.colcon_core.shell:Creating environment hook '/home/arjun/SMART-LAB-ITAP-WEBOTS/webots_ros2_mavic/install/webots_ros2_mavic/share/webots_ros2_mavic/hook/pythonpath.sh'
[21.091s] Level 1:colcon.colcon_core.environment:checking '/home/arjun/SMART-LAB-ITAP-WEBOTS/webots_ros2_mavic/install/webots_ros2_mavic/bin'
[21.091s] Level 1:colcon.colcon_core.environment:create_environment_scripts_only(webots_ros2_mavic)
[21.093s] INFO:colcon.colcon_core.shell:Creating package script '/home/arjun/SMART-LAB-ITAP-WEBOTS/webots_ros2_mavic/install/webots_ros2_mavic/share/webots_ros2_mavic/package.ps1'
[21.143s] INFO:colcon.colcon_core.shell:Creating package descriptor '/home/arjun/SMART-LAB-ITAP-WEBOTS/webots_ros2_mavic/install/webots_ros2_mavic/share/webots_ros2_mavic/package.dsv'
[21.223s] INFO:colcon.colcon_core.shell:Creating package script '/home/arjun/SMART-LAB-ITAP-WEBOTS/webots_ros2_mavic/install/webots_ros2_mavic/share/webots_ros2_mavic/package.sh'
[21.270s] INFO:colcon.colcon_core.shell:Creating package script '/home/arjun/SMART-LAB-ITAP-WEBOTS/webots_ros2_mavic/install/webots_ros2_mavic/share/webots_ros2_mavic/package.bash'
[21.359s] INFO:colcon.colcon_core.shell:Creating package script '/home/arjun/SMART-LAB-ITAP-WEBOTS/webots_ros2_mavic/install/webots_ros2_mavic/share/webots_ros2_mavic/package.zsh'
[21.405s] Level 1:colcon.colcon_core.environment:create_file_with_runtime_dependencies(/home/arjun/SMART-LAB-ITAP-WEBOTS/webots_ros2_mavic/install/webots_ros2_mavic/share/colcon-core/packages/webots_ros2_mavic)
[21.406s] DEBUG:colcon.colcon_parallel_executor.executor.parallel:closing loop
[21.406s] DEBUG:colcon.colcon_parallel_executor.executor.parallel:loop closed
[21.406s] DEBUG:colcon.colcon_parallel_executor.executor.parallel:run_until_complete finished with '0'
[21.406s] DEBUG:colcon.colcon_core.event_reactor:joining thread
[21.439s] INFO:colcon.colcon_core.plugin_system:Skipping extension 'colcon_notification.desktop_notification.terminal_notifier': Not used on non-Darwin systems
[21.439s] INFO:colcon.colcon_core.plugin_system:Skipping extension 'colcon_notification.desktop_notification.win32': Not used on non-Windows systems
[21.440s] INFO:colcon.colcon_notification.desktop_notification:Sending desktop notification using 'notify2'
[21.454s] DEBUG:colcon.colcon_core.event_reactor:joined thread
[21.456s] INFO:colcon.colcon_core.shell:Creating prefix script '/home/arjun/SMART-LAB-ITAP-WEBOTS/webots_ros2_mavic/install/local_setup.ps1'
[21.465s] INFO:colcon.colcon_core.shell:Creating prefix util module '/home/arjun/SMART-LAB-ITAP-WEBOTS/webots_ros2_mavic/install/_local_setup_util_ps1.py'
[21.560s] INFO:colcon.colcon_core.shell:Creating prefix chain script '/home/arjun/SMART-LAB-ITAP-WEBOTS/webots_ros2_mavic/install/setup.ps1'
[21.622s] INFO:colcon.colcon_core.shell:Creating prefix script '/home/arjun/SMART-LAB-ITAP-WEBOTS/webots_ros2_mavic/install/local_setup.sh'
[21.652s] INFO:colcon.colcon_core.shell:Creating prefix util module '/home/arjun/SMART-LAB-ITAP-WEBOTS/webots_ros2_mavic/install/_local_setup_util_sh.py'
[21.653s] INFO:colcon.colcon_core.shell:Creating prefix chain script '/home/arjun/SMART-LAB-ITAP-WEBOTS/webots_ros2_mavic/install/setup.sh'
[21.655s] INFO:colcon.colcon_core.shell:Creating prefix script '/home/arjun/SMART-LAB-ITAP-WEBOTS/webots_ros2_mavic/install/local_setup.bash'
[21.682s] INFO:colcon.colcon_core.shell:Creating prefix chain script '/home/arjun/SMART-LAB-ITAP-WEBOTS/webots_ros2_mavic/install/setup.bash'
[21.711s] INFO:colcon.colcon_core.shell:Creating prefix script '/home/arjun/SMART-LAB-ITAP-WEBOTS/webots_ros2_mavic/install/local_setup.zsh'
[21.741s] INFO:colcon.colcon_core.shell:Creating prefix chain script '/home/arjun/SMART-LAB-ITAP-WEBOTS/webots_ros2_mavic/install/setup.zsh'
