[1.424s] Invoking command in '/home/arjun/SMART-LAB-ITAP-WEBOTS/webots_ros2_epuck': PYTHONPATH=/home/arjun/SMART-LAB-ITAP-WEBOTS/build/webots_ros2_epuck/prefix_override:/home/arjun/SMART-LAB-ITAP-WEBOTS/install/webots_ros2_epuck/lib/python3.10/site-packages:${PYTHONPATH} /usr/bin/python3 setup.py egg_info --egg-base ../build/webots_ros2_epuck build --build-base /home/arjun/SMART-LAB-ITAP-WEBOTS/build/webots_ros2_epuck/build install --record /home/arjun/SMART-LAB-ITAP-WEBOTS/build/webots_ros2_epuck/install.log --single-version-externally-managed
[1.660s] running egg_info
[1.661s] writing ../build/webots_ros2_epuck/webots_ros2_epuck.egg-info/PKG-INFO
[1.661s] writing dependency_links to ../build/webots_ros2_epuck/webots_ros2_epuck.egg-info/dependency_links.txt
[1.661s] writing entry points to ../build/webots_ros2_epuck/webots_ros2_epuck.egg-info/entry_points.txt
[1.661s] writing requirements to ../build/webots_ros2_epuck/webots_ros2_epuck.egg-info/requires.txt
[1.662s] writing top-level names to ../build/webots_ros2_epuck/webots_ros2_epuck.egg-info/top_level.txt
[1.663s] reading manifest file '../build/webots_ros2_epuck/webots_ros2_epuck.egg-info/SOURCES.txt'
[1.665s] writing manifest file '../build/webots_ros2_epuck/webots_ros2_epuck.egg-info/SOURCES.txt'
[1.665s] running build
[1.665s] running build_py
[1.666s] running install
[1.666s] running install_lib
[1.667s] running install_data
[1.668s] running install_egg_info
[1.670s] removing '/home/arjun/SMART-LAB-ITAP-WEBOTS/install/webots_ros2_epuck/lib/python3.10/site-packages/webots_ros2_epuck-2023.0.4-py3.10.egg-info' (and everything under it)
[1.678s] Copying ../build/webots_ros2_epuck/webots_ros2_epuck.egg-info to /home/arjun/SMART-LAB-ITAP-WEBOTS/install/webots_ros2_epuck/lib/python3.10/site-packages/webots_ros2_epuck-2023.0.4-py3.10.egg-info
[1.707s] running install_scripts
[1.725s] Installing drive_calibrator script to /home/arjun/SMART-LAB-ITAP-WEBOTS/install/webots_ros2_epuck/lib/webots_ros2_epuck
[1.725s] Installing epuck_node script to /home/arjun/SMART-LAB-ITAP-WEBOTS/install/webots_ros2_epuck/lib/webots_ros2_epuck
[1.726s] Installing simple_mapper script to /home/arjun/SMART-LAB-ITAP-WEBOTS/install/webots_ros2_epuck/lib/webots_ros2_epuck
[1.726s] writing list of installed files to '/home/arjun/SMART-LAB-ITAP-WEBOTS/build/webots_ros2_epuck/install.log'
[1.972s] Invoked command in '/home/arjun/SMART-LAB-ITAP-WEBOTS/webots_ros2_epuck' returned '0': PYTHONPATH=/home/arjun/SMART-LAB-ITAP-WEBOTS/build/webots_ros2_epuck/prefix_override:/home/arjun/SMART-LAB-ITAP-WEBOTS/install/webots_ros2_epuck/lib/python3.10/site-packages:${PYTHONPATH} /usr/bin/python3 setup.py egg_info --egg-base ../build/webots_ros2_epuck build --build-base /home/arjun/SMART-LAB-ITAP-WEBOTS/build/webots_ros2_epuck/build install --record /home/arjun/SMART-LAB-ITAP-WEBOTS/build/webots_ros2_epuck/install.log --single-version-externally-managed
